2017/07/31 12:30:20 [Info] access.go:30 user=%s password=%s host=%s port=%d dbname=%s sslmode=disable
2017/07/31 12:30:20 [Info] access.go:34 user=postgres password=123456 host=localhost port=5432 dbname=postgres sslmode=disable
2017/07/31 12:30:22 [Info] access.go:61 *goflow.Process c919b929-a8f6-4a16-aa9e-5333ab7e3b1e inserted
2017/07/31 12:30:22 [Info] access.go:61 *goflow.Order 38b2f35a-223b-45c5-81fc-881dae5ba8af inserted
2017/07/31 12:30:22 [Info] access.go:61 *goflow.HistoryOrder 38b2f35a-223b-45c5-81fc-881dae5ba8af inserted
2017/07/31 12:30:22 [Info] access.go:61 *goflow.Task a6181c29-9352-4461-b85d-03bae0cd5f36 inserted
2017/07/31 12:30:22 [Info] access.go:61 *goflow.TaskActor cc934814-80e1-4468-ba9b-dce0475b154a inserted
2017/07/31 12:30:22 [Info] access.go:61 *goflow.Task c2623244-6f9e-45c3-87f7-96534938317b inserted
2017/07/31 12:30:22 [Info] access.go:61 *goflow.TaskActor cc324387-3faa-4adf-a38e-2c968725d5e2 inserted
2017/07/31 12:31:31 [Info] access.go:61 *goflow.Task da7071fe-257e-4c63-81ca-43c8a6bf52a4 inserted
2017/07/31 12:31:31 [Info] access.go:61 *goflow.TaskActor 13346b4c-be15-4970-90a4-a327021fa349 inserted
2017/07/31 12:31:31 [Info] access.go:61 *goflow.Task bdea702d-4e44-4a2e-a19a-6822de5c3de9 inserted
2017/07/31 12:31:31 [Info] access.go:61 *goflow.TaskActor dbc4a946-f7c8-4809-aa61-6dc70fac1f36 inserted
2017/07/31 13:19:30 [Info] access.go:61 *goflow.Task 51719d09-8b46-4639-a151-67ed70a1e6b1 inserted
2017/07/31 13:19:30 [Info] access.go:61 *goflow.TaskActor c473dacf-b3ac-42b6-a414-151f7cf1a50c inserted
2017/07/31 13:19:30 [Info] access.go:61 *goflow.Task 336f9e98-50eb-4939-b487-b3803a32d19c inserted
2017/07/31 13:19:30 [Info] access.go:61 *goflow.TaskActor de9525da-860b-4894-9a1e-1c016d4174a6 inserted
2017/07/31 13:19:30 [Info] access.go:61 *goflow.Task 71d98efd-7338-41da-a522-4765fc7fe2fa inserted
2017/07/31 13:19:30 [Info] access.go:61 *goflow.TaskActor 4cc3c27c-6c6b-448d-88d2-724cc7fbfb55 inserted
2017/07/31 13:19:30 [Info] access.go:61 *goflow.Task d0790a5d-8f31-474d-927e-b88511fbcd67 inserted
2017/07/31 13:19:30 [Info] access.go:61 *goflow.TaskActor 6cad7dd7-1163-4c37-8ae4-9c45eecebcc8 inserted
2017/07/31 13:19:33 [Info] access.go:61 *goflow.Task 2cfe74b6-77de-4a39-a928-b04176d15401 inserted
2017/07/31 13:19:33 [Info] access.go:61 *goflow.TaskActor 21ce0fdd-b097-4e43-bcfc-b9229f93ff3a inserted
2017/07/31 13:19:33 [Info] access.go:61 *goflow.Task 3a5c3941-db76-4493-ade0-74704a28b6ec inserted
2017/07/31 13:19:33 [Info] access.go:61 *goflow.TaskActor 16014d4b-4b0f-42ce-872a-8ec488fd0ca5 inserted
2017/07/31 13:19:33 [Info] access.go:61 *goflow.Task a86bdab5-26ab-4cff-9d8d-938bb8886ce3 inserted
2017/07/31 13:19:33 [Info] access.go:61 *goflow.TaskActor 9805f8cc-e6ee-429c-93bf-0c581f4fcb02 inserted
2017/07/31 13:19:33 [Info] access.go:61 *goflow.Task 9e5a2724-a592-4aac-8689-909e3c254a12 inserted
2017/07/31 13:19:33 [Info] access.go:61 *goflow.TaskActor f95fa29b-a098-416e-897d-5e81a4241279 inserted
2017/07/31 13:19:33 [Info] access.go:61 *goflow.Task 1ab6c60f-40f4-4a5d-9d7d-b0828a8575e4 inserted
2017/07/31 13:19:33 [Info] access.go:61 *goflow.TaskActor 3b98c5e2-14ce-4be7-bd72-c82aa0ec46da inserted
2017/07/31 13:19:33 [Info] access.go:61 *goflow.Task a3ce0f28-f052-4093-880e-a5121f820385 inserted
2017/07/31 13:19:33 [Info] access.go:61 *goflow.TaskActor ece3f315-0a8f-4570-9a92-96e58825f8c7 inserted
2017/07/31 13:19:33 [Info] access.go:61 *goflow.Task 4e75ccd7-ff0d-41fb-be63-9acb499131ef inserted
2017/07/31 13:19:33 [Info] access.go:61 *goflow.TaskActor a8cbb390-a6fe-4eb4-b1b4-060217a20a02 inserted
2017/07/31 13:19:33 [Info] access.go:61 *goflow.Task 0628e209-6434-48ec-abca-82c271e5b6a2 inserted
2017/07/31 13:19:33 [Info] access.go:61 *goflow.TaskActor 0a4b03ba-d39c-4b71-a9e8-cb06ea4aac45 inserted
2017/07/31 13:19:37 [Info] access.go:61 *goflow.Task 02416a1e-71e0-4358-a449-a7259c25adca inserted
2017/07/31 13:19:37 [Info] access.go:61 *goflow.TaskActor 11d1f9ea-d979-4b10-bbb7-95234808f244 inserted
2017/07/31 13:19:37 [Info] access.go:61 *goflow.Task 82e3c830-ab00-4fb4-a0cd-8e29f80514a1 inserted
2017/07/31 13:19:37 [Info] access.go:61 *goflow.TaskActor 9517015b-200d-49f1-91cf-c0c4aea8e713 inserted
2017/07/31 13:19:37 [Info] access.go:61 *goflow.Task 2eb0a199-b3b9-47d9-a98c-9661b945cfad inserted
2017/07/31 13:19:37 [Info] access.go:61 *goflow.TaskActor 9bd6ec06-45e4-4eb0-a33a-e0f60cc978a7 inserted
2017/07/31 13:19:37 [Info] access.go:61 *goflow.Task bc6f47ea-a6e9-4a44-8442-b50157c2cc7f inserted
2017/07/31 13:19:37 [Info] access.go:61 *goflow.TaskActor e230971a-da9e-40d8-bc5f-0ee1fddb03d2 inserted
2017/07/31 13:19:37 [Info] access.go:61 *goflow.Task b5919a8b-112d-4b52-a28a-8ce2faac7f59 inserted
2017/07/31 13:19:37 [Info] access.go:61 *goflow.TaskActor cb24798a-d0ba-4587-9ab1-d646d5f02128 inserted
2017/07/31 13:19:37 [Info] access.go:61 *goflow.Task 0f926359-ed1a-4646-afdb-0624c5da1598 inserted
2017/07/31 13:19:37 [Info] access.go:61 *goflow.TaskActor 1872f770-b678-4869-bd5a-6ea33d6e1092 inserted
2017/07/31 13:19:37 [Info] access.go:61 *goflow.Task 7b6f6382-3f90-4306-b843-512219ff04ea inserted
2017/07/31 13:19:37 [Info] access.go:61 *goflow.TaskActor 554d4089-3dd4-4b56-a709-505218a935b1 inserted
2017/07/31 13:19:37 [Info] access.go:61 *goflow.Task 13df0a43-6dda-4c88-9caa-052253b22711 inserted
2017/07/31 13:19:37 [Info] access.go:61 *goflow.TaskActor 9f88a6fc-0e9d-45c8-958a-7f743b494099 inserted
2017/07/31 13:19:37 [Info] access.go:61 *goflow.Task 5ce219f3-db00-4ebe-8084-a1def2022c81 inserted
2017/07/31 13:19:37 [Info] access.go:61 *goflow.TaskActor 4e822cae-d858-44fc-bd8a-21d00baf8979 inserted
2017/07/31 13:19:37 [Info] access.go:61 *goflow.Task c49d15b9-b624-4f90-a630-ec3088bd9cff inserted
2017/07/31 13:19:37 [Info] access.go:61 *goflow.TaskActor 2ec1b077-138c-4870-a2f0-eee79c3cad3b inserted
2017/07/31 13:19:37 [Info] access.go:61 *goflow.Task 5eac19f2-c89d-4c5e-a532-b26909fa74a1 inserted
2017/07/31 13:19:37 [Info] access.go:61 *goflow.TaskActor 48466d16-5b36-4d6b-8f2e-312615525f60 inserted
2017/07/31 13:19:37 [Info] access.go:61 *goflow.Task 963999dc-8bb6-4ede-a3b1-12885a943e3a inserted
2017/07/31 13:19:37 [Info] access.go:61 *goflow.TaskActor 2fb65917-89f9-41d9-9ef2-514255a7206b inserted
2017/07/31 13:19:37 [Info] access.go:61 *goflow.Task 73b6fe30-103a-487d-a3ad-0f68f4cd878a inserted
2017/07/31 13:19:37 [Info] access.go:61 *goflow.TaskActor 31773f41-bd27-4c13-93e4-c3f25526a2a6 inserted
2017/07/31 13:19:37 [Info] access.go:61 *goflow.Task 7e9d260b-4905-49e0-bd8b-3f0475f2786b inserted
2017/07/31 13:19:37 [Info] access.go:61 *goflow.TaskActor e6063b94-4601-43bc-8851-50c806dff64c inserted
2017/07/31 13:19:37 [Info] access.go:61 *goflow.Task 6236b5f8-8f12-46f0-bbd1-36ac1e2f2087 inserted
2017/07/31 13:19:37 [Info] access.go:61 *goflow.TaskActor 60b7f914-7e40-4fb3-b3ac-a92c8b2bb90c inserted
2017/07/31 13:19:37 [Info] access.go:61 *goflow.HistoryTask a6181c29-9352-4461-b85d-03bae0cd5f36 inserted
2017/07/31 13:19:37 [Info] access.go:79 *goflow.Task a6181c29-9352-4461-b85d-03bae0cd5f36 deleted
2017/07/31 13:19:37 [Info] access.go:61 *goflow.HistoryTaskActor cc934814-80e1-4468-ba9b-dce0475b154a inserted
2017/07/31 13:19:37 [Info] access.go:79 *goflow.TaskActor cc934814-80e1-4468-ba9b-dce0475b154a deleted
2017/07/31 13:19:37 [Info] access.go:61 *goflow.HistoryTask c2623244-6f9e-45c3-87f7-96534938317b inserted
2017/07/31 13:19:37 [Info] access.go:79 *goflow.Task c2623244-6f9e-45c3-87f7-96534938317b deleted
2017/07/31 13:19:37 [Info] access.go:61 *goflow.HistoryTaskActor cc324387-3faa-4adf-a38e-2c968725d5e2 inserted
2017/07/31 13:19:37 [Info] access.go:79 *goflow.TaskActor cc324387-3faa-4adf-a38e-2c968725d5e2 deleted
2017/07/31 13:19:37 [Info] access.go:61 *goflow.HistoryTask da7071fe-257e-4c63-81ca-43c8a6bf52a4 inserted
2017/07/31 13:19:37 [Info] access.go:79 *goflow.Task da7071fe-257e-4c63-81ca-43c8a6bf52a4 deleted
2017/07/31 13:19:37 [Info] access.go:61 *goflow.HistoryTaskActor 13346b4c-be15-4970-90a4-a327021fa349 inserted
2017/07/31 13:19:37 [Info] access.go:79 *goflow.TaskActor 13346b4c-be15-4970-90a4-a327021fa349 deleted
2017/07/31 13:19:37 [Info] access.go:61 *goflow.HistoryTask bdea702d-4e44-4a2e-a19a-6822de5c3de9 inserted
2017/07/31 13:19:37 [Info] access.go:79 *goflow.Task bdea702d-4e44-4a2e-a19a-6822de5c3de9 deleted
2017/07/31 13:19:37 [Info] access.go:61 *goflow.HistoryTaskActor dbc4a946-f7c8-4809-aa61-6dc70fac1f36 inserted
2017/07/31 13:19:37 [Info] access.go:79 *goflow.TaskActor dbc4a946-f7c8-4809-aa61-6dc70fac1f36 deleted
2017/07/31 13:19:37 [Info] access.go:61 *goflow.HistoryTask 51719d09-8b46-4639-a151-67ed70a1e6b1 inserted
2017/07/31 13:19:37 [Info] access.go:79 *goflow.Task 51719d09-8b46-4639-a151-67ed70a1e6b1 deleted
2017/07/31 13:19:37 [Info] access.go:61 *goflow.HistoryTaskActor c473dacf-b3ac-42b6-a414-151f7cf1a50c inserted
2017/07/31 13:19:37 [Info] access.go:79 *goflow.TaskActor c473dacf-b3ac-42b6-a414-151f7cf1a50c deleted
2017/07/31 13:19:37 [Info] access.go:61 *goflow.HistoryTask 336f9e98-50eb-4939-b487-b3803a32d19c inserted
2017/07/31 13:19:37 [Info] access.go:79 *goflow.Task 336f9e98-50eb-4939-b487-b3803a32d19c deleted
2017/07/31 13:19:37 [Info] access.go:61 *goflow.HistoryTaskActor de9525da-860b-4894-9a1e-1c016d4174a6 inserted
2017/07/31 13:19:37 [Info] access.go:79 *goflow.TaskActor de9525da-860b-4894-9a1e-1c016d4174a6 deleted
2017/07/31 13:19:37 [Info] access.go:61 *goflow.HistoryTask 71d98efd-7338-41da-a522-4765fc7fe2fa inserted
2017/07/31 13:19:37 [Info] access.go:79 *goflow.Task 71d98efd-7338-41da-a522-4765fc7fe2fa deleted
2017/07/31 13:19:37 [Info] access.go:61 *goflow.HistoryTaskActor 4cc3c27c-6c6b-448d-88d2-724cc7fbfb55 inserted
2017/07/31 13:19:37 [Info] access.go:79 *goflow.TaskActor 4cc3c27c-6c6b-448d-88d2-724cc7fbfb55 deleted
2017/07/31 13:19:37 [Info] access.go:61 *goflow.HistoryTask d0790a5d-8f31-474d-927e-b88511fbcd67 inserted
2017/07/31 13:19:37 [Info] access.go:79 *goflow.Task d0790a5d-8f31-474d-927e-b88511fbcd67 deleted
2017/07/31 13:19:37 [Info] access.go:61 *goflow.HistoryTaskActor 6cad7dd7-1163-4c37-8ae4-9c45eecebcc8 inserted
2017/07/31 13:19:37 [Info] access.go:79 *goflow.TaskActor 6cad7dd7-1163-4c37-8ae4-9c45eecebcc8 deleted
2017/07/31 13:19:37 [Info] access.go:61 *goflow.HistoryTask 2cfe74b6-77de-4a39-a928-b04176d15401 inserted
2017/07/31 13:19:37 [Info] access.go:79 *goflow.Task 2cfe74b6-77de-4a39-a928-b04176d15401 deleted
2017/07/31 13:19:37 [Info] access.go:61 *goflow.HistoryTaskActor 21ce0fdd-b097-4e43-bcfc-b9229f93ff3a inserted
2017/07/31 13:19:37 [Info] access.go:79 *goflow.TaskActor 21ce0fdd-b097-4e43-bcfc-b9229f93ff3a deleted
2017/07/31 13:19:37 [Info] access.go:61 *goflow.HistoryTask 3a5c3941-db76-4493-ade0-74704a28b6ec inserted
2017/07/31 13:19:37 [Info] access.go:79 *goflow.Task 3a5c3941-db76-4493-ade0-74704a28b6ec deleted
2017/07/31 13:19:37 [Info] access.go:61 *goflow.HistoryTaskActor 16014d4b-4b0f-42ce-872a-8ec488fd0ca5 inserted
2017/07/31 13:19:37 [Info] access.go:79 *goflow.TaskActor 16014d4b-4b0f-42ce-872a-8ec488fd0ca5 deleted
2017/07/31 13:19:37 [Info] access.go:61 *goflow.HistoryTask a86bdab5-26ab-4cff-9d8d-938bb8886ce3 inserted
2017/07/31 13:19:37 [Info] access.go:79 *goflow.Task a86bdab5-26ab-4cff-9d8d-938bb8886ce3 deleted
2017/07/31 13:19:37 [Info] access.go:61 *goflow.HistoryTaskActor 9805f8cc-e6ee-429c-93bf-0c581f4fcb02 inserted
2017/07/31 13:19:37 [Info] access.go:79 *goflow.TaskActor 9805f8cc-e6ee-429c-93bf-0c581f4fcb02 deleted
2017/07/31 13:19:37 [Info] access.go:61 *goflow.HistoryTask 9e5a2724-a592-4aac-8689-909e3c254a12 inserted
2017/07/31 13:19:37 [Info] access.go:79 *goflow.Task 9e5a2724-a592-4aac-8689-909e3c254a12 deleted
2017/07/31 13:19:37 [Info] access.go:61 *goflow.HistoryTaskActor f95fa29b-a098-416e-897d-5e81a4241279 inserted
2017/07/31 13:19:37 [Info] access.go:79 *goflow.TaskActor f95fa29b-a098-416e-897d-5e81a4241279 deleted
2017/07/31 13:19:37 [Info] access.go:61 *goflow.HistoryTask 1ab6c60f-40f4-4a5d-9d7d-b0828a8575e4 inserted
2017/07/31 13:19:37 [Info] access.go:79 *goflow.Task 1ab6c60f-40f4-4a5d-9d7d-b0828a8575e4 deleted
2017/07/31 13:19:37 [Info] access.go:61 *goflow.HistoryTaskActor 3b98c5e2-14ce-4be7-bd72-c82aa0ec46da inserted
2017/07/31 13:19:37 [Info] access.go:79 *goflow.TaskActor 3b98c5e2-14ce-4be7-bd72-c82aa0ec46da deleted
2017/07/31 13:19:37 [Info] access.go:61 *goflow.HistoryTask a3ce0f28-f052-4093-880e-a5121f820385 inserted
2017/07/31 13:19:37 [Info] access.go:79 *goflow.Task a3ce0f28-f052-4093-880e-a5121f820385 deleted
2017/07/31 13:19:37 [Info] access.go:61 *goflow.HistoryTaskActor ece3f315-0a8f-4570-9a92-96e58825f8c7 inserted
2017/07/31 13:19:37 [Info] access.go:79 *goflow.TaskActor ece3f315-0a8f-4570-9a92-96e58825f8c7 deleted
2017/07/31 13:19:37 [Info] access.go:61 *goflow.HistoryTask 4e75ccd7-ff0d-41fb-be63-9acb499131ef inserted
2017/07/31 13:19:37 [Info] access.go:79 *goflow.Task 4e75ccd7-ff0d-41fb-be63-9acb499131ef deleted
2017/07/31 13:19:37 [Info] access.go:61 *goflow.HistoryTaskActor a8cbb390-a6fe-4eb4-b1b4-060217a20a02 inserted
2017/07/31 13:19:37 [Info] access.go:79 *goflow.TaskActor a8cbb390-a6fe-4eb4-b1b4-060217a20a02 deleted
2017/07/31 13:19:37 [Info] access.go:61 *goflow.HistoryTask 0628e209-6434-48ec-abca-82c271e5b6a2 inserted
2017/07/31 13:19:37 [Info] access.go:79 *goflow.Task 0628e209-6434-48ec-abca-82c271e5b6a2 deleted
2017/07/31 13:19:37 [Info] access.go:61 *goflow.HistoryTaskActor 0a4b03ba-d39c-4b71-a9e8-cb06ea4aac45 inserted
2017/07/31 13:19:37 [Info] access.go:79 *goflow.TaskActor 0a4b03ba-d39c-4b71-a9e8-cb06ea4aac45 deleted
2017/07/31 13:19:37 [Info] access.go:61 *goflow.HistoryTask 02416a1e-71e0-4358-a449-a7259c25adca inserted
2017/07/31 13:19:37 [Info] access.go:79 *goflow.Task 02416a1e-71e0-4358-a449-a7259c25adca deleted
2017/07/31 13:19:37 [Info] access.go:61 *goflow.HistoryTaskActor 11d1f9ea-d979-4b10-bbb7-95234808f244 inserted
2017/07/31 13:19:37 [Info] access.go:79 *goflow.TaskActor 11d1f9ea-d979-4b10-bbb7-95234808f244 deleted
2017/07/31 13:19:37 [Info] access.go:61 *goflow.HistoryTask 82e3c830-ab00-4fb4-a0cd-8e29f80514a1 inserted
2017/07/31 13:19:37 [Info] access.go:79 *goflow.Task 82e3c830-ab00-4fb4-a0cd-8e29f80514a1 deleted
2017/07/31 13:19:37 [Info] access.go:61 *goflow.HistoryTaskActor 9517015b-200d-49f1-91cf-c0c4aea8e713 inserted
2017/07/31 13:19:37 [Info] access.go:79 *goflow.TaskActor 9517015b-200d-49f1-91cf-c0c4aea8e713 deleted
2017/07/31 13:19:37 [Info] access.go:61 *goflow.HistoryTask 2eb0a199-b3b9-47d9-a98c-9661b945cfad inserted
2017/07/31 13:19:37 [Info] access.go:79 *goflow.Task 2eb0a199-b3b9-47d9-a98c-9661b945cfad deleted
2017/07/31 13:19:37 [Info] access.go:61 *goflow.HistoryTaskActor 9bd6ec06-45e4-4eb0-a33a-e0f60cc978a7 inserted
2017/07/31 13:19:37 [Info] access.go:79 *goflow.TaskActor 9bd6ec06-45e4-4eb0-a33a-e0f60cc978a7 deleted
2017/07/31 13:19:37 [Info] access.go:61 *goflow.HistoryTask bc6f47ea-a6e9-4a44-8442-b50157c2cc7f inserted
2017/07/31 13:19:37 [Info] access.go:79 *goflow.Task bc6f47ea-a6e9-4a44-8442-b50157c2cc7f deleted
2017/07/31 13:19:37 [Info] access.go:61 *goflow.HistoryTaskActor e230971a-da9e-40d8-bc5f-0ee1fddb03d2 inserted
2017/07/31 13:19:37 [Info] access.go:79 *goflow.TaskActor e230971a-da9e-40d8-bc5f-0ee1fddb03d2 deleted
2017/07/31 13:19:37 [Info] access.go:61 *goflow.HistoryTask b5919a8b-112d-4b52-a28a-8ce2faac7f59 inserted
2017/07/31 13:19:37 [Info] access.go:79 *goflow.Task b5919a8b-112d-4b52-a28a-8ce2faac7f59 deleted
2017/07/31 13:19:37 [Info] access.go:61 *goflow.HistoryTaskActor cb24798a-d0ba-4587-9ab1-d646d5f02128 inserted
2017/07/31 13:19:37 [Info] access.go:79 *goflow.TaskActor cb24798a-d0ba-4587-9ab1-d646d5f02128 deleted
2017/07/31 13:19:37 [Info] access.go:61 *goflow.HistoryTask 0f926359-ed1a-4646-afdb-0624c5da1598 inserted
2017/07/31 13:19:37 [Info] access.go:79 *goflow.Task 0f926359-ed1a-4646-afdb-0624c5da1598 deleted
2017/07/31 13:19:37 [Info] access.go:61 *goflow.HistoryTaskActor 1872f770-b678-4869-bd5a-6ea33d6e1092 inserted
2017/07/31 13:19:37 [Info] access.go:79 *goflow.TaskActor 1872f770-b678-4869-bd5a-6ea33d6e1092 deleted
2017/07/31 13:19:37 [Info] access.go:61 *goflow.HistoryTask 7b6f6382-3f90-4306-b843-512219ff04ea inserted
2017/07/31 13:19:37 [Info] access.go:79 *goflow.Task 7b6f6382-3f90-4306-b843-512219ff04ea deleted
2017/07/31 13:19:37 [Info] access.go:61 *goflow.HistoryTaskActor 554d4089-3dd4-4b56-a709-505218a935b1 inserted
2017/07/31 13:19:37 [Info] access.go:79 *goflow.TaskActor 554d4089-3dd4-4b56-a709-505218a935b1 deleted
2017/07/31 13:19:37 [Info] access.go:61 *goflow.HistoryTask 13df0a43-6dda-4c88-9caa-052253b22711 inserted
2017/07/31 13:19:37 [Info] access.go:79 *goflow.Task 13df0a43-6dda-4c88-9caa-052253b22711 deleted
2017/07/31 13:19:37 [Info] access.go:61 *goflow.HistoryTaskActor 9f88a6fc-0e9d-45c8-958a-7f743b494099 inserted
2017/07/31 13:19:37 [Info] access.go:79 *goflow.TaskActor 9f88a6fc-0e9d-45c8-958a-7f743b494099 deleted
2017/07/31 13:19:37 [Info] access.go:61 *goflow.HistoryTask 5ce219f3-db00-4ebe-8084-a1def2022c81 inserted
2017/07/31 13:19:37 [Info] access.go:79 *goflow.Task 5ce219f3-db00-4ebe-8084-a1def2022c81 deleted
2017/07/31 13:19:37 [Info] access.go:61 *goflow.HistoryTaskActor 4e822cae-d858-44fc-bd8a-21d00baf8979 inserted
2017/07/31 13:19:37 [Info] access.go:79 *goflow.TaskActor 4e822cae-d858-44fc-bd8a-21d00baf8979 deleted
2017/07/31 13:19:37 [Info] access.go:61 *goflow.HistoryTask c49d15b9-b624-4f90-a630-ec3088bd9cff inserted
2017/07/31 13:19:37 [Info] access.go:79 *goflow.Task c49d15b9-b624-4f90-a630-ec3088bd9cff deleted
2017/07/31 13:19:37 [Info] access.go:61 *goflow.HistoryTaskActor 2ec1b077-138c-4870-a2f0-eee79c3cad3b inserted
2017/07/31 13:19:37 [Info] access.go:79 *goflow.TaskActor 2ec1b077-138c-4870-a2f0-eee79c3cad3b deleted
2017/07/31 13:19:37 [Info] access.go:61 *goflow.HistoryTask 5eac19f2-c89d-4c5e-a532-b26909fa74a1 inserted
2017/07/31 13:19:37 [Info] access.go:79 *goflow.Task 5eac19f2-c89d-4c5e-a532-b26909fa74a1 deleted
2017/07/31 13:19:37 [Info] access.go:61 *goflow.HistoryTaskActor 48466d16-5b36-4d6b-8f2e-312615525f60 inserted
2017/07/31 13:19:37 [Info] access.go:79 *goflow.TaskActor 48466d16-5b36-4d6b-8f2e-312615525f60 deleted
2017/07/31 13:19:37 [Info] access.go:61 *goflow.HistoryTask 963999dc-8bb6-4ede-a3b1-12885a943e3a inserted
2017/07/31 13:19:37 [Info] access.go:79 *goflow.Task 963999dc-8bb6-4ede-a3b1-12885a943e3a deleted
2017/07/31 13:19:37 [Info] access.go:61 *goflow.HistoryTaskActor 2fb65917-89f9-41d9-9ef2-514255a7206b inserted
2017/07/31 13:19:37 [Info] access.go:79 *goflow.TaskActor 2fb65917-89f9-41d9-9ef2-514255a7206b deleted
2017/07/31 13:19:37 [Info] access.go:61 *goflow.HistoryTask 73b6fe30-103a-487d-a3ad-0f68f4cd878a inserted
2017/07/31 13:19:37 [Info] access.go:79 *goflow.Task 73b6fe30-103a-487d-a3ad-0f68f4cd878a deleted
2017/07/31 13:19:37 [Info] access.go:61 *goflow.HistoryTaskActor 31773f41-bd27-4c13-93e4-c3f25526a2a6 inserted
2017/07/31 13:19:37 [Info] access.go:79 *goflow.TaskActor 31773f41-bd27-4c13-93e4-c3f25526a2a6 deleted
2017/07/31 13:19:37 [Info] access.go:61 *goflow.HistoryTask 7e9d260b-4905-49e0-bd8b-3f0475f2786b inserted
2017/07/31 13:19:37 [Info] access.go:79 *goflow.Task 7e9d260b-4905-49e0-bd8b-3f0475f2786b deleted
2017/07/31 13:19:37 [Info] access.go:61 *goflow.HistoryTaskActor e6063b94-4601-43bc-8851-50c806dff64c inserted
2017/07/31 13:19:37 [Info] access.go:79 *goflow.TaskActor e6063b94-4601-43bc-8851-50c806dff64c deleted
2017/07/31 13:19:37 [Info] access.go:61 *goflow.HistoryTask 6236b5f8-8f12-46f0-bbd1-36ac1e2f2087 inserted
2017/07/31 13:19:37 [Info] access.go:79 *goflow.Task 6236b5f8-8f12-46f0-bbd1-36ac1e2f2087 deleted
2017/07/31 13:19:37 [Info] access.go:61 *goflow.HistoryTaskActor 60b7f914-7e40-4fb3-b3ac-a92c8b2bb90c inserted
2017/07/31 13:19:37 [Info] access.go:79 *goflow.TaskActor 60b7f914-7e40-4fb3-b3ac-a92c8b2bb90c deleted
2017/07/31 13:19:37 [Info] access.go:70 *goflow.HistoryOrder 38b2f35a-223b-45c5-81fc-881dae5ba8af updated
2017/07/31 13:19:37 [Info] access.go:79 *goflow.Order 38b2f35a-223b-45c5-81fc-881dae5ba8af deleted
