2017/07/29 13:14:26 [Info] access.go:30 user=%s password=%s host=%s port=%d dbname=%s sslmode=disable
2017/07/29 13:14:26 [Info] access.go:34 user=postgres password=123456 host=localhost port=5432 dbname=postgres sslmode=disable
2017/07/29 13:14:27 [Info] access.go:61 *goflow.Process 546202cd-5dd1-4fbd-ae0d-b6b3af2cb725 inserted
2017/07/29 13:14:27 [Info] access.go:61 *goflow.Order aaa056eb-16e7-480b-9502-8a8d611f812e inserted
2017/07/29 13:14:27 [Info] access.go:61 *goflow.HistoryOrder aaa056eb-16e7-480b-9502-8a8d611f812e inserted
2017/07/29 13:14:27 [Info] access.go:61 *goflow.Task 4b5bc30e-4cfa-4067-8ad3-550ffc951f9c inserted
2017/07/29 13:14:27 [Info] access.go:61 *goflow.TaskActor d44d98e9-dca7-4c49-ba91-a9fd2b4da8a2 inserted
2017/07/29 13:14:27 [Info] access.go:61 *goflow.Task e9eafefd-2d10-4e39-9e03-2fd6bfe81fdd inserted
2017/07/29 13:14:27 [Info] access.go:61 *goflow.TaskActor ef854241-ae66-4672-b7f4-a598af376f17 inserted
2017/07/29 13:14:27 [Info] access.go:61 *goflow.Task 01a070f0-55f1-4b25-88a3-176a7a5e93a6 inserted
2017/07/29 13:14:27 [Info] access.go:61 *goflow.TaskActor 8c45c66d-651f-4162-8d4d-4752b5cc8747 inserted
2017/07/29 13:14:27 [Info] access.go:61 *goflow.Task a5f6527b-1949-482c-9ab7-bd72dfac48e9 inserted
2017/07/29 13:14:27 [Info] access.go:61 *goflow.TaskActor 49d1b014-3905-4f1f-8afc-a8e6e56360b6 inserted
2017/07/29 13:14:27 [Info] access.go:61 *goflow.Task 0ade89ff-ce9a-4633-93b0-a17380fc4ebb inserted
2017/07/29 13:14:27 [Info] access.go:61 *goflow.TaskActor 0f8eca9c-5f28-4044-8902-fb21a87c21fb inserted
2017/07/29 13:14:27 [Info] access.go:61 *goflow.Task 5f76f0dd-357e-4307-bf6e-69ce2caa76d9 inserted
2017/07/29 13:14:27 [Info] access.go:61 *goflow.TaskActor 69a56454-8142-4513-8af2-e6e023f3ba2f inserted
2017/07/29 13:14:27 [Info] access.go:61 *goflow.Task a4389197-31cb-4824-966d-2e5c0d8b2609 inserted
2017/07/29 13:14:27 [Info] access.go:61 *goflow.TaskActor fc91e27a-6b55-4c11-aa88-e743b8742788 inserted
2017/07/29 13:14:27 [Info] access.go:61 *goflow.HistoryTask 4b5bc30e-4cfa-4067-8ad3-550ffc951f9c inserted
2017/07/29 13:14:27 [Info] access.go:79 *goflow.Task 4b5bc30e-4cfa-4067-8ad3-550ffc951f9c deleted
2017/07/29 13:14:27 [Info] access.go:61 *goflow.HistoryTaskActor d44d98e9-dca7-4c49-ba91-a9fd2b4da8a2 inserted
2017/07/29 13:14:27 [Info] access.go:79 *goflow.TaskActor d44d98e9-dca7-4c49-ba91-a9fd2b4da8a2 deleted
2017/07/29 13:14:27 [Info] access.go:61 *goflow.HistoryTask e9eafefd-2d10-4e39-9e03-2fd6bfe81fdd inserted
2017/07/29 13:14:27 [Info] access.go:79 *goflow.Task e9eafefd-2d10-4e39-9e03-2fd6bfe81fdd deleted
2017/07/29 13:14:27 [Info] access.go:61 *goflow.HistoryTaskActor ef854241-ae66-4672-b7f4-a598af376f17 inserted
2017/07/29 13:14:27 [Info] access.go:79 *goflow.TaskActor ef854241-ae66-4672-b7f4-a598af376f17 deleted
2017/07/29 13:14:27 [Info] access.go:61 *goflow.HistoryTask 01a070f0-55f1-4b25-88a3-176a7a5e93a6 inserted
2017/07/29 13:14:27 [Info] access.go:79 *goflow.Task 01a070f0-55f1-4b25-88a3-176a7a5e93a6 deleted
2017/07/29 13:14:27 [Info] access.go:61 *goflow.HistoryTaskActor 8c45c66d-651f-4162-8d4d-4752b5cc8747 inserted
2017/07/29 13:14:27 [Info] access.go:79 *goflow.TaskActor 8c45c66d-651f-4162-8d4d-4752b5cc8747 deleted
2017/07/29 13:14:27 [Info] access.go:61 *goflow.HistoryTask a5f6527b-1949-482c-9ab7-bd72dfac48e9 inserted
2017/07/29 13:14:27 [Info] access.go:79 *goflow.Task a5f6527b-1949-482c-9ab7-bd72dfac48e9 deleted
2017/07/29 13:14:27 [Info] access.go:61 *goflow.HistoryTaskActor 49d1b014-3905-4f1f-8afc-a8e6e56360b6 inserted
2017/07/29 13:14:27 [Info] access.go:79 *goflow.TaskActor 49d1b014-3905-4f1f-8afc-a8e6e56360b6 deleted
2017/07/29 13:14:27 [Info] access.go:61 *goflow.HistoryTask 0ade89ff-ce9a-4633-93b0-a17380fc4ebb inserted
2017/07/29 13:14:27 [Info] access.go:79 *goflow.Task 0ade89ff-ce9a-4633-93b0-a17380fc4ebb deleted
2017/07/29 13:14:27 [Info] access.go:61 *goflow.HistoryTaskActor 0f8eca9c-5f28-4044-8902-fb21a87c21fb inserted
2017/07/29 13:14:27 [Info] access.go:79 *goflow.TaskActor 0f8eca9c-5f28-4044-8902-fb21a87c21fb deleted
2017/07/29 13:14:27 [Info] access.go:61 *goflow.HistoryTask 5f76f0dd-357e-4307-bf6e-69ce2caa76d9 inserted
2017/07/29 13:14:27 [Info] access.go:79 *goflow.Task 5f76f0dd-357e-4307-bf6e-69ce2caa76d9 deleted
2017/07/29 13:14:27 [Info] access.go:61 *goflow.HistoryTaskActor 69a56454-8142-4513-8af2-e6e023f3ba2f inserted
2017/07/29 13:14:27 [Info] access.go:79 *goflow.TaskActor 69a56454-8142-4513-8af2-e6e023f3ba2f deleted
2017/07/29 13:14:27 [Info] access.go:61 *goflow.HistoryTask a4389197-31cb-4824-966d-2e5c0d8b2609 inserted
2017/07/29 13:14:27 [Info] access.go:79 *goflow.Task a4389197-31cb-4824-966d-2e5c0d8b2609 deleted
2017/07/29 13:14:27 [Info] access.go:61 *goflow.HistoryTaskActor fc91e27a-6b55-4c11-aa88-e743b8742788 inserted
2017/07/29 13:14:27 [Info] access.go:79 *goflow.TaskActor fc91e27a-6b55-4c11-aa88-e743b8742788 deleted
2017/07/29 13:14:27 [Info] access.go:70 *goflow.HistoryOrder aaa056eb-16e7-480b-9502-8a8d611f812e updated
2017/07/29 13:14:27 [Info] access.go:79 *goflow.Order aaa056eb-16e7-480b-9502-8a8d611f812e deleted
2017/07/29 13:28:40 [Info] access.go:30 user=%s password=%s host=%s port=%d dbname=%s sslmode=disable
2017/07/29 13:28:40 [Info] access.go:34 user=postgres password=123456 host=localhost port=5432 dbname=postgres sslmode=disable
2017/07/29 13:28:40 [Info] access.go:61 *goflow.Process 4b362e62-b1bd-452d-832d-f9c15c89b619 inserted
2017/07/29 13:28:40 [Info] access.go:61 *goflow.Order ab45082c-86db-4704-b3b9-6ef5305beacb inserted
2017/07/29 13:28:40 [Info] access.go:61 *goflow.HistoryOrder ab45082c-86db-4704-b3b9-6ef5305beacb inserted
2017/07/29 13:28:40 [Info] access.go:61 *goflow.Task 3f08f640-bd4a-4f36-9b59-c3ff3cbf61ce inserted
2017/07/29 13:28:40 [Info] access.go:61 *goflow.TaskActor fe4513c2-9103-4ac7-9404-112c01e62c51 inserted
2017/07/29 13:28:40 [Info] access.go:61 *goflow.Task 777e3445-a646-4a72-ab7c-34123d4e97c7 inserted
2017/07/29 13:28:40 [Info] access.go:61 *goflow.TaskActor 30a7464f-d0cf-4dc3-84e1-41005716edc3 inserted
2017/07/29 13:28:40 [Info] access.go:61 *goflow.Task e7dfa1c1-f1f5-4988-9d61-78ea48a1cdb6 inserted
2017/07/29 13:28:40 [Info] access.go:61 *goflow.TaskActor 46d0532d-9efd-4792-ba26-8d86660a34ad inserted
2017/07/29 13:28:40 [Info] access.go:61 *goflow.Task 36899f0e-8aa3-4190-a7cd-a72c9bce72be inserted
2017/07/29 13:28:40 [Info] access.go:61 *goflow.TaskActor 9edae9ef-fe8d-4707-9134-5fcda7ee8d9f inserted
2017/07/29 13:28:40 [Info] access.go:61 *goflow.Task 0117d54d-ce04-4ae0-9cb1-0cbfdb59ea40 inserted
2017/07/29 13:28:40 [Info] access.go:61 *goflow.TaskActor dfef0441-d6b7-432b-9ec1-1d2d1b1ef1f1 inserted
2017/07/29 13:28:40 [Info] access.go:61 *goflow.Task 646fcb09-319a-45bb-aa3d-3258116953d1 inserted
2017/07/29 13:28:40 [Info] access.go:61 *goflow.TaskActor 8a53dc41-c7c2-4165-9e8e-3144acab37d4 inserted
2017/07/29 13:28:40 [Info] access.go:61 *goflow.Task 55c895e9-fad8-4123-b831-0c531afa7948 inserted
2017/07/29 13:28:40 [Info] access.go:61 *goflow.TaskActor dd569db1-a323-443f-937e-0c1f72160d3c inserted
2017/07/29 13:28:40 [Info] access.go:61 *goflow.HistoryTask 3f08f640-bd4a-4f36-9b59-c3ff3cbf61ce inserted
2017/07/29 13:28:40 [Info] access.go:79 *goflow.Task 3f08f640-bd4a-4f36-9b59-c3ff3cbf61ce deleted
2017/07/29 13:28:40 [Info] access.go:61 *goflow.HistoryTaskActor fe4513c2-9103-4ac7-9404-112c01e62c51 inserted
2017/07/29 13:28:40 [Info] access.go:79 *goflow.TaskActor fe4513c2-9103-4ac7-9404-112c01e62c51 deleted
2017/07/29 13:28:40 [Info] access.go:61 *goflow.HistoryTask 777e3445-a646-4a72-ab7c-34123d4e97c7 inserted
2017/07/29 13:28:40 [Info] access.go:79 *goflow.Task 777e3445-a646-4a72-ab7c-34123d4e97c7 deleted
2017/07/29 13:28:40 [Info] access.go:61 *goflow.HistoryTaskActor 30a7464f-d0cf-4dc3-84e1-41005716edc3 inserted
2017/07/29 13:28:40 [Info] access.go:79 *goflow.TaskActor 30a7464f-d0cf-4dc3-84e1-41005716edc3 deleted
2017/07/29 13:28:40 [Info] access.go:61 *goflow.HistoryTask e7dfa1c1-f1f5-4988-9d61-78ea48a1cdb6 inserted
2017/07/29 13:28:40 [Info] access.go:79 *goflow.Task e7dfa1c1-f1f5-4988-9d61-78ea48a1cdb6 deleted
2017/07/29 13:28:40 [Info] access.go:61 *goflow.HistoryTaskActor 46d0532d-9efd-4792-ba26-8d86660a34ad inserted
2017/07/29 13:28:40 [Info] access.go:79 *goflow.TaskActor 46d0532d-9efd-4792-ba26-8d86660a34ad deleted
2017/07/29 13:28:40 [Info] access.go:61 *goflow.HistoryTask 36899f0e-8aa3-4190-a7cd-a72c9bce72be inserted
2017/07/29 13:28:40 [Info] access.go:79 *goflow.Task 36899f0e-8aa3-4190-a7cd-a72c9bce72be deleted
2017/07/29 13:28:40 [Info] access.go:61 *goflow.HistoryTaskActor 9edae9ef-fe8d-4707-9134-5fcda7ee8d9f inserted
2017/07/29 13:28:40 [Info] access.go:79 *goflow.TaskActor 9edae9ef-fe8d-4707-9134-5fcda7ee8d9f deleted
2017/07/29 13:28:40 [Info] access.go:61 *goflow.HistoryTask 0117d54d-ce04-4ae0-9cb1-0cbfdb59ea40 inserted
2017/07/29 13:28:40 [Info] access.go:79 *goflow.Task 0117d54d-ce04-4ae0-9cb1-0cbfdb59ea40 deleted
2017/07/29 13:28:40 [Info] access.go:61 *goflow.HistoryTaskActor dfef0441-d6b7-432b-9ec1-1d2d1b1ef1f1 inserted
2017/07/29 13:28:40 [Info] access.go:79 *goflow.TaskActor dfef0441-d6b7-432b-9ec1-1d2d1b1ef1f1 deleted
2017/07/29 13:28:40 [Info] access.go:61 *goflow.HistoryTask 646fcb09-319a-45bb-aa3d-3258116953d1 inserted
2017/07/29 13:28:40 [Info] access.go:79 *goflow.Task 646fcb09-319a-45bb-aa3d-3258116953d1 deleted
2017/07/29 13:28:40 [Info] access.go:61 *goflow.HistoryTaskActor 8a53dc41-c7c2-4165-9e8e-3144acab37d4 inserted
2017/07/29 13:28:40 [Info] access.go:79 *goflow.TaskActor 8a53dc41-c7c2-4165-9e8e-3144acab37d4 deleted
2017/07/29 13:28:40 [Info] access.go:61 *goflow.HistoryTask 55c895e9-fad8-4123-b831-0c531afa7948 inserted
2017/07/29 13:28:40 [Info] access.go:79 *goflow.Task 55c895e9-fad8-4123-b831-0c531afa7948 deleted
2017/07/29 13:28:40 [Info] access.go:61 *goflow.HistoryTaskActor dd569db1-a323-443f-937e-0c1f72160d3c inserted
2017/07/29 13:28:40 [Info] access.go:79 *goflow.TaskActor dd569db1-a323-443f-937e-0c1f72160d3c deleted
2017/07/29 13:28:40 [Info] access.go:70 *goflow.HistoryOrder ab45082c-86db-4704-b3b9-6ef5305beacb updated
2017/07/29 13:28:40 [Info] access.go:79 *goflow.Order ab45082c-86db-4704-b3b9-6ef5305beacb deleted
2017/07/29 13:30:43 [Info] access.go:30 user=%s password=%s host=%s port=%d dbname=%s sslmode=disable
2017/07/29 13:30:43 [Info] access.go:34 user=postgres password=123456 host=localhost port=5432 dbname=postgres sslmode=disable
2017/07/29 13:30:43 [Info] access.go:61 *goflow.Process 46ab4bcd-0bc5-4183-98e0-7e55b1ae751b inserted
2017/07/29 13:30:43 [Info] access.go:61 *goflow.Order f77b77e1-7444-4b9d-a909-d004204c711c inserted
2017/07/29 13:30:43 [Info] access.go:61 *goflow.HistoryOrder f77b77e1-7444-4b9d-a909-d004204c711c inserted
2017/07/29 13:30:43 [Info] access.go:61 *goflow.Task b0689a04-795d-42d7-9f14-9a21f0d71ea5 inserted
2017/07/29 13:30:43 [Info] access.go:61 *goflow.TaskActor 1c98c358-fbb9-4908-bd80-8c2d8ea22134 inserted
2017/07/29 13:30:43 [Info] access.go:61 *goflow.Task 19bb9f6f-4ca2-4b53-840e-96997367401f inserted
2017/07/29 13:30:43 [Info] access.go:61 *goflow.TaskActor c2a0a0eb-fcdb-4f9f-9037-5568d83a4489 inserted
2017/07/29 13:30:44 [Info] access.go:61 *goflow.Task 6698db60-ea44-4a8e-820e-b0c55f847c89 inserted
2017/07/29 13:30:44 [Info] access.go:61 *goflow.TaskActor e71c0c33-2a2e-486b-a872-aa27bd3af4a7 inserted
2017/07/29 13:30:44 [Info] access.go:61 *goflow.Task 50df9a97-70a8-453d-a0a8-fdd6684cd463 inserted
2017/07/29 13:30:44 [Info] access.go:61 *goflow.TaskActor c8c6db33-89fc-48ef-9c51-3291dbaa0e5b inserted
2017/07/29 13:31:57 [Info] access.go:30 user=%s password=%s host=%s port=%d dbname=%s sslmode=disable
2017/07/29 13:31:57 [Info] access.go:34 user=postgres password=123456 host=localhost port=5432 dbname=postgres sslmode=disable
2017/07/29 13:31:58 [Info] access.go:61 *goflow.Process 13427514-a6f9-4cc8-973a-864ee6bba4af inserted
2017/07/29 13:31:58 [Info] access.go:61 *goflow.Order 51603cb8-e5f0-49d9-b01c-f95cc184fff5 inserted
2017/07/29 13:31:58 [Info] access.go:61 *goflow.HistoryOrder 51603cb8-e5f0-49d9-b01c-f95cc184fff5 inserted
2017/07/29 13:31:58 [Info] access.go:61 *goflow.Task 2098cb42-0de3-4907-b5e5-4dfa617be634 inserted
2017/07/29 13:31:58 [Info] access.go:61 *goflow.TaskActor c0216182-8e9a-4dd0-af14-fb15d45da875 inserted
2017/07/29 13:31:58 [Info] access.go:61 *goflow.Task aeb67acb-4e7b-4f02-a6ba-cce706b7f609 inserted
2017/07/29 13:31:58 [Info] access.go:61 *goflow.TaskActor f6ace1e4-3c0f-49c4-9f7e-9cb44f654397 inserted
2017/07/29 13:31:58 [Info] access.go:61 *goflow.Task f0a8115c-8dd8-4cf4-9369-8ffc84a39067 inserted
2017/07/29 13:31:58 [Info] access.go:61 *goflow.TaskActor 4e9f3e84-5528-4615-99df-7bec1309fa4f inserted
2017/07/29 13:31:58 [Info] access.go:61 *goflow.Task a0a14e62-937e-4bec-9c32-ae75ed163cc0 inserted
2017/07/29 13:31:58 [Info] access.go:61 *goflow.TaskActor eea5dc79-afa9-43a5-aa9e-a753e5d95ad4 inserted
2017/07/29 13:36:15 [Info] access.go:30 user=%s password=%s host=%s port=%d dbname=%s sslmode=disable
2017/07/29 13:36:15 [Info] access.go:34 user=postgres password=123456 host=localhost port=5432 dbname=postgres sslmode=disable
2017/07/29 13:36:16 [Info] access.go:61 *goflow.Process 932144d0-5495-4673-a1d4-0687721cf4be inserted
2017/07/29 13:36:16 [Info] access.go:61 *goflow.Order feff909e-9eb4-4bb2-83f0-d39ec7ef95cd inserted
2017/07/29 13:36:16 [Info] access.go:61 *goflow.HistoryOrder feff909e-9eb4-4bb2-83f0-d39ec7ef95cd inserted
2017/07/29 13:36:16 [Info] access.go:61 *goflow.Task 60d8ffe6-b148-439e-b931-044cc6fc443f inserted
2017/07/29 13:36:16 [Info] access.go:61 *goflow.TaskActor fe5a7506-8017-4999-84af-de6488612e5c inserted
2017/07/29 13:36:16 [Info] access.go:61 *goflow.Task cc514440-2093-429d-bd67-dda23e42f141 inserted
2017/07/29 13:36:16 [Info] access.go:61 *goflow.TaskActor 1afd053b-390b-4c70-b1c5-e2d9f8ab955b inserted
2017/07/29 13:36:16 [Info] access.go:61 *goflow.Task d680c517-2552-4113-a558-0abe04dbd9b8 inserted
2017/07/29 13:36:16 [Info] access.go:61 *goflow.TaskActor 4ab2489e-2478-4946-80ed-55f37c8519a6 inserted
2017/07/29 13:36:16 [Info] access.go:61 *goflow.Task aeca6b1d-252d-441a-91be-df12a84d188c inserted
2017/07/29 13:36:16 [Info] access.go:61 *goflow.TaskActor 9ffbaa5a-99c5-4dcd-a117-e124cbbccecc inserted
2017/07/29 13:39:15 [Info] access.go:30 user=%s password=%s host=%s port=%d dbname=%s sslmode=disable
2017/07/29 13:39:15 [Info] access.go:34 user=postgres password=123456 host=localhost port=5432 dbname=postgres sslmode=disable
2017/07/29 13:39:15 [Info] access.go:61 *goflow.Process 6d4bf996-6ac0-44e4-af8c-f70427d9924f inserted
2017/07/29 13:39:15 [Info] access.go:61 *goflow.Order 6e4d37f0-9f8a-4b8e-84cf-e2b12ee9cb16 inserted
2017/07/29 13:39:15 [Info] access.go:61 *goflow.HistoryOrder 6e4d37f0-9f8a-4b8e-84cf-e2b12ee9cb16 inserted
2017/07/29 13:39:15 [Info] access.go:61 *goflow.Task 520bf25a-d4a6-4420-b2da-839b96d8ee63 inserted
2017/07/29 13:39:15 [Info] access.go:61 *goflow.TaskActor 3c95c450-5d15-4c00-84e4-62971487914d inserted
2017/07/29 13:39:15 [Info] access.go:61 *goflow.Task 7f071401-8832-4aff-ae37-710165530cdd inserted
2017/07/29 13:39:15 [Info] access.go:61 *goflow.TaskActor 569a6f6b-5d75-4364-92d4-764b7a9d8bf0 inserted
2017/07/29 13:39:15 [Info] access.go:61 *goflow.Task 9078b3ea-da77-4148-9741-bd5a4135d8e7 inserted
2017/07/29 13:39:15 [Info] access.go:61 *goflow.TaskActor b185284d-44c9-472b-aaa2-809e7a1b4bb6 inserted
2017/07/29 13:39:15 [Info] access.go:61 *goflow.Task babc06ed-7de6-4810-a7c7-36e1c4b3900e inserted
2017/07/29 13:39:15 [Info] access.go:61 *goflow.TaskActor 80e61ac7-89c2-4c7c-9f69-ccc8119f7efd inserted
2017/07/29 13:44:21 [Info] access.go:30 user=%s password=%s host=%s port=%d dbname=%s sslmode=disable
2017/07/29 13:44:21 [Info] access.go:34 user=postgres password=123456 host=localhost port=5432 dbname=postgres sslmode=disable
2017/07/29 13:44:43 [Info] access.go:61 *goflow.Process e34ca162-010a-493b-8e95-68e85d7daae9 inserted
2017/07/29 13:44:47 [Info] access.go:61 *goflow.Order b02def89-1164-485e-a1a1-49f899372361 inserted
2017/07/29 13:44:49 [Info] access.go:61 *goflow.HistoryOrder b02def89-1164-485e-a1a1-49f899372361 inserted
2017/07/29 13:45:17 [Info] access.go:61 *goflow.Task 4c9f345e-3dec-4596-890a-d4ad83c5176a inserted
2017/07/29 13:45:18 [Info] access.go:61 *goflow.TaskActor 6b8f103f-3f5d-40aa-a40c-f25b9e5a7c66 inserted
2017/07/29 13:47:47 [Info] access.go:61 *goflow.Task 4b94b3a5-4292-4b00-acc9-671552cd545e inserted
2017/07/29 13:47:48 [Info] access.go:61 *goflow.TaskActor 8751e743-bd1b-4fa3-9af5-a0fe5a6c2581 inserted
2017/07/29 13:49:08 [Info] access.go:30 user=%s password=%s host=%s port=%d dbname=%s sslmode=disable
2017/07/29 13:49:08 [Info] access.go:34 user=postgres password=123456 host=localhost port=5432 dbname=postgres sslmode=disable
2017/07/29 13:49:08 [Info] access.go:61 *goflow.Process 79be8b62-dc48-43db-b476-b2a3794d07d5 inserted
2017/07/29 13:49:08 [Info] access.go:61 *goflow.Order 95042f7a-bf2f-47fc-86c0-beca69163c35 inserted
2017/07/29 13:49:08 [Info] access.go:61 *goflow.HistoryOrder 95042f7a-bf2f-47fc-86c0-beca69163c35 inserted
2017/07/29 13:49:08 [Info] access.go:61 *goflow.Task c0a39396-85de-42ea-a69c-0649bd940235 inserted
2017/07/29 13:49:08 [Info] access.go:61 *goflow.TaskActor 359a62bf-dfb2-4aff-a588-0b06a44070ba inserted
2017/07/29 16:41:46 [Info] access.go:30 user=%s password=%s host=%s port=%d dbname=%s sslmode=disable
2017/07/29 16:41:46 [Info] access.go:34 user=postgres password=123456 host=localhost port=5432 dbname=postgres sslmode=disable
2017/07/29 16:41:46 [Info] access.go:61 *goflow.Process a6fc708d-5644-41a9-8090-d2356f6a3d9b inserted
2017/07/29 16:41:46 [Info] access.go:61 *goflow.Order 6b47a720-6a1c-458f-bbd5-f1214e823cc3 inserted
2017/07/29 16:41:46 [Info] access.go:61 *goflow.HistoryOrder 6b47a720-6a1c-458f-bbd5-f1214e823cc3 inserted
2017/07/29 16:41:46 [Info] access.go:61 *goflow.Task bf2e37ed-8b75-47d3-83b9-f1c1a879f135 inserted
2017/07/29 16:41:46 [Info] access.go:61 *goflow.TaskActor 165557e7-165e-46cf-8fa8-0bae47b21b14 inserted
2017/07/29 16:41:46 [Info] access.go:61 *goflow.Task 0bafbf4b-11e0-4985-9156-e3b419964661 inserted
2017/07/29 16:41:46 [Info] access.go:61 *goflow.TaskActor 73860ff6-7aea-4c07-8277-dd27024add2c inserted
2017/07/29 16:41:46 [Info] access.go:61 *goflow.Task 763be2e0-58d2-4c88-aae0-53396d882ad7 inserted
2017/07/29 16:41:46 [Info] access.go:61 *goflow.TaskActor e31d8765-56ce-4a4e-8f0c-66df6159f33d inserted
2017/07/29 16:41:46 [Info] access.go:61 *goflow.Task c9f06362-a2a4-49ac-8675-ae8206b53c02 inserted
2017/07/29 16:41:46 [Info] access.go:61 *goflow.TaskActor 71c0537a-782c-4ffb-acec-8b3416d36375 inserted
2017/07/29 16:41:46 [Info] access.go:61 *goflow.Task 35d48288-a0e4-4f9b-8ea2-780ea45c8df0 inserted
2017/07/29 16:41:46 [Info] access.go:61 *goflow.TaskActor 5478df9d-315e-4697-8c99-6938d8451d7d inserted
2017/07/29 16:41:47 [Info] access.go:61 *goflow.Task a6d17385-8148-4e40-a693-38473b4bdba5 inserted
2017/07/29 16:41:47 [Info] access.go:61 *goflow.TaskActor 316558b7-1978-47f6-b26a-b754fe9cbb8f inserted
2017/07/29 16:41:47 [Info] access.go:61 *goflow.Task 5f059ac3-25db-40e0-bac4-5035a5757c1e inserted
2017/07/29 16:41:47 [Info] access.go:61 *goflow.TaskActor ccb1229e-9b6c-4a75-9e28-cf7a13306972 inserted
2017/07/29 16:41:47 [Info] access.go:61 *goflow.HistoryTask bf2e37ed-8b75-47d3-83b9-f1c1a879f135 inserted
2017/07/29 16:41:47 [Info] access.go:79 *goflow.Task bf2e37ed-8b75-47d3-83b9-f1c1a879f135 deleted
2017/07/29 16:41:47 [Info] access.go:61 *goflow.HistoryTaskActor 165557e7-165e-46cf-8fa8-0bae47b21b14 inserted
2017/07/29 16:41:47 [Info] access.go:79 *goflow.TaskActor 165557e7-165e-46cf-8fa8-0bae47b21b14 deleted
2017/07/29 16:41:47 [Info] access.go:61 *goflow.HistoryTask 0bafbf4b-11e0-4985-9156-e3b419964661 inserted
2017/07/29 16:41:47 [Info] access.go:79 *goflow.Task 0bafbf4b-11e0-4985-9156-e3b419964661 deleted
2017/07/29 16:41:47 [Info] access.go:61 *goflow.HistoryTaskActor 73860ff6-7aea-4c07-8277-dd27024add2c inserted
2017/07/29 16:41:47 [Info] access.go:79 *goflow.TaskActor 73860ff6-7aea-4c07-8277-dd27024add2c deleted
2017/07/29 16:41:47 [Info] access.go:61 *goflow.HistoryTask 763be2e0-58d2-4c88-aae0-53396d882ad7 inserted
2017/07/29 16:41:47 [Info] access.go:79 *goflow.Task 763be2e0-58d2-4c88-aae0-53396d882ad7 deleted
2017/07/29 16:41:47 [Info] access.go:61 *goflow.HistoryTaskActor e31d8765-56ce-4a4e-8f0c-66df6159f33d inserted
2017/07/29 16:41:47 [Info] access.go:79 *goflow.TaskActor e31d8765-56ce-4a4e-8f0c-66df6159f33d deleted
2017/07/29 16:41:47 [Info] access.go:61 *goflow.HistoryTask c9f06362-a2a4-49ac-8675-ae8206b53c02 inserted
2017/07/29 16:41:47 [Info] access.go:79 *goflow.Task c9f06362-a2a4-49ac-8675-ae8206b53c02 deleted
2017/07/29 16:41:47 [Info] access.go:61 *goflow.HistoryTaskActor 71c0537a-782c-4ffb-acec-8b3416d36375 inserted
2017/07/29 16:41:47 [Info] access.go:79 *goflow.TaskActor 71c0537a-782c-4ffb-acec-8b3416d36375 deleted
2017/07/29 16:41:47 [Info] access.go:61 *goflow.HistoryTask 35d48288-a0e4-4f9b-8ea2-780ea45c8df0 inserted
2017/07/29 16:41:47 [Info] access.go:79 *goflow.Task 35d48288-a0e4-4f9b-8ea2-780ea45c8df0 deleted
2017/07/29 16:41:47 [Info] access.go:61 *goflow.HistoryTaskActor 5478df9d-315e-4697-8c99-6938d8451d7d inserted
2017/07/29 16:41:47 [Info] access.go:79 *goflow.TaskActor 5478df9d-315e-4697-8c99-6938d8451d7d deleted
2017/07/29 16:41:47 [Info] access.go:61 *goflow.HistoryTask a6d17385-8148-4e40-a693-38473b4bdba5 inserted
2017/07/29 16:41:47 [Info] access.go:79 *goflow.Task a6d17385-8148-4e40-a693-38473b4bdba5 deleted
2017/07/29 16:41:47 [Info] access.go:61 *goflow.HistoryTaskActor 316558b7-1978-47f6-b26a-b754fe9cbb8f inserted
2017/07/29 16:41:47 [Info] access.go:79 *goflow.TaskActor 316558b7-1978-47f6-b26a-b754fe9cbb8f deleted
2017/07/29 16:41:47 [Info] access.go:61 *goflow.HistoryTask 5f059ac3-25db-40e0-bac4-5035a5757c1e inserted
2017/07/29 16:41:47 [Info] access.go:79 *goflow.Task 5f059ac3-25db-40e0-bac4-5035a5757c1e deleted
2017/07/29 16:41:47 [Info] access.go:61 *goflow.HistoryTaskActor ccb1229e-9b6c-4a75-9e28-cf7a13306972 inserted
2017/07/29 16:41:47 [Info] access.go:79 *goflow.TaskActor ccb1229e-9b6c-4a75-9e28-cf7a13306972 deleted
2017/07/29 16:41:47 [Info] access.go:70 *goflow.HistoryOrder 6b47a720-6a1c-458f-bbd5-f1214e823cc3 updated
2017/07/29 16:41:47 [Info] access.go:79 *goflow.Order 6b47a720-6a1c-458f-bbd5-f1214e823cc3 deleted
2017/07/29 16:50:24 [Info] access.go:30 user=%s password=%s host=%s port=%d dbname=%s sslmode=disable
2017/07/29 16:50:24 [Info] access.go:34 user=postgres password=123456 host=localhost port=5432 dbname=postgres sslmode=disable
2017/07/29 16:50:25 [Info] access.go:61 *goflow.Process 5dedcedb-cf98-40ae-81c5-83485776ef17 inserted
2017/07/29 16:50:25 [Info] access.go:61 *goflow.Order 0b0907cc-0f68-467f-abc3-62764dabff76 inserted
2017/07/29 16:50:25 [Info] access.go:61 *goflow.HistoryOrder 0b0907cc-0f68-467f-abc3-62764dabff76 inserted
2017/07/29 16:50:25 [Info] access.go:61 *goflow.Task 76b4b300-e3d3-4563-bd8d-28014972ee4a inserted
2017/07/29 16:50:25 [Info] access.go:61 *goflow.TaskActor 15ff1e81-e6f5-4036-963a-c9e605b30199 inserted
2017/07/29 16:50:25 [Info] access.go:61 *goflow.Task 635f4bbf-7c47-49c0-bece-4f6432485330 inserted
2017/07/29 16:50:25 [Info] access.go:61 *goflow.TaskActor 29d7c5f9-476f-4b60-8254-12ccef0e36f0 inserted
2017/07/29 16:50:25 [Info] access.go:61 *goflow.Task e722a708-cf48-4649-97f2-27861789898d inserted
2017/07/29 16:50:25 [Info] access.go:61 *goflow.TaskActor 730f942a-999c-4f76-ba2f-1531982ef7b8 inserted
2017/07/29 16:50:25 [Info] access.go:61 *goflow.Task 05524038-72e6-45c0-9b60-a51aeecfea4f inserted
2017/07/29 16:50:25 [Info] access.go:61 *goflow.TaskActor 62e9b41d-8a4c-4efd-aaba-25b9e1805a61 inserted
2017/07/29 16:50:25 [Info] access.go:61 *goflow.Task f2456473-75cc-4edf-b711-4844e6220682 inserted
2017/07/29 16:50:25 [Info] access.go:61 *goflow.TaskActor 83109c31-da12-4fff-81e3-5f2d8e299762 inserted
2017/07/29 16:50:25 [Info] access.go:61 *goflow.Task 6388221b-db50-484c-a4e5-0f684f8ddeef inserted
2017/07/29 16:50:25 [Info] access.go:61 *goflow.TaskActor 40b69f60-084a-4efd-8ef3-77858389498b inserted
2017/07/29 16:50:25 [Info] access.go:61 *goflow.Task 382bdd0b-9741-493c-83b8-72181f76cff3 inserted
2017/07/29 16:50:25 [Info] access.go:61 *goflow.TaskActor 80e243a7-9219-4418-a96d-cf942c7c32ed inserted
2017/07/29 16:50:25 [Info] access.go:61 *goflow.HistoryTask 76b4b300-e3d3-4563-bd8d-28014972ee4a inserted
2017/07/29 16:50:25 [Info] access.go:79 *goflow.Task 76b4b300-e3d3-4563-bd8d-28014972ee4a deleted
2017/07/29 16:50:25 [Info] access.go:61 *goflow.HistoryTaskActor 15ff1e81-e6f5-4036-963a-c9e605b30199 inserted
2017/07/29 16:50:25 [Info] access.go:79 *goflow.TaskActor 15ff1e81-e6f5-4036-963a-c9e605b30199 deleted
2017/07/29 16:50:25 [Info] access.go:61 *goflow.HistoryTask 635f4bbf-7c47-49c0-bece-4f6432485330 inserted
2017/07/29 16:50:25 [Info] access.go:79 *goflow.Task 635f4bbf-7c47-49c0-bece-4f6432485330 deleted
2017/07/29 16:50:25 [Info] access.go:61 *goflow.HistoryTaskActor 29d7c5f9-476f-4b60-8254-12ccef0e36f0 inserted
2017/07/29 16:50:25 [Info] access.go:79 *goflow.TaskActor 29d7c5f9-476f-4b60-8254-12ccef0e36f0 deleted
2017/07/29 16:50:25 [Info] access.go:61 *goflow.HistoryTask e722a708-cf48-4649-97f2-27861789898d inserted
2017/07/29 16:50:25 [Info] access.go:79 *goflow.Task e722a708-cf48-4649-97f2-27861789898d deleted
2017/07/29 16:50:25 [Info] access.go:61 *goflow.HistoryTaskActor 730f942a-999c-4f76-ba2f-1531982ef7b8 inserted
2017/07/29 16:50:25 [Info] access.go:79 *goflow.TaskActor 730f942a-999c-4f76-ba2f-1531982ef7b8 deleted
2017/07/29 16:50:25 [Info] access.go:61 *goflow.HistoryTask 05524038-72e6-45c0-9b60-a51aeecfea4f inserted
2017/07/29 16:50:25 [Info] access.go:79 *goflow.Task 05524038-72e6-45c0-9b60-a51aeecfea4f deleted
2017/07/29 16:50:25 [Info] access.go:61 *goflow.HistoryTaskActor 62e9b41d-8a4c-4efd-aaba-25b9e1805a61 inserted
2017/07/29 16:50:25 [Info] access.go:79 *goflow.TaskActor 62e9b41d-8a4c-4efd-aaba-25b9e1805a61 deleted
2017/07/29 16:50:25 [Info] access.go:61 *goflow.HistoryTask f2456473-75cc-4edf-b711-4844e6220682 inserted
2017/07/29 16:50:25 [Info] access.go:79 *goflow.Task f2456473-75cc-4edf-b711-4844e6220682 deleted
2017/07/29 16:50:25 [Info] access.go:61 *goflow.HistoryTaskActor 83109c31-da12-4fff-81e3-5f2d8e299762 inserted
2017/07/29 16:50:25 [Info] access.go:79 *goflow.TaskActor 83109c31-da12-4fff-81e3-5f2d8e299762 deleted
2017/07/29 16:50:25 [Info] access.go:61 *goflow.HistoryTask 6388221b-db50-484c-a4e5-0f684f8ddeef inserted
2017/07/29 16:50:25 [Info] access.go:79 *goflow.Task 6388221b-db50-484c-a4e5-0f684f8ddeef deleted
2017/07/29 16:50:25 [Info] access.go:61 *goflow.HistoryTaskActor 40b69f60-084a-4efd-8ef3-77858389498b inserted
2017/07/29 16:50:25 [Info] access.go:79 *goflow.TaskActor 40b69f60-084a-4efd-8ef3-77858389498b deleted
2017/07/29 16:50:25 [Info] access.go:61 *goflow.HistoryTask 382bdd0b-9741-493c-83b8-72181f76cff3 inserted
2017/07/29 16:50:25 [Info] access.go:79 *goflow.Task 382bdd0b-9741-493c-83b8-72181f76cff3 deleted
2017/07/29 16:50:25 [Info] access.go:61 *goflow.HistoryTaskActor 80e243a7-9219-4418-a96d-cf942c7c32ed inserted
2017/07/29 16:50:25 [Info] access.go:79 *goflow.TaskActor 80e243a7-9219-4418-a96d-cf942c7c32ed deleted
2017/07/29 16:50:25 [Info] access.go:70 *goflow.HistoryOrder 0b0907cc-0f68-467f-abc3-62764dabff76 updated
2017/07/29 16:50:25 [Info] access.go:79 *goflow.Order 0b0907cc-0f68-467f-abc3-62764dabff76 deleted
2017/07/29 16:55:52 [Info] access.go:30 user=%s password=%s host=%s port=%d dbname=%s sslmode=disable
2017/07/29 16:55:52 [Info] access.go:34 user=postgres password=123456 host=localhost port=5432 dbname=postgres sslmode=disable
2017/07/29 16:55:52 [Info] access.go:61 *goflow.Process 4c1f4440-00f3-4e68-a627-91684d96e59f inserted
2017/07/29 16:55:52 [Info] access.go:61 *goflow.Order 9e987b44-fef7-4e12-8a37-02f8e6644173 inserted
2017/07/29 16:55:52 [Info] access.go:61 *goflow.HistoryOrder 9e987b44-fef7-4e12-8a37-02f8e6644173 inserted
2017/07/29 16:55:52 [Info] access.go:61 *goflow.Task 587032be-1372-4a24-88d1-2b26571e689b inserted
2017/07/29 16:55:52 [Info] access.go:61 *goflow.TaskActor fb38da2a-9a45-49c9-9df1-6aaadf3843c2 inserted
2017/07/29 16:55:52 [Info] access.go:61 *goflow.Task 2269318f-e071-4687-8422-b1a7b3155671 inserted
2017/07/29 16:55:52 [Info] access.go:61 *goflow.TaskActor 438f2438-af68-4d78-9ad4-25b26150c354 inserted
2017/07/29 16:55:52 [Info] access.go:61 *goflow.Task 3b9edc39-284c-4903-8249-856ca0057780 inserted
2017/07/29 16:55:52 [Info] access.go:61 *goflow.TaskActor a78d2bc4-3f01-46f7-8ccb-e4995aa663e2 inserted
2017/07/29 16:55:52 [Info] access.go:61 *goflow.Task 49734a7e-e41a-457a-bb16-2620f4381621 inserted
2017/07/29 16:55:52 [Info] access.go:61 *goflow.TaskActor 12ef273c-3601-4ed0-88fd-73371ac36efb inserted
2017/07/29 16:55:52 [Info] access.go:61 *goflow.Task 70b0331f-66bc-4bc4-a895-e42c91b888c2 inserted
2017/07/29 16:55:52 [Info] access.go:61 *goflow.TaskActor 143ec424-7866-46ae-af33-bcecdeda3dfa inserted
2017/07/29 16:55:52 [Info] access.go:61 *goflow.Task 94699d14-52e7-4975-ac5b-fcf753a6431d inserted
2017/07/29 16:55:52 [Info] access.go:61 *goflow.TaskActor 34093dce-2980-41b0-8d51-5bce629fbfb1 inserted
2017/07/29 16:55:52 [Info] access.go:61 *goflow.Task c66a0ac9-67eb-4c64-8440-465bd007d2d2 inserted
2017/07/29 16:55:52 [Info] access.go:61 *goflow.TaskActor 8884823e-c127-44a5-88aa-bd903dd8bc92 inserted
2017/07/29 16:55:52 [Info] access.go:61 *goflow.Task e991b96f-8259-4829-a3a3-21fbea9deb7b inserted
2017/07/29 16:55:52 [Info] access.go:61 *goflow.TaskActor 44fc32c5-c282-4c36-a188-b84eb81abf0b inserted
2017/07/29 16:55:53 [Info] access.go:61 *goflow.Task d7e07892-7b3e-431c-8b78-f06f78db129c inserted
2017/07/29 16:55:53 [Info] access.go:61 *goflow.TaskActor f31222de-cdbd-4150-a590-1ab7b1000666 inserted
2017/07/29 16:55:53 [Info] access.go:61 *goflow.Task 586ac235-109d-4f19-b4e8-a1f4f17627cb inserted
2017/07/29 16:55:53 [Info] access.go:61 *goflow.TaskActor 9063187c-efda-497c-81c4-e528af0449e9 inserted
2017/07/29 16:55:53 [Info] access.go:61 *goflow.Task ed0c014d-57e4-4bf9-8e18-d317aaa27083 inserted
2017/07/29 16:55:53 [Info] access.go:61 *goflow.TaskActor 4355fe34-80d1-45f5-b6b7-a3ed16cb1274 inserted
2017/07/29 16:55:53 [Info] access.go:61 *goflow.Task d2ad4025-071d-4165-8842-a94b3d79477e inserted
2017/07/29 16:55:53 [Info] access.go:61 *goflow.TaskActor dfa64d9c-97bb-454c-a848-ed62077a2c73 inserted
2017/07/29 16:55:53 [Info] access.go:61 *goflow.Task aa2bebdf-8446-4ae6-a29b-f1d58f48e341 inserted
2017/07/29 16:55:53 [Info] access.go:61 *goflow.TaskActor 1806f9fc-462f-4926-ace0-051bb750d926 inserted
2017/07/29 16:55:53 [Info] access.go:61 *goflow.Task 7db07a9c-deca-4384-945f-3e39eead1d70 inserted
2017/07/29 16:55:53 [Info] access.go:61 *goflow.TaskActor 9da8de07-665f-41e9-8240-2a3bf87af534 inserted
2017/07/29 16:55:53 [Info] access.go:61 *goflow.Task d42b3939-17be-4b09-8df5-2213ee654b53 inserted
2017/07/29 16:55:53 [Info] access.go:61 *goflow.TaskActor 43784a19-c48e-42da-a9a8-d1c08cd30a84 inserted
2017/07/29 16:55:53 [Info] access.go:61 *goflow.Task 83c9358b-1b47-4afc-ba6c-0dbe27ded588 inserted
2017/07/29 16:55:53 [Info] access.go:61 *goflow.TaskActor e34b4be0-bee8-4542-b55d-13bd7f22e9b2 inserted
2017/07/29 16:55:53 [Info] access.go:61 *goflow.Task 788fd61c-acf4-4ea0-a8f8-7110d98ee506 inserted
2017/07/29 16:55:53 [Info] access.go:61 *goflow.TaskActor c73b2378-6014-4181-ad70-ffacf6781dad inserted
2017/07/29 16:55:53 [Info] access.go:61 *goflow.Task c6ab1e29-15ea-4497-9f21-43cb76216d91 inserted
2017/07/29 16:55:53 [Info] access.go:61 *goflow.TaskActor d1bb590a-b1ce-42c2-8925-298d26ac5af6 inserted
2017/07/29 16:55:53 [Info] access.go:61 *goflow.Task e1cbcdde-3ebc-4313-8efd-962e16dd05de inserted
2017/07/29 16:55:53 [Info] access.go:61 *goflow.TaskActor f61b6961-cfe4-479e-b106-dc6e25991b01 inserted
2017/07/29 16:55:53 [Info] access.go:61 *goflow.Task 66353e68-5537-4cb2-8dc3-3b728d6c7329 inserted
2017/07/29 16:55:53 [Info] access.go:61 *goflow.TaskActor 316203e2-9713-4e90-b418-5c2875f221af inserted
2017/07/29 16:55:53 [Info] access.go:61 *goflow.Task 2a2683fb-d9eb-4e85-86e0-0f692200dfa4 inserted
2017/07/29 16:55:53 [Info] access.go:61 *goflow.TaskActor 703ad204-8d5d-4b94-8b99-8f97108a4d34 inserted
2017/07/29 16:55:53 [Info] access.go:61 *goflow.Task 1f887e58-ed10-4a3d-9deb-787a9298875b inserted
2017/07/29 16:55:53 [Info] access.go:61 *goflow.TaskActor 4edebddf-481b-40e2-9319-ea7492a96d52 inserted
2017/07/29 16:55:53 [Info] access.go:61 *goflow.Task 7679d0e8-afbe-4cb9-94a2-6efe3a3bd67e inserted
2017/07/29 16:55:53 [Info] access.go:61 *goflow.TaskActor 52dbb328-ff80-4c2e-9e12-87a8af2ead4b inserted
2017/07/29 16:55:53 [Info] access.go:61 *goflow.Task 0d4369ce-0c38-400d-912a-5101b9339bc9 inserted
2017/07/29 16:55:53 [Info] access.go:61 *goflow.TaskActor 2da5f60e-1dd8-4f2c-a122-005e8fe7cd0a inserted
2017/07/29 16:55:53 [Info] access.go:61 *goflow.Task 86a01aeb-c305-40ce-bf11-7c9658c367ad inserted
2017/07/29 16:55:53 [Info] access.go:61 *goflow.TaskActor 496910f4-c547-4e9c-9182-ee3b788188bb inserted
2017/07/29 16:55:53 [Info] access.go:61 *goflow.Task b8aa29d5-2e1d-41c8-9fe2-ca4434c18d7b inserted
2017/07/29 16:55:53 [Info] access.go:61 *goflow.TaskActor 2f97e2f9-4d8a-4f6e-a8ae-4ee866e0bb32 inserted
2017/07/29 16:55:53 [Info] access.go:61 *goflow.Task a2284520-957a-4096-ad67-362fafc41666 inserted
2017/07/29 16:55:53 [Info] access.go:61 *goflow.TaskActor 6e3b5bde-820b-4cdb-b3bb-75dd60f09ea3 inserted
2017/07/29 16:55:53 [Info] access.go:61 *goflow.Task 19a6743c-729d-418c-bd0c-b1b789a32fef inserted
2017/07/29 16:55:53 [Info] access.go:61 *goflow.TaskActor ba5452d3-fbe3-4133-8330-0a880e6fd4be inserted
2017/07/29 16:55:53 [Info] access.go:61 *goflow.Task de4c7c4c-d6fa-49e2-b106-4fff388ed67d inserted
2017/07/29 16:55:53 [Info] access.go:61 *goflow.TaskActor cab92c4f-e09b-4f05-a5b1-e127b34a2604 inserted
2017/07/29 16:55:53 [Info] access.go:61 *goflow.Task abd3743a-f5de-4015-80ba-7d40c792ef3c inserted
2017/07/29 16:55:53 [Info] access.go:61 *goflow.TaskActor bf94cb9a-cafe-4c82-b79c-e1fe8a5e552f inserted
2017/07/29 16:55:53 [Info] access.go:61 *goflow.Task 271e8334-1d73-488e-b546-fdd0b9eba7ff inserted
2017/07/29 16:55:53 [Info] access.go:61 *goflow.TaskActor 5bf626f9-5484-4657-a4b4-41a6e5573a95 inserted
2017/07/29 16:55:53 [Info] access.go:61 *goflow.HistoryTask 587032be-1372-4a24-88d1-2b26571e689b inserted
2017/07/29 16:55:53 [Info] access.go:79 *goflow.Task 587032be-1372-4a24-88d1-2b26571e689b deleted
2017/07/29 16:55:53 [Info] access.go:61 *goflow.HistoryTaskActor fb38da2a-9a45-49c9-9df1-6aaadf3843c2 inserted
2017/07/29 16:55:53 [Info] access.go:79 *goflow.TaskActor fb38da2a-9a45-49c9-9df1-6aaadf3843c2 deleted
2017/07/29 16:55:53 [Info] access.go:61 *goflow.HistoryTask 2269318f-e071-4687-8422-b1a7b3155671 inserted
2017/07/29 16:55:53 [Info] access.go:79 *goflow.Task 2269318f-e071-4687-8422-b1a7b3155671 deleted
2017/07/29 16:55:53 [Info] access.go:61 *goflow.HistoryTaskActor 438f2438-af68-4d78-9ad4-25b26150c354 inserted
2017/07/29 16:55:53 [Info] access.go:79 *goflow.TaskActor 438f2438-af68-4d78-9ad4-25b26150c354 deleted
2017/07/29 16:55:53 [Info] access.go:61 *goflow.HistoryTask 3b9edc39-284c-4903-8249-856ca0057780 inserted
2017/07/29 16:55:53 [Info] access.go:79 *goflow.Task 3b9edc39-284c-4903-8249-856ca0057780 deleted
2017/07/29 16:55:53 [Info] access.go:61 *goflow.HistoryTaskActor a78d2bc4-3f01-46f7-8ccb-e4995aa663e2 inserted
2017/07/29 16:55:53 [Info] access.go:79 *goflow.TaskActor a78d2bc4-3f01-46f7-8ccb-e4995aa663e2 deleted
2017/07/29 16:55:53 [Info] access.go:61 *goflow.HistoryTask 49734a7e-e41a-457a-bb16-2620f4381621 inserted
2017/07/29 16:55:53 [Info] access.go:79 *goflow.Task 49734a7e-e41a-457a-bb16-2620f4381621 deleted
2017/07/29 16:55:53 [Info] access.go:61 *goflow.HistoryTaskActor 12ef273c-3601-4ed0-88fd-73371ac36efb inserted
2017/07/29 16:55:53 [Info] access.go:79 *goflow.TaskActor 12ef273c-3601-4ed0-88fd-73371ac36efb deleted
2017/07/29 16:55:53 [Info] access.go:61 *goflow.HistoryTask 70b0331f-66bc-4bc4-a895-e42c91b888c2 inserted
2017/07/29 16:55:53 [Info] access.go:79 *goflow.Task 70b0331f-66bc-4bc4-a895-e42c91b888c2 deleted
2017/07/29 16:55:53 [Info] access.go:61 *goflow.HistoryTaskActor 143ec424-7866-46ae-af33-bcecdeda3dfa inserted
2017/07/29 16:55:53 [Info] access.go:79 *goflow.TaskActor 143ec424-7866-46ae-af33-bcecdeda3dfa deleted
2017/07/29 16:55:53 [Info] access.go:61 *goflow.HistoryTask 94699d14-52e7-4975-ac5b-fcf753a6431d inserted
2017/07/29 16:55:53 [Info] access.go:79 *goflow.Task 94699d14-52e7-4975-ac5b-fcf753a6431d deleted
2017/07/29 16:55:53 [Info] access.go:61 *goflow.HistoryTaskActor 34093dce-2980-41b0-8d51-5bce629fbfb1 inserted
2017/07/29 16:55:53 [Info] access.go:79 *goflow.TaskActor 34093dce-2980-41b0-8d51-5bce629fbfb1 deleted
2017/07/29 16:55:53 [Info] access.go:61 *goflow.HistoryTask c66a0ac9-67eb-4c64-8440-465bd007d2d2 inserted
2017/07/29 16:55:53 [Info] access.go:79 *goflow.Task c66a0ac9-67eb-4c64-8440-465bd007d2d2 deleted
2017/07/29 16:55:53 [Info] access.go:61 *goflow.HistoryTaskActor 8884823e-c127-44a5-88aa-bd903dd8bc92 inserted
2017/07/29 16:55:53 [Info] access.go:79 *goflow.TaskActor 8884823e-c127-44a5-88aa-bd903dd8bc92 deleted
2017/07/29 16:55:53 [Info] access.go:61 *goflow.HistoryTask e991b96f-8259-4829-a3a3-21fbea9deb7b inserted
2017/07/29 16:55:53 [Info] access.go:79 *goflow.Task e991b96f-8259-4829-a3a3-21fbea9deb7b deleted
2017/07/29 16:55:53 [Info] access.go:61 *goflow.HistoryTaskActor 44fc32c5-c282-4c36-a188-b84eb81abf0b inserted
2017/07/29 16:55:53 [Info] access.go:79 *goflow.TaskActor 44fc32c5-c282-4c36-a188-b84eb81abf0b deleted
2017/07/29 16:55:53 [Info] access.go:61 *goflow.HistoryTask d7e07892-7b3e-431c-8b78-f06f78db129c inserted
2017/07/29 16:55:53 [Info] access.go:79 *goflow.Task d7e07892-7b3e-431c-8b78-f06f78db129c deleted
2017/07/29 16:55:53 [Info] access.go:61 *goflow.HistoryTaskActor f31222de-cdbd-4150-a590-1ab7b1000666 inserted
2017/07/29 16:55:53 [Info] access.go:79 *goflow.TaskActor f31222de-cdbd-4150-a590-1ab7b1000666 deleted
2017/07/29 16:55:53 [Info] access.go:61 *goflow.HistoryTask 586ac235-109d-4f19-b4e8-a1f4f17627cb inserted
2017/07/29 16:55:53 [Info] access.go:79 *goflow.Task 586ac235-109d-4f19-b4e8-a1f4f17627cb deleted
2017/07/29 16:55:53 [Info] access.go:61 *goflow.HistoryTaskActor 9063187c-efda-497c-81c4-e528af0449e9 inserted
2017/07/29 16:55:53 [Info] access.go:79 *goflow.TaskActor 9063187c-efda-497c-81c4-e528af0449e9 deleted
2017/07/29 16:55:53 [Info] access.go:61 *goflow.HistoryTask ed0c014d-57e4-4bf9-8e18-d317aaa27083 inserted
2017/07/29 16:55:53 [Info] access.go:79 *goflow.Task ed0c014d-57e4-4bf9-8e18-d317aaa27083 deleted
2017/07/29 16:55:53 [Info] access.go:61 *goflow.HistoryTaskActor 4355fe34-80d1-45f5-b6b7-a3ed16cb1274 inserted
2017/07/29 16:55:53 [Info] access.go:79 *goflow.TaskActor 4355fe34-80d1-45f5-b6b7-a3ed16cb1274 deleted
2017/07/29 16:55:53 [Info] access.go:61 *goflow.HistoryTask d2ad4025-071d-4165-8842-a94b3d79477e inserted
2017/07/29 16:55:53 [Info] access.go:79 *goflow.Task d2ad4025-071d-4165-8842-a94b3d79477e deleted
2017/07/29 16:55:53 [Info] access.go:61 *goflow.HistoryTaskActor dfa64d9c-97bb-454c-a848-ed62077a2c73 inserted
2017/07/29 16:55:53 [Info] access.go:79 *goflow.TaskActor dfa64d9c-97bb-454c-a848-ed62077a2c73 deleted
2017/07/29 16:55:53 [Info] access.go:61 *goflow.HistoryTask aa2bebdf-8446-4ae6-a29b-f1d58f48e341 inserted
2017/07/29 16:55:53 [Info] access.go:79 *goflow.Task aa2bebdf-8446-4ae6-a29b-f1d58f48e341 deleted
2017/07/29 16:55:53 [Info] access.go:61 *goflow.HistoryTaskActor 1806f9fc-462f-4926-ace0-051bb750d926 inserted
2017/07/29 16:55:53 [Info] access.go:79 *goflow.TaskActor 1806f9fc-462f-4926-ace0-051bb750d926 deleted
2017/07/29 16:55:53 [Info] access.go:61 *goflow.HistoryTask 7db07a9c-deca-4384-945f-3e39eead1d70 inserted
2017/07/29 16:55:53 [Info] access.go:79 *goflow.Task 7db07a9c-deca-4384-945f-3e39eead1d70 deleted
2017/07/29 16:55:53 [Info] access.go:61 *goflow.HistoryTaskActor 9da8de07-665f-41e9-8240-2a3bf87af534 inserted
2017/07/29 16:55:53 [Info] access.go:79 *goflow.TaskActor 9da8de07-665f-41e9-8240-2a3bf87af534 deleted
2017/07/29 16:55:53 [Info] access.go:61 *goflow.HistoryTask d42b3939-17be-4b09-8df5-2213ee654b53 inserted
2017/07/29 16:55:53 [Info] access.go:79 *goflow.Task d42b3939-17be-4b09-8df5-2213ee654b53 deleted
2017/07/29 16:55:53 [Info] access.go:61 *goflow.HistoryTaskActor 43784a19-c48e-42da-a9a8-d1c08cd30a84 inserted
2017/07/29 16:55:53 [Info] access.go:79 *goflow.TaskActor 43784a19-c48e-42da-a9a8-d1c08cd30a84 deleted
2017/07/29 16:55:53 [Info] access.go:61 *goflow.HistoryTask 83c9358b-1b47-4afc-ba6c-0dbe27ded588 inserted
2017/07/29 16:55:53 [Info] access.go:79 *goflow.Task 83c9358b-1b47-4afc-ba6c-0dbe27ded588 deleted
2017/07/29 16:55:53 [Info] access.go:61 *goflow.HistoryTaskActor e34b4be0-bee8-4542-b55d-13bd7f22e9b2 inserted
2017/07/29 16:55:53 [Info] access.go:79 *goflow.TaskActor e34b4be0-bee8-4542-b55d-13bd7f22e9b2 deleted
2017/07/29 16:55:53 [Info] access.go:61 *goflow.HistoryTask 788fd61c-acf4-4ea0-a8f8-7110d98ee506 inserted
2017/07/29 16:55:53 [Info] access.go:79 *goflow.Task 788fd61c-acf4-4ea0-a8f8-7110d98ee506 deleted
2017/07/29 16:55:53 [Info] access.go:61 *goflow.HistoryTaskActor c73b2378-6014-4181-ad70-ffacf6781dad inserted
2017/07/29 16:55:53 [Info] access.go:79 *goflow.TaskActor c73b2378-6014-4181-ad70-ffacf6781dad deleted
2017/07/29 16:55:53 [Info] access.go:61 *goflow.HistoryTask c6ab1e29-15ea-4497-9f21-43cb76216d91 inserted
2017/07/29 16:55:53 [Info] access.go:79 *goflow.Task c6ab1e29-15ea-4497-9f21-43cb76216d91 deleted
2017/07/29 16:55:53 [Info] access.go:61 *goflow.HistoryTaskActor d1bb590a-b1ce-42c2-8925-298d26ac5af6 inserted
2017/07/29 16:55:53 [Info] access.go:79 *goflow.TaskActor d1bb590a-b1ce-42c2-8925-298d26ac5af6 deleted
2017/07/29 16:55:53 [Info] access.go:61 *goflow.HistoryTask e1cbcdde-3ebc-4313-8efd-962e16dd05de inserted
2017/07/29 16:55:53 [Info] access.go:79 *goflow.Task e1cbcdde-3ebc-4313-8efd-962e16dd05de deleted
2017/07/29 16:55:53 [Info] access.go:61 *goflow.HistoryTaskActor f61b6961-cfe4-479e-b106-dc6e25991b01 inserted
2017/07/29 16:55:53 [Info] access.go:79 *goflow.TaskActor f61b6961-cfe4-479e-b106-dc6e25991b01 deleted
2017/07/29 16:55:53 [Info] access.go:61 *goflow.HistoryTask 66353e68-5537-4cb2-8dc3-3b728d6c7329 inserted
2017/07/29 16:55:53 [Info] access.go:79 *goflow.Task 66353e68-5537-4cb2-8dc3-3b728d6c7329 deleted
2017/07/29 16:55:53 [Info] access.go:61 *goflow.HistoryTaskActor 316203e2-9713-4e90-b418-5c2875f221af inserted
2017/07/29 16:55:53 [Info] access.go:79 *goflow.TaskActor 316203e2-9713-4e90-b418-5c2875f221af deleted
2017/07/29 16:55:53 [Info] access.go:61 *goflow.HistoryTask 2a2683fb-d9eb-4e85-86e0-0f692200dfa4 inserted
2017/07/29 16:55:53 [Info] access.go:79 *goflow.Task 2a2683fb-d9eb-4e85-86e0-0f692200dfa4 deleted
2017/07/29 16:55:53 [Info] access.go:61 *goflow.HistoryTaskActor 703ad204-8d5d-4b94-8b99-8f97108a4d34 inserted
2017/07/29 16:55:53 [Info] access.go:79 *goflow.TaskActor 703ad204-8d5d-4b94-8b99-8f97108a4d34 deleted
2017/07/29 16:55:53 [Info] access.go:61 *goflow.HistoryTask 1f887e58-ed10-4a3d-9deb-787a9298875b inserted
2017/07/29 16:55:53 [Info] access.go:79 *goflow.Task 1f887e58-ed10-4a3d-9deb-787a9298875b deleted
2017/07/29 16:55:53 [Info] access.go:61 *goflow.HistoryTaskActor 4edebddf-481b-40e2-9319-ea7492a96d52 inserted
2017/07/29 16:55:53 [Info] access.go:79 *goflow.TaskActor 4edebddf-481b-40e2-9319-ea7492a96d52 deleted
2017/07/29 16:55:53 [Info] access.go:61 *goflow.HistoryTask 7679d0e8-afbe-4cb9-94a2-6efe3a3bd67e inserted
2017/07/29 16:55:53 [Info] access.go:79 *goflow.Task 7679d0e8-afbe-4cb9-94a2-6efe3a3bd67e deleted
2017/07/29 16:55:53 [Info] access.go:61 *goflow.HistoryTaskActor 52dbb328-ff80-4c2e-9e12-87a8af2ead4b inserted
2017/07/29 16:55:53 [Info] access.go:79 *goflow.TaskActor 52dbb328-ff80-4c2e-9e12-87a8af2ead4b deleted
2017/07/29 16:55:53 [Info] access.go:61 *goflow.HistoryTask 0d4369ce-0c38-400d-912a-5101b9339bc9 inserted
2017/07/29 16:55:53 [Info] access.go:79 *goflow.Task 0d4369ce-0c38-400d-912a-5101b9339bc9 deleted
2017/07/29 16:55:53 [Info] access.go:61 *goflow.HistoryTaskActor 2da5f60e-1dd8-4f2c-a122-005e8fe7cd0a inserted
2017/07/29 16:55:53 [Info] access.go:79 *goflow.TaskActor 2da5f60e-1dd8-4f2c-a122-005e8fe7cd0a deleted
2017/07/29 16:55:53 [Info] access.go:61 *goflow.HistoryTask 86a01aeb-c305-40ce-bf11-7c9658c367ad inserted
2017/07/29 16:55:53 [Info] access.go:79 *goflow.Task 86a01aeb-c305-40ce-bf11-7c9658c367ad deleted
2017/07/29 16:55:53 [Info] access.go:61 *goflow.HistoryTaskActor 496910f4-c547-4e9c-9182-ee3b788188bb inserted
2017/07/29 16:55:53 [Info] access.go:79 *goflow.TaskActor 496910f4-c547-4e9c-9182-ee3b788188bb deleted
2017/07/29 16:55:53 [Info] access.go:61 *goflow.HistoryTask b8aa29d5-2e1d-41c8-9fe2-ca4434c18d7b inserted
2017/07/29 16:55:53 [Info] access.go:79 *goflow.Task b8aa29d5-2e1d-41c8-9fe2-ca4434c18d7b deleted
2017/07/29 16:55:53 [Info] access.go:61 *goflow.HistoryTaskActor 2f97e2f9-4d8a-4f6e-a8ae-4ee866e0bb32 inserted
2017/07/29 16:55:53 [Info] access.go:79 *goflow.TaskActor 2f97e2f9-4d8a-4f6e-a8ae-4ee866e0bb32 deleted
2017/07/29 16:55:53 [Info] access.go:61 *goflow.HistoryTask a2284520-957a-4096-ad67-362fafc41666 inserted
2017/07/29 16:55:53 [Info] access.go:79 *goflow.Task a2284520-957a-4096-ad67-362fafc41666 deleted
2017/07/29 16:55:53 [Info] access.go:61 *goflow.HistoryTaskActor 6e3b5bde-820b-4cdb-b3bb-75dd60f09ea3 inserted
2017/07/29 16:55:53 [Info] access.go:79 *goflow.TaskActor 6e3b5bde-820b-4cdb-b3bb-75dd60f09ea3 deleted
2017/07/29 16:55:53 [Info] access.go:61 *goflow.HistoryTask 19a6743c-729d-418c-bd0c-b1b789a32fef inserted
2017/07/29 16:55:53 [Info] access.go:79 *goflow.Task 19a6743c-729d-418c-bd0c-b1b789a32fef deleted
2017/07/29 16:55:53 [Info] access.go:61 *goflow.HistoryTaskActor ba5452d3-fbe3-4133-8330-0a880e6fd4be inserted
2017/07/29 16:55:53 [Info] access.go:79 *goflow.TaskActor ba5452d3-fbe3-4133-8330-0a880e6fd4be deleted
2017/07/29 16:55:53 [Info] access.go:61 *goflow.HistoryTask de4c7c4c-d6fa-49e2-b106-4fff388ed67d inserted
2017/07/29 16:55:53 [Info] access.go:79 *goflow.Task de4c7c4c-d6fa-49e2-b106-4fff388ed67d deleted
2017/07/29 16:55:53 [Info] access.go:61 *goflow.HistoryTaskActor cab92c4f-e09b-4f05-a5b1-e127b34a2604 inserted
2017/07/29 16:55:53 [Info] access.go:79 *goflow.TaskActor cab92c4f-e09b-4f05-a5b1-e127b34a2604 deleted
2017/07/29 16:55:53 [Info] access.go:61 *goflow.HistoryTask abd3743a-f5de-4015-80ba-7d40c792ef3c inserted
2017/07/29 16:55:53 [Info] access.go:79 *goflow.Task abd3743a-f5de-4015-80ba-7d40c792ef3c deleted
2017/07/29 16:55:53 [Info] access.go:61 *goflow.HistoryTaskActor bf94cb9a-cafe-4c82-b79c-e1fe8a5e552f inserted
2017/07/29 16:55:53 [Info] access.go:79 *goflow.TaskActor bf94cb9a-cafe-4c82-b79c-e1fe8a5e552f deleted
2017/07/29 16:55:53 [Info] access.go:61 *goflow.HistoryTask 271e8334-1d73-488e-b546-fdd0b9eba7ff inserted
2017/07/29 16:55:53 [Info] access.go:79 *goflow.Task 271e8334-1d73-488e-b546-fdd0b9eba7ff deleted
2017/07/29 16:55:53 [Info] access.go:61 *goflow.HistoryTaskActor 5bf626f9-5484-4657-a4b4-41a6e5573a95 inserted
2017/07/29 16:55:53 [Info] access.go:79 *goflow.TaskActor 5bf626f9-5484-4657-a4b4-41a6e5573a95 deleted
2017/07/29 16:55:53 [Info] access.go:70 *goflow.HistoryOrder 9e987b44-fef7-4e12-8a37-02f8e6644173 updated
2017/07/29 16:55:53 [Info] access.go:79 *goflow.Order 9e987b44-fef7-4e12-8a37-02f8e6644173 deleted
2017/07/29 16:57:16 [Info] access.go:30 user=%s password=%s host=%s port=%d dbname=%s sslmode=disable
2017/07/29 16:57:16 [Info] access.go:34 user=postgres password=123456 host=localhost port=5432 dbname=postgres sslmode=disable
2017/07/29 16:57:17 [Info] access.go:61 *goflow.Process 73b58b89-0fa8-44c7-a524-d4c871b83cf8 inserted
2017/07/29 16:57:17 [Info] access.go:61 *goflow.Order 4f7f0a4f-75b3-446b-a81c-108ae8a29880 inserted
2017/07/29 16:57:17 [Info] access.go:61 *goflow.HistoryOrder 4f7f0a4f-75b3-446b-a81c-108ae8a29880 inserted
2017/07/29 16:57:17 [Info] access.go:61 *goflow.Task 3d0d8634-af40-44dd-9220-e5288125094b inserted
2017/07/29 16:57:17 [Info] access.go:61 *goflow.TaskActor 097b850e-139f-449d-8418-44d147126224 inserted
2017/07/29 16:57:17 [Info] access.go:61 *goflow.Task 5190bb59-726e-4f49-9e27-8aa5d4ef2dde inserted
2017/07/29 16:57:17 [Info] access.go:61 *goflow.TaskActor 5192598b-fca9-4cf5-b5e5-3734785d9211 inserted
2017/07/29 16:57:17 [Info] access.go:61 *goflow.Task 06e78f68-3096-4b8b-a3fb-97ddabd6dd88 inserted
2017/07/29 16:57:17 [Info] access.go:61 *goflow.TaskActor 14529b4b-65fd-471d-9d1e-43ace9d98519 inserted
2017/07/29 16:57:17 [Info] access.go:61 *goflow.Task 45a58f2f-e4ae-4bda-9e13-d34c6817cb24 inserted
2017/07/29 16:57:17 [Info] access.go:61 *goflow.TaskActor 64cf8ed7-b1b5-40b8-8648-24354b1d15e4 inserted
2017/07/29 16:59:07 [Info] access.go:30 user=%s password=%s host=%s port=%d dbname=%s sslmode=disable
2017/07/29 16:59:07 [Info] access.go:34 user=postgres password=123456 host=localhost port=5432 dbname=postgres sslmode=disable
2017/07/29 16:59:07 [Info] access.go:61 *goflow.Process 34777a6f-578b-47e9-bab8-6b4f5acf0f98 inserted
2017/07/29 16:59:07 [Info] access.go:61 *goflow.Order 87c2c6ad-87a8-4430-9be7-792a50a4fce3 inserted
2017/07/29 16:59:07 [Info] access.go:61 *goflow.HistoryOrder 87c2c6ad-87a8-4430-9be7-792a50a4fce3 inserted
2017/07/29 16:59:07 [Info] access.go:61 *goflow.Task 321a9aaa-11ab-4c9d-9c8e-6c6fa0fa9cc4 inserted
2017/07/29 16:59:07 [Info] access.go:61 *goflow.TaskActor 7e58a49e-87bd-4651-96d3-254de767eb4f inserted
2017/07/29 16:59:07 [Info] access.go:61 *goflow.Task 7c279f29-3107-4a87-bdef-3a9e5a8f3b65 inserted
2017/07/29 16:59:07 [Info] access.go:61 *goflow.TaskActor 3add739a-ab01-4880-9b41-e76fa268dd52 inserted
2017/07/29 16:59:07 [Info] access.go:61 *goflow.Task b609f58a-a570-4b72-9728-18cd42e1108c inserted
2017/07/29 16:59:07 [Info] access.go:61 *goflow.TaskActor cea62931-63c4-42e1-9e74-192723021929 inserted
2017/07/29 16:59:07 [Info] access.go:61 *goflow.Task 290e9e46-11a0-4e90-a54b-7f4410741516 inserted
2017/07/29 16:59:07 [Info] access.go:61 *goflow.TaskActor dcbe0f25-69eb-440e-9f99-423e514fc8f1 inserted
2017/07/29 17:10:33 [Info] access.go:30 user=%s password=%s host=%s port=%d dbname=%s sslmode=disable
2017/07/29 17:10:33 [Info] access.go:34 user=postgres password=123456 host=localhost port=5432 dbname=postgres sslmode=disable
2017/07/29 17:10:34 [Info] access.go:61 *goflow.Process 8aa1e6bc-2067-409f-b1de-795e189dcb7b inserted
2017/07/29 17:10:34 [Info] access.go:61 *goflow.Order c1e0bcad-cddf-47e8-9504-1e71d7c68c5b inserted
2017/07/29 17:10:34 [Info] access.go:61 *goflow.HistoryOrder c1e0bcad-cddf-47e8-9504-1e71d7c68c5b inserted
2017/07/29 17:10:34 [Info] access.go:61 *goflow.Task b9b9bc9a-70ea-4f0e-9b0e-90a9f8045dc4 inserted
2017/07/29 17:10:34 [Info] access.go:61 *goflow.TaskActor 696bdcd6-5dfe-40e0-af96-d75a9b4cf198 inserted
2017/07/29 17:10:34 [Info] access.go:61 *goflow.Task e9c453f9-54ee-42ce-8399-5fa64689507f inserted
2017/07/29 17:10:34 [Info] access.go:61 *goflow.TaskActor 263a1cc8-a338-4db7-87ef-88282c6eb8c0 inserted
2017/07/29 17:10:34 [Info] access.go:61 *goflow.Task bfbc02ef-739f-4573-8a61-1147ee94ea6c inserted
2017/07/29 17:10:34 [Info] access.go:61 *goflow.TaskActor 094ed853-981b-41a0-b205-7334e55e767b inserted
2017/07/29 17:10:34 [Info] access.go:61 *goflow.Task d74bf52b-b8f1-47ef-bef7-d48607096797 inserted
2017/07/29 17:10:34 [Info] access.go:61 *goflow.TaskActor 59302b30-5ccb-4012-b1da-31badc08f1ea inserted
2017/07/29 17:10:34 [Info] access.go:61 *goflow.Task 40ba0efd-0eff-43fd-89b6-57afc9aa0511 inserted
2017/07/29 17:10:34 [Info] access.go:61 *goflow.TaskActor e5a4e8cc-cdf9-4174-8dd9-ef686362ced3 inserted
2017/07/29 17:10:34 [Info] access.go:61 *goflow.Task 7f2a88f4-24ff-40b8-8760-3f1343b7458f inserted
2017/07/29 17:10:34 [Info] access.go:61 *goflow.TaskActor ee04f68f-a455-4b8e-ad1f-c4d1b26ca89a inserted
2017/07/29 17:10:34 [Info] access.go:61 *goflow.Task 25057dbe-a17b-46a8-8abf-d981fe3e41e1 inserted
2017/07/29 17:10:34 [Info] access.go:61 *goflow.TaskActor d2cb1f6c-9639-4d6f-883b-dc4fbb161348 inserted
2017/07/29 17:10:34 [Info] access.go:61 *goflow.Task 49581559-c7e3-4c03-bc29-fb4c11d1ccf3 inserted
2017/07/29 17:10:34 [Info] access.go:61 *goflow.TaskActor 097d3754-a256-422f-ae20-de306140c76e inserted
2017/07/29 17:10:34 [Info] access.go:61 *goflow.Task 1298a5b0-a15b-46c3-a1eb-d2239d6d7cdb inserted
2017/07/29 17:10:34 [Info] access.go:61 *goflow.TaskActor d55e45ca-96d6-4f4a-a46f-9a635f1dff3e inserted
2017/07/29 17:10:34 [Info] access.go:61 *goflow.Task 254cd8ad-e82f-4499-a472-2d76b9b742bb inserted
2017/07/29 17:10:34 [Info] access.go:61 *goflow.TaskActor de434c87-f624-4bb9-bd32-52b3d2850f00 inserted
2017/07/29 17:10:34 [Info] access.go:61 *goflow.Task 3bb1767f-b823-4094-8fbe-186c748ccc76 inserted
2017/07/29 17:10:34 [Info] access.go:61 *goflow.TaskActor 69244694-4150-45a7-b4a3-2ba012517577 inserted
2017/07/29 17:10:34 [Info] access.go:61 *goflow.Task f89236f6-0c54-407f-a8aa-9e6732484569 inserted
2017/07/29 17:10:34 [Info] access.go:61 *goflow.TaskActor 8c8aa184-5230-4406-8ebc-366972fed5a0 inserted
2017/07/29 17:10:34 [Info] access.go:61 *goflow.Task f31cc036-f9d3-462a-9679-7b8cdce82eeb inserted
2017/07/29 17:10:34 [Info] access.go:61 *goflow.TaskActor 84beae8f-c1dd-4980-88a7-9aa6179e53c3 inserted
2017/07/29 17:10:34 [Info] access.go:61 *goflow.Task 02c6a4f2-32e6-4a68-b92e-29d6781a21e5 inserted
2017/07/29 17:10:34 [Info] access.go:61 *goflow.TaskActor 410ed1d7-f663-44cd-9fe1-f8da2b9f5777 inserted
2017/07/29 17:10:34 [Info] access.go:61 *goflow.Task 41883d32-a065-4f8c-8122-a290a1923f5e inserted
2017/07/29 17:10:34 [Info] access.go:61 *goflow.TaskActor e3aa725a-a6db-4364-b5ed-fc3110d6da1c inserted
2017/07/29 17:10:34 [Info] access.go:61 *goflow.Task 176d13f9-c5bd-460e-b0e7-6d659a410ec9 inserted
2017/07/29 17:10:34 [Info] access.go:61 *goflow.TaskActor 11af9fa5-1289-4a5d-b953-05f540a5740a inserted
2017/07/29 17:10:34 [Info] access.go:61 *goflow.Task ac31c190-9826-44be-bccb-ea6a3042c700 inserted
2017/07/29 17:10:34 [Info] access.go:61 *goflow.TaskActor 2c0ed3f7-52a9-4567-af9a-69e454ca51ac inserted
2017/07/29 17:10:34 [Info] access.go:61 *goflow.Task 0cbf8083-81e7-44b3-ba17-bafdbbced697 inserted
2017/07/29 17:10:34 [Info] access.go:61 *goflow.TaskActor 6d886144-926f-4494-a973-4386a74fbaa7 inserted
2017/07/29 17:10:34 [Info] access.go:61 *goflow.Task 93772c35-6b69-46bb-a2cf-08adac3eef48 inserted
2017/07/29 17:10:34 [Info] access.go:61 *goflow.TaskActor 84c38045-113e-417c-8e82-391b0820b177 inserted
2017/07/29 17:10:34 [Info] access.go:61 *goflow.Task 27348a95-ef36-47d5-bc46-8416057aecf2 inserted
2017/07/29 17:10:34 [Info] access.go:61 *goflow.TaskActor 10654649-89a1-432c-aad7-422ed7333ac3 inserted
2017/07/29 17:10:34 [Info] access.go:61 *goflow.Task d1551f91-a92c-445c-b806-d99e3b8f9cb4 inserted
2017/07/29 17:10:34 [Info] access.go:61 *goflow.TaskActor 5115efbf-cfb7-4c34-b329-6aa4e9aba626 inserted
2017/07/29 17:10:34 [Info] access.go:61 *goflow.Task 8441b76f-9733-41e1-83b6-adce31d76196 inserted
2017/07/29 17:10:34 [Info] access.go:61 *goflow.TaskActor e0e15f15-a34b-4db4-9717-55cdbedbc33e inserted
2017/07/29 17:10:34 [Info] access.go:61 *goflow.Task 3b54c41e-013c-4e82-999b-c423d598b66f inserted
2017/07/29 17:10:34 [Info] access.go:61 *goflow.TaskActor 7f222965-1201-41e5-ad6c-1c3d69417060 inserted
2017/07/29 17:10:34 [Info] access.go:61 *goflow.Task 0fcce696-5ab0-4741-a90e-98ef5225b452 inserted
2017/07/29 17:10:34 [Info] access.go:61 *goflow.TaskActor de27a30b-c7b3-4d2b-9820-52427694a530 inserted
2017/07/29 17:10:34 [Info] access.go:61 *goflow.Task b326b4cb-23e2-49d3-959a-5cd15b54dfc9 inserted
2017/07/29 17:10:34 [Info] access.go:61 *goflow.TaskActor b89e3b5e-a87f-4e3a-a1c9-2f57ee1252d3 inserted
2017/07/29 17:10:34 [Info] access.go:61 *goflow.Task 55d03f42-2d40-4ffb-a27e-3c70108f552a inserted
2017/07/29 17:10:34 [Info] access.go:61 *goflow.TaskActor 85db6569-e804-44d7-b9bf-bd2e5624e27e inserted
2017/07/29 17:10:34 [Info] access.go:61 *goflow.Task f7918098-b8b6-4b30-8310-220bc0b99437 inserted
2017/07/29 17:10:34 [Info] access.go:61 *goflow.TaskActor bcb332bf-7204-4afa-9314-6e7feee76104 inserted
2017/07/29 17:10:34 [Info] access.go:61 *goflow.Task d98a2f3d-7dca-40c2-9297-0258d93ce3e8 inserted
2017/07/29 17:10:34 [Info] access.go:61 *goflow.TaskActor e910a2bf-4b38-42c1-b746-d8183912075d inserted
2017/07/29 17:10:34 [Info] access.go:61 *goflow.Task aba9f5d2-0b07-44d3-8bc5-907932887b6e inserted
2017/07/29 17:10:34 [Info] access.go:61 *goflow.TaskActor 3e14a8cc-f25e-4aea-b459-d1b2fccf794d inserted
2017/07/29 17:10:34 [Info] access.go:61 *goflow.Task d431302c-c088-4ae6-b690-10645674cfcb inserted
2017/07/29 17:10:34 [Info] access.go:61 *goflow.TaskActor 78bf439f-6340-4721-8a29-8b3fb20047a5 inserted
2017/07/29 17:10:34 [Info] access.go:61 *goflow.Task 1249c5f9-6fcf-4f4d-aa63-58f23f5fb81c inserted
2017/07/29 17:10:34 [Info] access.go:61 *goflow.TaskActor 2802fc60-d39d-40bb-b7dc-aec484e6469a inserted
2017/07/29 17:10:34 [Info] access.go:61 *goflow.HistoryTask b9b9bc9a-70ea-4f0e-9b0e-90a9f8045dc4 inserted
2017/07/29 17:10:34 [Info] access.go:79 *goflow.Task b9b9bc9a-70ea-4f0e-9b0e-90a9f8045dc4 deleted
2017/07/29 17:10:34 [Info] access.go:61 *goflow.HistoryTaskActor 696bdcd6-5dfe-40e0-af96-d75a9b4cf198 inserted
2017/07/29 17:10:34 [Info] access.go:79 *goflow.TaskActor 696bdcd6-5dfe-40e0-af96-d75a9b4cf198 deleted
2017/07/29 17:10:34 [Info] access.go:61 *goflow.HistoryTask e9c453f9-54ee-42ce-8399-5fa64689507f inserted
2017/07/29 17:10:34 [Info] access.go:79 *goflow.Task e9c453f9-54ee-42ce-8399-5fa64689507f deleted
2017/07/29 17:10:34 [Info] access.go:61 *goflow.HistoryTaskActor 263a1cc8-a338-4db7-87ef-88282c6eb8c0 inserted
2017/07/29 17:10:34 [Info] access.go:79 *goflow.TaskActor 263a1cc8-a338-4db7-87ef-88282c6eb8c0 deleted
2017/07/29 17:10:34 [Info] access.go:61 *goflow.HistoryTask bfbc02ef-739f-4573-8a61-1147ee94ea6c inserted
2017/07/29 17:10:34 [Info] access.go:79 *goflow.Task bfbc02ef-739f-4573-8a61-1147ee94ea6c deleted
2017/07/29 17:10:34 [Info] access.go:61 *goflow.HistoryTaskActor 094ed853-981b-41a0-b205-7334e55e767b inserted
2017/07/29 17:10:34 [Info] access.go:79 *goflow.TaskActor 094ed853-981b-41a0-b205-7334e55e767b deleted
2017/07/29 17:10:34 [Info] access.go:61 *goflow.HistoryTask d74bf52b-b8f1-47ef-bef7-d48607096797 inserted
2017/07/29 17:10:34 [Info] access.go:79 *goflow.Task d74bf52b-b8f1-47ef-bef7-d48607096797 deleted
2017/07/29 17:10:34 [Info] access.go:61 *goflow.HistoryTaskActor 59302b30-5ccb-4012-b1da-31badc08f1ea inserted
2017/07/29 17:10:34 [Info] access.go:79 *goflow.TaskActor 59302b30-5ccb-4012-b1da-31badc08f1ea deleted
2017/07/29 17:10:34 [Info] access.go:61 *goflow.HistoryTask 40ba0efd-0eff-43fd-89b6-57afc9aa0511 inserted
2017/07/29 17:10:34 [Info] access.go:79 *goflow.Task 40ba0efd-0eff-43fd-89b6-57afc9aa0511 deleted
2017/07/29 17:10:34 [Info] access.go:61 *goflow.HistoryTaskActor e5a4e8cc-cdf9-4174-8dd9-ef686362ced3 inserted
2017/07/29 17:10:34 [Info] access.go:79 *goflow.TaskActor e5a4e8cc-cdf9-4174-8dd9-ef686362ced3 deleted
2017/07/29 17:10:34 [Info] access.go:61 *goflow.HistoryTask 7f2a88f4-24ff-40b8-8760-3f1343b7458f inserted
2017/07/29 17:10:34 [Info] access.go:79 *goflow.Task 7f2a88f4-24ff-40b8-8760-3f1343b7458f deleted
2017/07/29 17:10:34 [Info] access.go:61 *goflow.HistoryTaskActor ee04f68f-a455-4b8e-ad1f-c4d1b26ca89a inserted
2017/07/29 17:10:34 [Info] access.go:79 *goflow.TaskActor ee04f68f-a455-4b8e-ad1f-c4d1b26ca89a deleted
2017/07/29 17:10:34 [Info] access.go:61 *goflow.HistoryTask 25057dbe-a17b-46a8-8abf-d981fe3e41e1 inserted
2017/07/29 17:10:34 [Info] access.go:79 *goflow.Task 25057dbe-a17b-46a8-8abf-d981fe3e41e1 deleted
2017/07/29 17:10:34 [Info] access.go:61 *goflow.HistoryTaskActor d2cb1f6c-9639-4d6f-883b-dc4fbb161348 inserted
2017/07/29 17:10:34 [Info] access.go:79 *goflow.TaskActor d2cb1f6c-9639-4d6f-883b-dc4fbb161348 deleted
2017/07/29 17:10:34 [Info] access.go:61 *goflow.HistoryTask 49581559-c7e3-4c03-bc29-fb4c11d1ccf3 inserted
2017/07/29 17:10:34 [Info] access.go:79 *goflow.Task 49581559-c7e3-4c03-bc29-fb4c11d1ccf3 deleted
2017/07/29 17:10:34 [Info] access.go:61 *goflow.HistoryTaskActor 097d3754-a256-422f-ae20-de306140c76e inserted
2017/07/29 17:10:34 [Info] access.go:79 *goflow.TaskActor 097d3754-a256-422f-ae20-de306140c76e deleted
2017/07/29 17:10:34 [Info] access.go:61 *goflow.HistoryTask 1298a5b0-a15b-46c3-a1eb-d2239d6d7cdb inserted
2017/07/29 17:10:34 [Info] access.go:79 *goflow.Task 1298a5b0-a15b-46c3-a1eb-d2239d6d7cdb deleted
2017/07/29 17:10:34 [Info] access.go:61 *goflow.HistoryTaskActor d55e45ca-96d6-4f4a-a46f-9a635f1dff3e inserted
2017/07/29 17:10:34 [Info] access.go:79 *goflow.TaskActor d55e45ca-96d6-4f4a-a46f-9a635f1dff3e deleted
2017/07/29 17:10:34 [Info] access.go:61 *goflow.HistoryTask 254cd8ad-e82f-4499-a472-2d76b9b742bb inserted
2017/07/29 17:10:34 [Info] access.go:79 *goflow.Task 254cd8ad-e82f-4499-a472-2d76b9b742bb deleted
2017/07/29 17:10:34 [Info] access.go:61 *goflow.HistoryTaskActor de434c87-f624-4bb9-bd32-52b3d2850f00 inserted
2017/07/29 17:10:34 [Info] access.go:79 *goflow.TaskActor de434c87-f624-4bb9-bd32-52b3d2850f00 deleted
2017/07/29 17:10:34 [Info] access.go:61 *goflow.HistoryTask 3bb1767f-b823-4094-8fbe-186c748ccc76 inserted
2017/07/29 17:10:34 [Info] access.go:79 *goflow.Task 3bb1767f-b823-4094-8fbe-186c748ccc76 deleted
2017/07/29 17:10:34 [Info] access.go:61 *goflow.HistoryTaskActor 69244694-4150-45a7-b4a3-2ba012517577 inserted
2017/07/29 17:10:34 [Info] access.go:79 *goflow.TaskActor 69244694-4150-45a7-b4a3-2ba012517577 deleted
2017/07/29 17:10:34 [Info] access.go:61 *goflow.HistoryTask f89236f6-0c54-407f-a8aa-9e6732484569 inserted
2017/07/29 17:10:34 [Info] access.go:79 *goflow.Task f89236f6-0c54-407f-a8aa-9e6732484569 deleted
2017/07/29 17:10:34 [Info] access.go:61 *goflow.HistoryTaskActor 8c8aa184-5230-4406-8ebc-366972fed5a0 inserted
2017/07/29 17:10:34 [Info] access.go:79 *goflow.TaskActor 8c8aa184-5230-4406-8ebc-366972fed5a0 deleted
2017/07/29 17:10:34 [Info] access.go:61 *goflow.HistoryTask f31cc036-f9d3-462a-9679-7b8cdce82eeb inserted
2017/07/29 17:10:34 [Info] access.go:79 *goflow.Task f31cc036-f9d3-462a-9679-7b8cdce82eeb deleted
2017/07/29 17:10:34 [Info] access.go:61 *goflow.HistoryTaskActor 84beae8f-c1dd-4980-88a7-9aa6179e53c3 inserted
2017/07/29 17:10:34 [Info] access.go:79 *goflow.TaskActor 84beae8f-c1dd-4980-88a7-9aa6179e53c3 deleted
2017/07/29 17:10:34 [Info] access.go:61 *goflow.HistoryTask 02c6a4f2-32e6-4a68-b92e-29d6781a21e5 inserted
2017/07/29 17:10:34 [Info] access.go:79 *goflow.Task 02c6a4f2-32e6-4a68-b92e-29d6781a21e5 deleted
2017/07/29 17:10:34 [Info] access.go:61 *goflow.HistoryTaskActor 410ed1d7-f663-44cd-9fe1-f8da2b9f5777 inserted
2017/07/29 17:10:34 [Info] access.go:79 *goflow.TaskActor 410ed1d7-f663-44cd-9fe1-f8da2b9f5777 deleted
2017/07/29 17:10:34 [Info] access.go:61 *goflow.HistoryTask 41883d32-a065-4f8c-8122-a290a1923f5e inserted
2017/07/29 17:10:34 [Info] access.go:79 *goflow.Task 41883d32-a065-4f8c-8122-a290a1923f5e deleted
2017/07/29 17:10:34 [Info] access.go:61 *goflow.HistoryTaskActor e3aa725a-a6db-4364-b5ed-fc3110d6da1c inserted
2017/07/29 17:10:34 [Info] access.go:79 *goflow.TaskActor e3aa725a-a6db-4364-b5ed-fc3110d6da1c deleted
2017/07/29 17:10:34 [Info] access.go:61 *goflow.HistoryTask 176d13f9-c5bd-460e-b0e7-6d659a410ec9 inserted
2017/07/29 17:10:34 [Info] access.go:79 *goflow.Task 176d13f9-c5bd-460e-b0e7-6d659a410ec9 deleted
2017/07/29 17:10:34 [Info] access.go:61 *goflow.HistoryTaskActor 11af9fa5-1289-4a5d-b953-05f540a5740a inserted
2017/07/29 17:10:34 [Info] access.go:79 *goflow.TaskActor 11af9fa5-1289-4a5d-b953-05f540a5740a deleted
2017/07/29 17:10:34 [Info] access.go:61 *goflow.HistoryTask ac31c190-9826-44be-bccb-ea6a3042c700 inserted
2017/07/29 17:10:34 [Info] access.go:79 *goflow.Task ac31c190-9826-44be-bccb-ea6a3042c700 deleted
2017/07/29 17:10:34 [Info] access.go:61 *goflow.HistoryTaskActor 2c0ed3f7-52a9-4567-af9a-69e454ca51ac inserted
2017/07/29 17:10:34 [Info] access.go:79 *goflow.TaskActor 2c0ed3f7-52a9-4567-af9a-69e454ca51ac deleted
2017/07/29 17:10:34 [Info] access.go:61 *goflow.HistoryTask 0cbf8083-81e7-44b3-ba17-bafdbbced697 inserted
2017/07/29 17:10:34 [Info] access.go:79 *goflow.Task 0cbf8083-81e7-44b3-ba17-bafdbbced697 deleted
2017/07/29 17:10:34 [Info] access.go:61 *goflow.HistoryTaskActor 6d886144-926f-4494-a973-4386a74fbaa7 inserted
2017/07/29 17:10:34 [Info] access.go:79 *goflow.TaskActor 6d886144-926f-4494-a973-4386a74fbaa7 deleted
2017/07/29 17:10:34 [Info] access.go:61 *goflow.HistoryTask 93772c35-6b69-46bb-a2cf-08adac3eef48 inserted
2017/07/29 17:10:34 [Info] access.go:79 *goflow.Task 93772c35-6b69-46bb-a2cf-08adac3eef48 deleted
2017/07/29 17:10:34 [Info] access.go:61 *goflow.HistoryTaskActor 84c38045-113e-417c-8e82-391b0820b177 inserted
2017/07/29 17:10:34 [Info] access.go:79 *goflow.TaskActor 84c38045-113e-417c-8e82-391b0820b177 deleted
2017/07/29 17:10:34 [Info] access.go:61 *goflow.HistoryTask 27348a95-ef36-47d5-bc46-8416057aecf2 inserted
2017/07/29 17:10:34 [Info] access.go:79 *goflow.Task 27348a95-ef36-47d5-bc46-8416057aecf2 deleted
2017/07/29 17:10:34 [Info] access.go:61 *goflow.HistoryTaskActor 10654649-89a1-432c-aad7-422ed7333ac3 inserted
2017/07/29 17:10:34 [Info] access.go:79 *goflow.TaskActor 10654649-89a1-432c-aad7-422ed7333ac3 deleted
2017/07/29 17:10:34 [Info] access.go:61 *goflow.HistoryTask d1551f91-a92c-445c-b806-d99e3b8f9cb4 inserted
2017/07/29 17:10:34 [Info] access.go:79 *goflow.Task d1551f91-a92c-445c-b806-d99e3b8f9cb4 deleted
2017/07/29 17:10:34 [Info] access.go:61 *goflow.HistoryTaskActor 5115efbf-cfb7-4c34-b329-6aa4e9aba626 inserted
2017/07/29 17:10:34 [Info] access.go:79 *goflow.TaskActor 5115efbf-cfb7-4c34-b329-6aa4e9aba626 deleted
2017/07/29 17:10:34 [Info] access.go:61 *goflow.HistoryTask 8441b76f-9733-41e1-83b6-adce31d76196 inserted
2017/07/29 17:10:34 [Info] access.go:79 *goflow.Task 8441b76f-9733-41e1-83b6-adce31d76196 deleted
2017/07/29 17:10:34 [Info] access.go:61 *goflow.HistoryTaskActor e0e15f15-a34b-4db4-9717-55cdbedbc33e inserted
2017/07/29 17:10:34 [Info] access.go:79 *goflow.TaskActor e0e15f15-a34b-4db4-9717-55cdbedbc33e deleted
2017/07/29 17:10:34 [Info] access.go:61 *goflow.HistoryTask 3b54c41e-013c-4e82-999b-c423d598b66f inserted
2017/07/29 17:10:34 [Info] access.go:79 *goflow.Task 3b54c41e-013c-4e82-999b-c423d598b66f deleted
2017/07/29 17:10:34 [Info] access.go:61 *goflow.HistoryTaskActor 7f222965-1201-41e5-ad6c-1c3d69417060 inserted
2017/07/29 17:10:34 [Info] access.go:79 *goflow.TaskActor 7f222965-1201-41e5-ad6c-1c3d69417060 deleted
2017/07/29 17:10:34 [Info] access.go:61 *goflow.HistoryTask 0fcce696-5ab0-4741-a90e-98ef5225b452 inserted
2017/07/29 17:10:34 [Info] access.go:79 *goflow.Task 0fcce696-5ab0-4741-a90e-98ef5225b452 deleted
2017/07/29 17:10:34 [Info] access.go:61 *goflow.HistoryTaskActor de27a30b-c7b3-4d2b-9820-52427694a530 inserted
2017/07/29 17:10:34 [Info] access.go:79 *goflow.TaskActor de27a30b-c7b3-4d2b-9820-52427694a530 deleted
2017/07/29 17:10:34 [Info] access.go:61 *goflow.HistoryTask b326b4cb-23e2-49d3-959a-5cd15b54dfc9 inserted
2017/07/29 17:10:34 [Info] access.go:79 *goflow.Task b326b4cb-23e2-49d3-959a-5cd15b54dfc9 deleted
2017/07/29 17:10:34 [Info] access.go:61 *goflow.HistoryTaskActor b89e3b5e-a87f-4e3a-a1c9-2f57ee1252d3 inserted
2017/07/29 17:10:34 [Info] access.go:79 *goflow.TaskActor b89e3b5e-a87f-4e3a-a1c9-2f57ee1252d3 deleted
2017/07/29 17:10:34 [Info] access.go:61 *goflow.HistoryTask 55d03f42-2d40-4ffb-a27e-3c70108f552a inserted
2017/07/29 17:10:34 [Info] access.go:79 *goflow.Task 55d03f42-2d40-4ffb-a27e-3c70108f552a deleted
2017/07/29 17:10:34 [Info] access.go:61 *goflow.HistoryTaskActor 85db6569-e804-44d7-b9bf-bd2e5624e27e inserted
2017/07/29 17:10:34 [Info] access.go:79 *goflow.TaskActor 85db6569-e804-44d7-b9bf-bd2e5624e27e deleted
2017/07/29 17:10:34 [Info] access.go:61 *goflow.HistoryTask f7918098-b8b6-4b30-8310-220bc0b99437 inserted
2017/07/29 17:10:34 [Info] access.go:79 *goflow.Task f7918098-b8b6-4b30-8310-220bc0b99437 deleted
2017/07/29 17:10:34 [Info] access.go:61 *goflow.HistoryTaskActor bcb332bf-7204-4afa-9314-6e7feee76104 inserted
2017/07/29 17:10:34 [Info] access.go:79 *goflow.TaskActor bcb332bf-7204-4afa-9314-6e7feee76104 deleted
2017/07/29 17:10:34 [Info] access.go:61 *goflow.HistoryTask d98a2f3d-7dca-40c2-9297-0258d93ce3e8 inserted
2017/07/29 17:10:34 [Info] access.go:79 *goflow.Task d98a2f3d-7dca-40c2-9297-0258d93ce3e8 deleted
2017/07/29 17:10:34 [Info] access.go:61 *goflow.HistoryTaskActor e910a2bf-4b38-42c1-b746-d8183912075d inserted
2017/07/29 17:10:34 [Info] access.go:79 *goflow.TaskActor e910a2bf-4b38-42c1-b746-d8183912075d deleted
2017/07/29 17:10:34 [Info] access.go:61 *goflow.HistoryTask aba9f5d2-0b07-44d3-8bc5-907932887b6e inserted
2017/07/29 17:10:34 [Info] access.go:79 *goflow.Task aba9f5d2-0b07-44d3-8bc5-907932887b6e deleted
2017/07/29 17:10:34 [Info] access.go:61 *goflow.HistoryTaskActor 3e14a8cc-f25e-4aea-b459-d1b2fccf794d inserted
2017/07/29 17:10:34 [Info] access.go:79 *goflow.TaskActor 3e14a8cc-f25e-4aea-b459-d1b2fccf794d deleted
2017/07/29 17:10:34 [Info] access.go:61 *goflow.HistoryTask d431302c-c088-4ae6-b690-10645674cfcb inserted
2017/07/29 17:10:34 [Info] access.go:79 *goflow.Task d431302c-c088-4ae6-b690-10645674cfcb deleted
2017/07/29 17:10:34 [Info] access.go:61 *goflow.HistoryTaskActor 78bf439f-6340-4721-8a29-8b3fb20047a5 inserted
2017/07/29 17:10:34 [Info] access.go:79 *goflow.TaskActor 78bf439f-6340-4721-8a29-8b3fb20047a5 deleted
2017/07/29 17:10:34 [Info] access.go:61 *goflow.HistoryTask 1249c5f9-6fcf-4f4d-aa63-58f23f5fb81c inserted
2017/07/29 17:10:34 [Info] access.go:79 *goflow.Task 1249c5f9-6fcf-4f4d-aa63-58f23f5fb81c deleted
2017/07/29 17:10:34 [Info] access.go:61 *goflow.HistoryTaskActor 2802fc60-d39d-40bb-b7dc-aec484e6469a inserted
2017/07/29 17:10:34 [Info] access.go:79 *goflow.TaskActor 2802fc60-d39d-40bb-b7dc-aec484e6469a deleted
2017/07/29 17:10:34 [Info] access.go:70 *goflow.HistoryOrder c1e0bcad-cddf-47e8-9504-1e71d7c68c5b updated
2017/07/29 17:10:34 [Info] access.go:79 *goflow.Order c1e0bcad-cddf-47e8-9504-1e71d7c68c5b deleted
2017/07/29 17:16:55 [Info] access.go:30 user=%s password=%s host=%s port=%d dbname=%s sslmode=disable
2017/07/29 17:16:55 [Info] access.go:34 user=postgres password=123456 host=localhost port=5432 dbname=postgres sslmode=disable
2017/07/29 17:16:55 [Info] access.go:61 *goflow.Process 101a38f3-dd78-468e-b54e-08bb624b5337 inserted
2017/07/29 17:16:55 [Info] access.go:61 *goflow.Order b249f71f-c19b-467a-984c-9294e1d232c6 inserted
2017/07/29 17:16:55 [Info] access.go:61 *goflow.HistoryOrder b249f71f-c19b-467a-984c-9294e1d232c6 inserted
2017/07/29 17:16:55 [Info] access.go:61 *goflow.Task 1e55239c-1d82-4088-b2a5-8f701799d42d inserted
2017/07/29 17:16:55 [Info] access.go:61 *goflow.TaskActor a561710f-791e-4b05-930d-2a5691947148 inserted
2017/07/29 17:16:55 [Info] access.go:61 *goflow.Task df14b5ab-4670-4ef1-a446-a52b84333a41 inserted
2017/07/29 17:16:55 [Info] access.go:61 *goflow.TaskActor 5650d58c-0bc1-49ec-b8a5-8be4279006a0 inserted
2017/07/29 17:18:23 [Info] access.go:61 *goflow.Task 454555ae-2943-4363-806d-cb32432e3425 inserted
2017/07/29 17:18:23 [Info] access.go:61 *goflow.TaskActor 23e16f3e-96e3-47d7-9143-d4fa9c18cba7 inserted
2017/07/29 17:18:23 [Info] access.go:61 *goflow.Task c88313bc-c6e9-461c-99b6-a47de38fd9a7 inserted
2017/07/29 17:18:23 [Info] access.go:61 *goflow.TaskActor 1c1f153d-319a-4a0f-8e87-a1a27033c633 inserted
2017/07/29 17:29:59 [Info] access.go:61 *goflow.Task 6f3d8bf2-d8c9-44de-b30a-f65e9807df03 inserted
2017/07/29 17:29:59 [Info] access.go:61 *goflow.TaskActor dbe49fa4-67f7-4810-affa-3318339edcf9 inserted
2017/07/29 17:29:59 [Info] access.go:61 *goflow.Task 4737a1d6-7bbb-4ec5-93e1-8597afa26d9e inserted
2017/07/29 17:29:59 [Info] access.go:61 *goflow.TaskActor 6f02f3fb-8555-4ab1-8db1-7e67b6163926 inserted
2017/07/29 17:29:59 [Info] access.go:61 *goflow.Task 2bef9d8c-7cd8-457d-bfb0-9e4a01378a9f inserted
2017/07/29 17:29:59 [Info] access.go:61 *goflow.TaskActor a16d9d9b-2659-425a-8759-ac71ce1c340a inserted
2017/07/29 17:29:59 [Info] access.go:61 *goflow.Task 9d31def9-2045-4f67-a535-8f7ecf542715 inserted
2017/07/29 17:29:59 [Info] access.go:61 *goflow.TaskActor ed6176fb-72df-4a63-9dfe-eb35a70cabc0 inserted
2017/07/29 17:31:36 [Info] access.go:61 *goflow.Task c5d5f11e-6729-454d-9ad9-1f1c647dad28 inserted
2017/07/29 17:31:36 [Info] access.go:61 *goflow.TaskActor bb5207ae-77a5-4c26-a8ba-5114dfa80d55 inserted
2017/07/29 17:31:36 [Info] access.go:61 *goflow.Task 5150000a-35dc-4893-b7eb-3af737a3fc71 inserted
2017/07/29 17:31:36 [Info] access.go:61 *goflow.TaskActor ba4e983a-e78d-4b93-a685-0e1542ae4520 inserted
2017/07/29 17:31:36 [Info] access.go:61 *goflow.Task 6824498c-9e72-4e5a-a477-8520cec7bae6 inserted
2017/07/29 17:31:36 [Info] access.go:61 *goflow.TaskActor 17573b15-31ea-44eb-904f-fa88c0fe65bf inserted
2017/07/29 17:31:36 [Info] access.go:61 *goflow.Task eb5023b9-e60d-42d7-861f-b89a4b274521 inserted
2017/07/29 17:31:36 [Info] access.go:61 *goflow.TaskActor def464ce-3488-4c91-8fee-edf87bc3b9a4 inserted
2017/07/29 17:31:36 [Info] access.go:61 *goflow.Task 015810a3-7c9d-4856-a55f-49d11bc9ad63 inserted
2017/07/29 17:31:36 [Info] access.go:61 *goflow.TaskActor 5c0cbefd-1cc2-4e35-a14f-2325304483da inserted
2017/07/29 17:31:36 [Info] access.go:61 *goflow.Task 9b457a8f-545a-4e14-a892-b0a6fbb7b64d inserted
2017/07/29 17:31:36 [Info] access.go:61 *goflow.TaskActor 0a6d76bc-1646-4670-8813-59ba2cabeba7 inserted
2017/07/29 17:31:36 [Info] access.go:61 *goflow.Task 99a09c3e-bfe4-4775-ac42-11f0b0059cb1 inserted
2017/07/29 17:31:36 [Info] access.go:61 *goflow.TaskActor b72637ad-1f89-460c-badf-fe07f2729d32 inserted
2017/07/29 17:31:36 [Info] access.go:61 *goflow.Task 1933a828-7395-45ff-8ec3-9dfa39b43f69 inserted
2017/07/29 17:31:36 [Info] access.go:61 *goflow.TaskActor 3800abfa-2453-43d1-b804-0b7b270e5e9e inserted
2017/07/29 17:32:00 [Info] access.go:61 *goflow.Task 96b467cf-0f8a-4a50-98cb-73122b2ff033 inserted
2017/07/29 17:32:00 [Info] access.go:61 *goflow.TaskActor 2a3fecb9-433a-4d88-8763-c44d84670c63 inserted
2017/07/29 17:32:00 [Info] access.go:61 *goflow.Task 17d608f6-7aff-410a-ba51-32f8ca77c5ff inserted
2017/07/29 17:32:00 [Info] access.go:61 *goflow.TaskActor f39c71c0-42c8-4e7b-bd3c-04dc48ba862c inserted
2017/07/29 17:32:00 [Info] access.go:61 *goflow.Task fe091bea-3aed-44db-a176-5367c6bf29fc inserted
2017/07/29 17:32:00 [Info] access.go:61 *goflow.TaskActor c2425eb9-3425-4ea3-80da-2e04af405227 inserted
2017/07/29 17:32:00 [Info] access.go:61 *goflow.Task 2efbefa5-6519-4ea3-a5ff-f7889a86aed2 inserted
2017/07/29 17:32:00 [Info] access.go:61 *goflow.TaskActor 4bcac6bf-0d74-41fd-a397-c8d40afdf1d2 inserted
2017/07/29 17:32:00 [Info] access.go:61 *goflow.Task 9d8407a2-87e5-4009-8756-ac32f2691849 inserted
2017/07/29 17:32:00 [Info] access.go:61 *goflow.TaskActor ee0bc43a-0672-41dd-92ef-7c3911e0eee8 inserted
2017/07/29 17:32:00 [Info] access.go:61 *goflow.Task 5da3253a-7dfa-4189-a5af-dea3b1e89e0e inserted
2017/07/29 17:32:00 [Info] access.go:61 *goflow.TaskActor 3ca09d6f-df3e-42de-8c47-a213488c0316 inserted
2017/07/29 17:32:00 [Info] access.go:61 *goflow.Task e8706649-0e44-4f84-bf12-3700ab3cb6ba inserted
2017/07/29 17:32:00 [Info] access.go:61 *goflow.TaskActor adcad273-de41-4c4c-98b6-cc08968592b5 inserted
2017/07/29 17:32:00 [Info] access.go:61 *goflow.Task f56088d7-707c-4c94-86c8-b909edcbfd12 inserted
2017/07/29 17:32:00 [Info] access.go:61 *goflow.TaskActor 116f9d4f-02b1-41b3-a02e-480357aaee88 inserted
2017/07/29 17:32:00 [Info] access.go:61 *goflow.Task e28cbff9-d0ef-4926-9b47-88ed9cbec485 inserted
2017/07/29 17:32:00 [Info] access.go:61 *goflow.TaskActor e46a8709-9c0c-43e9-9c83-23d8097132b2 inserted
2017/07/29 17:32:00 [Info] access.go:61 *goflow.Task 57ba103f-c36e-4d8c-8801-0a8855ded312 inserted
2017/07/29 17:32:00 [Info] access.go:61 *goflow.TaskActor b4cfcc53-b6a2-4a63-a25d-0f5bef418788 inserted
2017/07/29 17:32:00 [Info] access.go:61 *goflow.Task 648c3c0e-2d2e-4532-8f2e-cf166d53f899 inserted
2017/07/29 17:32:00 [Info] access.go:61 *goflow.TaskActor fb9505b1-604c-4d22-8344-72ad1d28c6cc inserted
2017/07/29 17:32:00 [Info] access.go:61 *goflow.Task a316deb5-f594-438f-86c6-9ed45d3fba7a inserted
2017/07/29 17:32:00 [Info] access.go:61 *goflow.TaskActor cbff02ae-ef27-4820-8780-93487c58d1d0 inserted
2017/07/29 17:32:00 [Info] access.go:61 *goflow.Task 5247815f-beb2-4acf-9e5d-f8fc1034a59b inserted
2017/07/29 17:32:00 [Info] access.go:61 *goflow.TaskActor 49a70571-92fd-4c97-9985-5a302d3f03aa inserted
2017/07/29 17:32:00 [Info] access.go:61 *goflow.Task 23c1833d-cb1c-43c0-98c1-da3e36764bee inserted
2017/07/29 17:32:00 [Info] access.go:61 *goflow.TaskActor 5beb8cde-641b-4ab0-82f7-8d9e42c8d242 inserted
2017/07/29 17:32:00 [Info] access.go:61 *goflow.Task e33562ae-c15c-408d-bb61-ccc338de88d6 inserted
2017/07/29 17:32:00 [Info] access.go:61 *goflow.TaskActor f31b0f6e-d5e6-4ee4-8732-29251493ca0c inserted
2017/07/29 17:32:00 [Info] access.go:61 *goflow.HistoryTask 1e55239c-1d82-4088-b2a5-8f701799d42d inserted
2017/07/29 17:32:00 [Info] access.go:79 *goflow.Task 1e55239c-1d82-4088-b2a5-8f701799d42d deleted
2017/07/29 17:32:00 [Info] access.go:61 *goflow.HistoryTaskActor a561710f-791e-4b05-930d-2a5691947148 inserted
2017/07/29 17:32:00 [Info] access.go:79 *goflow.TaskActor a561710f-791e-4b05-930d-2a5691947148 deleted
2017/07/29 17:32:00 [Info] access.go:61 *goflow.HistoryTask df14b5ab-4670-4ef1-a446-a52b84333a41 inserted
2017/07/29 17:32:00 [Info] access.go:79 *goflow.Task df14b5ab-4670-4ef1-a446-a52b84333a41 deleted
2017/07/29 17:32:00 [Info] access.go:61 *goflow.HistoryTaskActor 5650d58c-0bc1-49ec-b8a5-8be4279006a0 inserted
2017/07/29 17:32:00 [Info] access.go:79 *goflow.TaskActor 5650d58c-0bc1-49ec-b8a5-8be4279006a0 deleted
2017/07/29 17:32:00 [Info] access.go:61 *goflow.HistoryTask 454555ae-2943-4363-806d-cb32432e3425 inserted
2017/07/29 17:32:00 [Info] access.go:79 *goflow.Task 454555ae-2943-4363-806d-cb32432e3425 deleted
2017/07/29 17:32:00 [Info] access.go:61 *goflow.HistoryTaskActor 23e16f3e-96e3-47d7-9143-d4fa9c18cba7 inserted
2017/07/29 17:32:00 [Info] access.go:79 *goflow.TaskActor 23e16f3e-96e3-47d7-9143-d4fa9c18cba7 deleted
2017/07/29 17:32:00 [Info] access.go:61 *goflow.HistoryTask c88313bc-c6e9-461c-99b6-a47de38fd9a7 inserted
2017/07/29 17:32:00 [Info] access.go:79 *goflow.Task c88313bc-c6e9-461c-99b6-a47de38fd9a7 deleted
2017/07/29 17:32:00 [Info] access.go:61 *goflow.HistoryTaskActor 1c1f153d-319a-4a0f-8e87-a1a27033c633 inserted
2017/07/29 17:32:00 [Info] access.go:79 *goflow.TaskActor 1c1f153d-319a-4a0f-8e87-a1a27033c633 deleted
2017/07/29 17:32:00 [Info] access.go:61 *goflow.HistoryTask 6f3d8bf2-d8c9-44de-b30a-f65e9807df03 inserted
2017/07/29 17:32:00 [Info] access.go:79 *goflow.Task 6f3d8bf2-d8c9-44de-b30a-f65e9807df03 deleted
2017/07/29 17:32:00 [Info] access.go:61 *goflow.HistoryTaskActor dbe49fa4-67f7-4810-affa-3318339edcf9 inserted
2017/07/29 17:32:00 [Info] access.go:79 *goflow.TaskActor dbe49fa4-67f7-4810-affa-3318339edcf9 deleted
2017/07/29 17:32:00 [Info] access.go:61 *goflow.HistoryTask 4737a1d6-7bbb-4ec5-93e1-8597afa26d9e inserted
2017/07/29 17:32:00 [Info] access.go:79 *goflow.Task 4737a1d6-7bbb-4ec5-93e1-8597afa26d9e deleted
2017/07/29 17:32:00 [Info] access.go:61 *goflow.HistoryTaskActor 6f02f3fb-8555-4ab1-8db1-7e67b6163926 inserted
2017/07/29 17:32:00 [Info] access.go:79 *goflow.TaskActor 6f02f3fb-8555-4ab1-8db1-7e67b6163926 deleted
2017/07/29 17:32:00 [Info] access.go:61 *goflow.HistoryTask 2bef9d8c-7cd8-457d-bfb0-9e4a01378a9f inserted
2017/07/29 17:32:00 [Info] access.go:79 *goflow.Task 2bef9d8c-7cd8-457d-bfb0-9e4a01378a9f deleted
2017/07/29 17:32:00 [Info] access.go:61 *goflow.HistoryTaskActor a16d9d9b-2659-425a-8759-ac71ce1c340a inserted
2017/07/29 17:32:00 [Info] access.go:79 *goflow.TaskActor a16d9d9b-2659-425a-8759-ac71ce1c340a deleted
2017/07/29 17:32:00 [Info] access.go:61 *goflow.HistoryTask 9d31def9-2045-4f67-a535-8f7ecf542715 inserted
2017/07/29 17:32:00 [Info] access.go:79 *goflow.Task 9d31def9-2045-4f67-a535-8f7ecf542715 deleted
2017/07/29 17:32:00 [Info] access.go:61 *goflow.HistoryTaskActor ed6176fb-72df-4a63-9dfe-eb35a70cabc0 inserted
2017/07/29 17:32:00 [Info] access.go:79 *goflow.TaskActor ed6176fb-72df-4a63-9dfe-eb35a70cabc0 deleted
2017/07/29 17:32:00 [Info] access.go:61 *goflow.HistoryTask c5d5f11e-6729-454d-9ad9-1f1c647dad28 inserted
2017/07/29 17:32:00 [Info] access.go:79 *goflow.Task c5d5f11e-6729-454d-9ad9-1f1c647dad28 deleted
2017/07/29 17:32:00 [Info] access.go:61 *goflow.HistoryTaskActor bb5207ae-77a5-4c26-a8ba-5114dfa80d55 inserted
2017/07/29 17:32:00 [Info] access.go:79 *goflow.TaskActor bb5207ae-77a5-4c26-a8ba-5114dfa80d55 deleted
2017/07/29 17:32:00 [Info] access.go:61 *goflow.HistoryTask 5150000a-35dc-4893-b7eb-3af737a3fc71 inserted
2017/07/29 17:32:00 [Info] access.go:79 *goflow.Task 5150000a-35dc-4893-b7eb-3af737a3fc71 deleted
2017/07/29 17:32:00 [Info] access.go:61 *goflow.HistoryTaskActor ba4e983a-e78d-4b93-a685-0e1542ae4520 inserted
2017/07/29 17:32:00 [Info] access.go:79 *goflow.TaskActor ba4e983a-e78d-4b93-a685-0e1542ae4520 deleted
2017/07/29 17:32:00 [Info] access.go:61 *goflow.HistoryTask 6824498c-9e72-4e5a-a477-8520cec7bae6 inserted
2017/07/29 17:32:00 [Info] access.go:79 *goflow.Task 6824498c-9e72-4e5a-a477-8520cec7bae6 deleted
2017/07/29 17:32:00 [Info] access.go:61 *goflow.HistoryTaskActor 17573b15-31ea-44eb-904f-fa88c0fe65bf inserted
2017/07/29 17:32:00 [Info] access.go:79 *goflow.TaskActor 17573b15-31ea-44eb-904f-fa88c0fe65bf deleted
2017/07/29 17:32:00 [Info] access.go:61 *goflow.HistoryTask eb5023b9-e60d-42d7-861f-b89a4b274521 inserted
2017/07/29 17:32:00 [Info] access.go:79 *goflow.Task eb5023b9-e60d-42d7-861f-b89a4b274521 deleted
2017/07/29 17:32:00 [Info] access.go:61 *goflow.HistoryTaskActor def464ce-3488-4c91-8fee-edf87bc3b9a4 inserted
2017/07/29 17:32:00 [Info] access.go:79 *goflow.TaskActor def464ce-3488-4c91-8fee-edf87bc3b9a4 deleted
2017/07/29 17:32:00 [Info] access.go:61 *goflow.HistoryTask 015810a3-7c9d-4856-a55f-49d11bc9ad63 inserted
2017/07/29 17:32:00 [Info] access.go:79 *goflow.Task 015810a3-7c9d-4856-a55f-49d11bc9ad63 deleted
2017/07/29 17:32:00 [Info] access.go:61 *goflow.HistoryTaskActor 5c0cbefd-1cc2-4e35-a14f-2325304483da inserted
2017/07/29 17:32:00 [Info] access.go:79 *goflow.TaskActor 5c0cbefd-1cc2-4e35-a14f-2325304483da deleted
2017/07/29 17:32:00 [Info] access.go:61 *goflow.HistoryTask 9b457a8f-545a-4e14-a892-b0a6fbb7b64d inserted
2017/07/29 17:32:00 [Info] access.go:79 *goflow.Task 9b457a8f-545a-4e14-a892-b0a6fbb7b64d deleted
2017/07/29 17:32:00 [Info] access.go:61 *goflow.HistoryTaskActor 0a6d76bc-1646-4670-8813-59ba2cabeba7 inserted
2017/07/29 17:32:00 [Info] access.go:79 *goflow.TaskActor 0a6d76bc-1646-4670-8813-59ba2cabeba7 deleted
2017/07/29 17:32:00 [Info] access.go:61 *goflow.HistoryTask 99a09c3e-bfe4-4775-ac42-11f0b0059cb1 inserted
2017/07/29 17:32:00 [Info] access.go:79 *goflow.Task 99a09c3e-bfe4-4775-ac42-11f0b0059cb1 deleted
2017/07/29 17:32:00 [Info] access.go:61 *goflow.HistoryTaskActor b72637ad-1f89-460c-badf-fe07f2729d32 inserted
2017/07/29 17:32:00 [Info] access.go:79 *goflow.TaskActor b72637ad-1f89-460c-badf-fe07f2729d32 deleted
2017/07/29 17:32:00 [Info] access.go:61 *goflow.HistoryTask 1933a828-7395-45ff-8ec3-9dfa39b43f69 inserted
2017/07/29 17:32:00 [Info] access.go:79 *goflow.Task 1933a828-7395-45ff-8ec3-9dfa39b43f69 deleted
2017/07/29 17:32:00 [Info] access.go:61 *goflow.HistoryTaskActor 3800abfa-2453-43d1-b804-0b7b270e5e9e inserted
2017/07/29 17:32:00 [Info] access.go:79 *goflow.TaskActor 3800abfa-2453-43d1-b804-0b7b270e5e9e deleted
2017/07/29 17:32:00 [Info] access.go:61 *goflow.HistoryTask 96b467cf-0f8a-4a50-98cb-73122b2ff033 inserted
2017/07/29 17:32:00 [Info] access.go:79 *goflow.Task 96b467cf-0f8a-4a50-98cb-73122b2ff033 deleted
2017/07/29 17:32:00 [Info] access.go:61 *goflow.HistoryTaskActor 2a3fecb9-433a-4d88-8763-c44d84670c63 inserted
2017/07/29 17:32:00 [Info] access.go:79 *goflow.TaskActor 2a3fecb9-433a-4d88-8763-c44d84670c63 deleted
2017/07/29 17:32:00 [Info] access.go:61 *goflow.HistoryTask 17d608f6-7aff-410a-ba51-32f8ca77c5ff inserted
2017/07/29 17:32:00 [Info] access.go:79 *goflow.Task 17d608f6-7aff-410a-ba51-32f8ca77c5ff deleted
2017/07/29 17:32:00 [Info] access.go:61 *goflow.HistoryTaskActor f39c71c0-42c8-4e7b-bd3c-04dc48ba862c inserted
2017/07/29 17:32:00 [Info] access.go:79 *goflow.TaskActor f39c71c0-42c8-4e7b-bd3c-04dc48ba862c deleted
2017/07/29 17:32:00 [Info] access.go:61 *goflow.HistoryTask fe091bea-3aed-44db-a176-5367c6bf29fc inserted
2017/07/29 17:32:00 [Info] access.go:79 *goflow.Task fe091bea-3aed-44db-a176-5367c6bf29fc deleted
2017/07/29 17:32:00 [Info] access.go:61 *goflow.HistoryTaskActor c2425eb9-3425-4ea3-80da-2e04af405227 inserted
2017/07/29 17:32:00 [Info] access.go:79 *goflow.TaskActor c2425eb9-3425-4ea3-80da-2e04af405227 deleted
2017/07/29 17:32:00 [Info] access.go:61 *goflow.HistoryTask 2efbefa5-6519-4ea3-a5ff-f7889a86aed2 inserted
2017/07/29 17:32:00 [Info] access.go:79 *goflow.Task 2efbefa5-6519-4ea3-a5ff-f7889a86aed2 deleted
2017/07/29 17:32:00 [Info] access.go:61 *goflow.HistoryTaskActor 4bcac6bf-0d74-41fd-a397-c8d40afdf1d2 inserted
2017/07/29 17:32:00 [Info] access.go:79 *goflow.TaskActor 4bcac6bf-0d74-41fd-a397-c8d40afdf1d2 deleted
2017/07/29 17:32:00 [Info] access.go:61 *goflow.HistoryTask 9d8407a2-87e5-4009-8756-ac32f2691849 inserted
2017/07/29 17:32:00 [Info] access.go:79 *goflow.Task 9d8407a2-87e5-4009-8756-ac32f2691849 deleted
2017/07/29 17:32:00 [Info] access.go:61 *goflow.HistoryTaskActor ee0bc43a-0672-41dd-92ef-7c3911e0eee8 inserted
2017/07/29 17:32:00 [Info] access.go:79 *goflow.TaskActor ee0bc43a-0672-41dd-92ef-7c3911e0eee8 deleted
2017/07/29 17:32:00 [Info] access.go:61 *goflow.HistoryTask 5da3253a-7dfa-4189-a5af-dea3b1e89e0e inserted
2017/07/29 17:32:00 [Info] access.go:79 *goflow.Task 5da3253a-7dfa-4189-a5af-dea3b1e89e0e deleted
2017/07/29 17:32:00 [Info] access.go:61 *goflow.HistoryTaskActor 3ca09d6f-df3e-42de-8c47-a213488c0316 inserted
2017/07/29 17:32:00 [Info] access.go:79 *goflow.TaskActor 3ca09d6f-df3e-42de-8c47-a213488c0316 deleted
2017/07/29 17:32:00 [Info] access.go:61 *goflow.HistoryTask e8706649-0e44-4f84-bf12-3700ab3cb6ba inserted
2017/07/29 17:32:00 [Info] access.go:79 *goflow.Task e8706649-0e44-4f84-bf12-3700ab3cb6ba deleted
2017/07/29 17:32:00 [Info] access.go:61 *goflow.HistoryTaskActor adcad273-de41-4c4c-98b6-cc08968592b5 inserted
2017/07/29 17:32:00 [Info] access.go:79 *goflow.TaskActor adcad273-de41-4c4c-98b6-cc08968592b5 deleted
2017/07/29 17:32:00 [Info] access.go:61 *goflow.HistoryTask f56088d7-707c-4c94-86c8-b909edcbfd12 inserted
2017/07/29 17:32:00 [Info] access.go:79 *goflow.Task f56088d7-707c-4c94-86c8-b909edcbfd12 deleted
2017/07/29 17:32:00 [Info] access.go:61 *goflow.HistoryTaskActor 116f9d4f-02b1-41b3-a02e-480357aaee88 inserted
2017/07/29 17:32:00 [Info] access.go:79 *goflow.TaskActor 116f9d4f-02b1-41b3-a02e-480357aaee88 deleted
2017/07/29 17:32:00 [Info] access.go:61 *goflow.HistoryTask e28cbff9-d0ef-4926-9b47-88ed9cbec485 inserted
2017/07/29 17:32:00 [Info] access.go:79 *goflow.Task e28cbff9-d0ef-4926-9b47-88ed9cbec485 deleted
2017/07/29 17:32:00 [Info] access.go:61 *goflow.HistoryTaskActor e46a8709-9c0c-43e9-9c83-23d8097132b2 inserted
2017/07/29 17:32:00 [Info] access.go:79 *goflow.TaskActor e46a8709-9c0c-43e9-9c83-23d8097132b2 deleted
2017/07/29 17:32:00 [Info] access.go:61 *goflow.HistoryTask 57ba103f-c36e-4d8c-8801-0a8855ded312 inserted
2017/07/29 17:32:00 [Info] access.go:79 *goflow.Task 57ba103f-c36e-4d8c-8801-0a8855ded312 deleted
2017/07/29 17:32:00 [Info] access.go:61 *goflow.HistoryTaskActor b4cfcc53-b6a2-4a63-a25d-0f5bef418788 inserted
2017/07/29 17:32:00 [Info] access.go:79 *goflow.TaskActor b4cfcc53-b6a2-4a63-a25d-0f5bef418788 deleted
2017/07/29 17:32:00 [Info] access.go:61 *goflow.HistoryTask 648c3c0e-2d2e-4532-8f2e-cf166d53f899 inserted
2017/07/29 17:32:00 [Info] access.go:79 *goflow.Task 648c3c0e-2d2e-4532-8f2e-cf166d53f899 deleted
2017/07/29 17:32:00 [Info] access.go:61 *goflow.HistoryTaskActor fb9505b1-604c-4d22-8344-72ad1d28c6cc inserted
2017/07/29 17:32:00 [Info] access.go:79 *goflow.TaskActor fb9505b1-604c-4d22-8344-72ad1d28c6cc deleted
2017/07/29 17:32:00 [Info] access.go:61 *goflow.HistoryTask a316deb5-f594-438f-86c6-9ed45d3fba7a inserted
2017/07/29 17:32:00 [Info] access.go:79 *goflow.Task a316deb5-f594-438f-86c6-9ed45d3fba7a deleted
2017/07/29 17:32:00 [Info] access.go:61 *goflow.HistoryTaskActor cbff02ae-ef27-4820-8780-93487c58d1d0 inserted
2017/07/29 17:32:00 [Info] access.go:79 *goflow.TaskActor cbff02ae-ef27-4820-8780-93487c58d1d0 deleted
2017/07/29 17:32:00 [Info] access.go:61 *goflow.HistoryTask 5247815f-beb2-4acf-9e5d-f8fc1034a59b inserted
2017/07/29 17:32:00 [Info] access.go:79 *goflow.Task 5247815f-beb2-4acf-9e5d-f8fc1034a59b deleted
2017/07/29 17:32:00 [Info] access.go:61 *goflow.HistoryTaskActor 49a70571-92fd-4c97-9985-5a302d3f03aa inserted
2017/07/29 17:32:00 [Info] access.go:79 *goflow.TaskActor 49a70571-92fd-4c97-9985-5a302d3f03aa deleted
2017/07/29 17:32:00 [Info] access.go:61 *goflow.HistoryTask 23c1833d-cb1c-43c0-98c1-da3e36764bee inserted
2017/07/29 17:32:00 [Info] access.go:79 *goflow.Task 23c1833d-cb1c-43c0-98c1-da3e36764bee deleted
2017/07/29 17:32:00 [Info] access.go:61 *goflow.HistoryTaskActor 5beb8cde-641b-4ab0-82f7-8d9e42c8d242 inserted
2017/07/29 17:32:00 [Info] access.go:79 *goflow.TaskActor 5beb8cde-641b-4ab0-82f7-8d9e42c8d242 deleted
2017/07/29 17:32:00 [Info] access.go:61 *goflow.HistoryTask e33562ae-c15c-408d-bb61-ccc338de88d6 inserted
2017/07/29 17:32:00 [Info] access.go:79 *goflow.Task e33562ae-c15c-408d-bb61-ccc338de88d6 deleted
2017/07/29 17:32:00 [Info] access.go:61 *goflow.HistoryTaskActor f31b0f6e-d5e6-4ee4-8732-29251493ca0c inserted
2017/07/29 17:32:00 [Info] access.go:79 *goflow.TaskActor f31b0f6e-d5e6-4ee4-8732-29251493ca0c deleted
2017/07/29 17:32:01 [Info] access.go:70 *goflow.HistoryOrder b249f71f-c19b-467a-984c-9294e1d232c6 updated
2017/07/29 17:32:01 [Info] access.go:79 *goflow.Order b249f71f-c19b-467a-984c-9294e1d232c6 deleted
2017/07/29 17:53:16 [Info] access.go:30 user=%s password=%s host=%s port=%d dbname=%s sslmode=disable
2017/07/29 17:53:16 [Info] access.go:34 user=postgres password=123456 host=localhost port=5432 dbname=postgres sslmode=disable
2017/07/29 17:53:16 [Info] access.go:61 *goflow.Process c67a854a-6a77-4908-ae3b-fac835489dbc inserted
2017/07/29 17:53:16 [Info] access.go:61 *goflow.Order 3d3320bc-3c83-4222-918c-b50dd45acaa9 inserted
2017/07/29 17:53:16 [Info] access.go:61 *goflow.HistoryOrder 3d3320bc-3c83-4222-918c-b50dd45acaa9 inserted
2017/07/29 17:53:16 [Info] access.go:61 *goflow.Task 0f1eff9c-6689-4b80-b5a6-a7fbde1d7e47 inserted
2017/07/29 17:53:16 [Info] access.go:61 *goflow.TaskActor 432677c3-ee06-44c6-932e-28ae23488d75 inserted
2017/07/29 17:53:16 [Info] access.go:61 *goflow.Task 74f66d5e-3a55-4701-a745-776de9a7ff42 inserted
2017/07/29 17:53:16 [Info] access.go:61 *goflow.TaskActor e789e26a-8626-4692-9b00-24dc0b24f7a8 inserted
2017/07/29 17:55:03 [Info] access.go:30 user=%s password=%s host=%s port=%d dbname=%s sslmode=disable
2017/07/29 17:55:03 [Info] access.go:34 user=postgres password=123456 host=localhost port=5432 dbname=postgres sslmode=disable
2017/07/29 17:55:03 [Info] access.go:61 *goflow.Process ea79410b-8a2b-4fd2-b9f1-bfe1980a482e inserted
2017/07/29 17:55:03 [Info] access.go:61 *goflow.Order 4dfd4081-9037-4d2c-9c07-70b94c869b64 inserted
2017/07/29 17:55:03 [Info] access.go:61 *goflow.HistoryOrder 4dfd4081-9037-4d2c-9c07-70b94c869b64 inserted
2017/07/29 17:55:03 [Info] access.go:61 *goflow.Task 3935b750-3b23-4abc-ba8a-b5b97cabe16a inserted
2017/07/29 17:55:03 [Info] access.go:61 *goflow.TaskActor f0774fb1-c5f2-4d64-a804-715e547ff3f0 inserted
2017/07/29 17:55:03 [Info] access.go:61 *goflow.Task bf178679-a0ab-4d14-b604-a0490f635f95 inserted
2017/07/29 17:55:03 [Info] access.go:61 *goflow.TaskActor 85adab5b-092f-4f75-a061-f0f4e0c49c79 inserted
2017/07/29 17:55:15 [Info] access.go:61 *goflow.Task bc9ec6f4-bb29-4128-8fcd-b6fcf8a23968 inserted
2017/07/29 17:55:15 [Info] access.go:61 *goflow.TaskActor 7273c8fe-2eea-4b8b-b9c6-63f4e80ef678 inserted
2017/07/29 17:55:15 [Info] access.go:61 *goflow.Task 47f39763-e9fb-4793-b462-8074da755c31 inserted
2017/07/29 17:55:25 [Info] access.go:61 *goflow.Task 1cff7f78-9926-4ceb-9efe-5841f1e4dfad inserted
2017/07/29 17:55:25 [Info] access.go:61 *goflow.TaskActor f44c700b-12bf-4fca-b8cd-5c64b2ee3d8d inserted
2017/07/29 17:55:25 [Info] access.go:61 *goflow.Task be314c26-6e5e-4ff8-85f5-1371e8303f0d inserted
2017/07/29 17:55:25 [Info] access.go:61 *goflow.Task 5c65f937-693c-412c-b871-d6066770617e inserted
2017/07/29 17:55:25 [Info] access.go:61 *goflow.HistoryTask 47f39763-e9fb-4793-b462-8074da755c31 inserted
2017/07/29 17:55:25 [Info] access.go:79 *goflow.Task 47f39763-e9fb-4793-b462-8074da755c31 deleted
2017/07/29 17:55:25 [Info] access.go:61 *goflow.Task 3b7812d3-2e53-4e95-84b3-4c80251968b2 inserted
2017/07/29 17:55:31 [Info] access.go:61 *goflow.Task 3e9654bd-7c66-4dd3-9b02-222593e7ceb2 inserted
2017/07/29 17:55:31 [Info] access.go:61 *goflow.TaskActor 14b5eaa1-2a38-4281-a555-988cf539964f inserted
2017/07/29 17:55:31 [Info] access.go:61 *goflow.Task b9af490d-a47d-4d93-850f-d3c50e1c3170 inserted
2017/07/29 17:55:31 [Info] access.go:61 *goflow.Task 4600f5d0-1539-49b6-b4b4-e504bfa123f7 inserted
2017/07/29 17:55:31 [Error] util.go:117 fail to insert [*goflow.HistoryTask 47f39763-e9fb-4793-b462-8074da755c31] pq: duplicate key value violates unique constraint "GF_HistoryTask_pkey" [ %!v(MISSING) ]
2017/07/29 17:55:31 [Info] access.go:61 *goflow.Task 01a5aecb-0ac8-4b16-b74e-aedccdc9448c inserted
2017/07/29 17:55:31 [Info] access.go:61 *goflow.TaskActor 7f05edc8-4664-4451-b10a-7a3ea98fae88 inserted
2017/07/29 17:55:31 [Info] access.go:61 *goflow.Task c391c5e3-1bef-49ff-af46-274da21da3be inserted
2017/07/29 17:55:31 [Info] access.go:61 *goflow.Task 0d14e507-de20-4eb7-ab6e-44cffdf28361 inserted
2017/07/29 17:55:31 [Error] util.go:117 fail to insert [*goflow.HistoryTask 47f39763-e9fb-4793-b462-8074da755c31] pq: duplicate key value violates unique constraint "GF_HistoryTask_pkey" [ %!v(MISSING) ]
2017/07/29 17:55:32 [Info] access.go:61 *goflow.Task 5a05aa85-0aca-44c0-acdd-86b27e46c53b inserted
2017/07/29 17:55:32 [Info] access.go:61 *goflow.TaskActor 0b29a1eb-2ff0-4cfc-9c08-ef062ff763a6 inserted
2017/07/29 17:55:32 [Info] access.go:61 *goflow.Task d7c30b1a-e27d-4fef-86ba-d0c2f6f566b4 inserted
2017/07/29 17:55:32 [Info] access.go:61 *goflow.Task 54fa4bae-5e36-43a6-8c3f-49cd6b4ccbd0 inserted
2017/07/29 17:55:32 [Error] util.go:117 fail to insert [*goflow.HistoryTask 47f39763-e9fb-4793-b462-8074da755c31] pq: duplicate key value violates unique constraint "GF_HistoryTask_pkey" [ %!v(MISSING) ]
2017/07/29 17:55:37 [Info] access.go:61 *goflow.Task dca154ac-f27c-4305-92a5-96561a3415bf inserted
2017/07/29 17:55:37 [Info] access.go:61 *goflow.TaskActor cba8490d-f0e3-4ab1-84dc-d3bd75909b1d inserted
2017/07/29 17:55:37 [Info] access.go:61 *goflow.Task 24e59749-b0b9-496f-8bba-100e3535435e inserted
2017/07/29 17:55:37 [Info] access.go:61 *goflow.Task e4f4bd97-87fe-4bf2-b65c-5c9ebc5ad01c inserted
2017/07/29 17:55:37 [Error] util.go:117 fail to insert [*goflow.HistoryTask 47f39763-e9fb-4793-b462-8074da755c31] pq: duplicate key value violates unique constraint "GF_HistoryTask_pkey" [ %!v(MISSING) ]
2017/07/29 17:56:07 [Info] access.go:61 *goflow.Task fc3ad901-dc96-4441-baa1-ba19f54eab5b inserted
2017/07/29 17:56:07 [Info] access.go:61 *goflow.TaskActor b18de3c1-e2cc-46bc-a77d-fdecbe90ed10 inserted
2017/07/29 17:56:07 [Info] access.go:61 *goflow.Task 4b0e8c04-f31b-45df-bc26-1d1805806c9c inserted
2017/07/29 17:56:07 [Info] access.go:61 *goflow.Task 54e0b059-586f-46d5-890c-3c2d8e829d9a inserted
2017/07/29 17:56:07 [Error] util.go:117 fail to insert [*goflow.HistoryTask 47f39763-e9fb-4793-b462-8074da755c31] pq: duplicate key value violates unique constraint "GF_HistoryTask_pkey" [ %!v(MISSING) ]
2017/07/29 17:57:07 [Info] access.go:61 *goflow.Task a6993c70-3f2b-4456-a829-c811a6111811 inserted
2017/07/29 17:57:07 [Info] access.go:61 *goflow.TaskActor 2c3f8d87-ce3b-4f8c-90dc-c4c178252929 inserted
2017/07/29 17:57:07 [Info] access.go:61 *goflow.Task 6cb082d2-0df0-437d-8011-f9b9adcb9b7f inserted
2017/07/29 17:57:07 [Info] access.go:61 *goflow.Task eb89caf8-f6cc-4416-85ca-b462b418b32f inserted
2017/07/29 17:57:07 [Error] util.go:117 fail to insert [*goflow.HistoryTask 47f39763-e9fb-4793-b462-8074da755c31] pq: duplicate key value violates unique constraint "GF_HistoryTask_pkey" [ %!v(MISSING) ]
2017/07/29 17:58:46 [Info] access.go:30 user=%s password=%s host=%s port=%d dbname=%s sslmode=disable
2017/07/29 17:58:46 [Info] access.go:34 user=postgres password=123456 host=localhost port=5432 dbname=postgres sslmode=disable
2017/07/29 17:58:46 [Info] access.go:61 *goflow.Process ebcf3fff-ca8d-44b0-a961-ab9ba1e9c593 inserted
2017/07/29 17:58:46 [Info] access.go:61 *goflow.Order b80f9493-38b6-41b2-b0a4-7fd478acaad0 inserted
2017/07/29 17:58:46 [Info] access.go:61 *goflow.HistoryOrder b80f9493-38b6-41b2-b0a4-7fd478acaad0 inserted
2017/07/29 17:58:46 [Info] access.go:61 *goflow.Task 380c5dc7-293c-4935-8ea4-634bafdd6b29 inserted
2017/07/29 17:58:46 [Info] access.go:61 *goflow.TaskActor cb8e3ec5-2215-485d-8396-7e6d3557230b inserted
2017/07/29 17:58:46 [Info] access.go:61 *goflow.Task e5efd506-6f0a-40d6-bad6-2de7ab4f9ea0 inserted
2017/07/29 17:58:46 [Info] access.go:61 *goflow.TaskActor a0a8ac1e-5ca2-49ac-8d38-2b17b9a47df5 inserted
2017/07/29 17:58:53 [Info] access.go:61 *goflow.Task 40a09fa6-492c-443c-b449-80f105acaf03 inserted
2017/07/29 17:58:53 [Info] access.go:61 *goflow.TaskActor 55ada514-aedd-42ce-8ea5-5b8ac461fdd7 inserted
2017/07/29 17:58:53 [Info] access.go:61 *goflow.Task 0db61770-ce2b-44f2-8264-057f474733c1 inserted
2017/07/29 17:58:53 [Info] access.go:61 *goflow.TaskActor d5fa6aca-9a64-4e39-93fa-516f06a99ba9 inserted
2017/07/29 17:59:02 [Info] access.go:61 *goflow.Task 895bbfcc-a2ff-4811-a821-6d9c513b6c1e inserted
2017/07/29 17:59:02 [Info] access.go:61 *goflow.TaskActor cf14405b-682a-427c-9346-10738e7c28ef inserted
2017/07/29 17:59:02 [Info] access.go:61 *goflow.Task f987f1c6-9f29-4234-9c78-85bd7c6fad72 inserted
2017/07/29 17:59:02 [Info] access.go:61 *goflow.TaskActor 49371218-0611-4550-b868-24eb61eb4d80 inserted
2017/07/29 17:59:02 [Info] access.go:61 *goflow.Task 5db9cfea-0e31-4bba-87c4-55bf0871b40c inserted
2017/07/29 17:59:02 [Info] access.go:61 *goflow.TaskActor fa0649e5-a4c2-4a46-9b86-9cad4babbd32 inserted
2017/07/29 17:59:02 [Info] access.go:61 *goflow.Task cde9e165-f9b1-492c-93f2-3dfbc7dec89b inserted
2017/07/29 17:59:02 [Info] access.go:61 *goflow.TaskActor a8468e12-c569-4f18-a7d6-c66d586e6483 inserted
