2017/07/28 07:52:46 [Info] access.go:58 *goflow.Task 74d178a6-baf5-452b-9ae2-f42959c908dd inserted
2017/07/28 07:52:47 [Info] access.go:58 *goflow.TaskActor 1b3fa940-e68d-4ea1-ab2c-3e55848f5d34 inserted
2017/07/28 07:53:23 [Info] access.go:58 *goflow.Task f3366864-c5b7-4361-8b80-f1455c332d60 inserted
2017/07/28 07:55:21 [Info] access.go:58 *goflow.TaskActor 201368fd-2691-4b09-9546-5ed6467a6abb inserted
2017/07/28 08:03:23 [Info] access.go:28 user=%s password=%s host=%s port=%d dbname=%s sslmode=disable
2017/07/28 08:03:23 [Info] access.go:32 user=postgres password=123456 host=localhost port=5432 dbname=postgres sslmode=disable
2017/07/28 08:03:23 [Info] access.go:58 *goflow.Process da253340-d094-4f60-b82a-bff7c15b13f4 inserted
2017/07/28 08:03:23 [Info] access.go:58 *goflow.Order 1e48639a-da7d-4144-a31c-0e4f37400d30 inserted
2017/07/28 08:03:23 [Info] access.go:58 *goflow.HistoryOrder 1e48639a-da7d-4144-a31c-0e4f37400d30 inserted
2017/07/28 08:03:23 [Info] access.go:58 *goflow.Task e524c38c-ca6b-4a94-b374-6c82932193a1 inserted
2017/07/28 08:03:23 [Info] access.go:58 *goflow.TaskActor d036952b-694a-4449-94dc-1f7ececf0e96 inserted
2017/07/28 08:09:57 [Info] access.go:28 user=%s password=%s host=%s port=%d dbname=%s sslmode=disable
2017/07/28 08:09:57 [Info] access.go:32 user=postgres password=123456 host=localhost port=5432 dbname=postgres sslmode=disable
2017/07/28 08:09:57 [Info] access.go:58 *goflow.Process fd49a7d8-a755-482d-ab71-7cc91e0c92cc inserted
2017/07/28 08:09:57 [Info] access.go:58 *goflow.Order 4ddb4cfb-a114-441d-b082-1639f6ac1d13 inserted
2017/07/28 08:09:57 [Info] access.go:58 *goflow.HistoryOrder 4ddb4cfb-a114-441d-b082-1639f6ac1d13 inserted
2017/07/28 08:09:57 [Info] access.go:58 *goflow.Task 5a15a791-4642-40d2-b88d-c2660b6bdb4e inserted
2017/07/28 08:09:57 [Info] access.go:58 *goflow.TaskActor ae4210df-a1c0-485f-ba1a-55418a61b902 inserted
2017/07/28 08:09:57 [Info] access.go:58 *goflow.Task 9791edd3-fcb0-47de-a312-3fea0718e0c6 inserted
2017/07/28 08:09:57 [Info] access.go:58 *goflow.TaskActor fd75fd4b-2431-498a-88e9-a576bf108dc7 inserted
2017/07/28 08:11:37 [Info] access.go:28 user=%s password=%s host=%s port=%d dbname=%s sslmode=disable
2017/07/28 08:11:37 [Info] access.go:32 user=postgres password=123456 host=localhost port=5432 dbname=postgres sslmode=disable
2017/07/28 08:11:38 [Info] access.go:58 *goflow.Process b7cd0bed-f365-4de5-8cb2-017ad0c18d47 inserted
2017/07/28 08:11:38 [Info] access.go:58 *goflow.Order fedcf1fa-e665-45b9-af90-5b2584754dca inserted
2017/07/28 08:11:38 [Info] access.go:58 *goflow.HistoryOrder fedcf1fa-e665-45b9-af90-5b2584754dca inserted
2017/07/28 08:11:38 [Info] access.go:58 *goflow.Task deb5558c-6c26-4a9a-9035-c2dbc319319d inserted
2017/07/28 08:11:38 [Info] access.go:58 *goflow.TaskActor 2168698c-d20e-4612-b74f-566169392e4e inserted
2017/07/28 08:11:38 [Info] access.go:58 *goflow.Task f2c8c50f-81f6-417a-86dc-54069c5c423a inserted
2017/07/28 08:11:38 [Info] access.go:58 *goflow.TaskActor 156c8948-5d67-4384-bee6-51d81204acca inserted
2017/07/28 08:12:51 [Info] access.go:28 user=%s password=%s host=%s port=%d dbname=%s sslmode=disable
2017/07/28 08:12:51 [Info] access.go:32 user=postgres password=123456 host=localhost port=5432 dbname=postgres sslmode=disable
2017/07/28 08:12:52 [Info] access.go:58 *goflow.Process 2bbde201-11bc-48d5-8536-8ace9101ca76 inserted
2017/07/28 08:12:52 [Info] access.go:58 *goflow.Order 16242ab6-ad3b-44f8-b1a9-14af3e8a3120 inserted
2017/07/28 08:12:52 [Info] access.go:58 *goflow.HistoryOrder 16242ab6-ad3b-44f8-b1a9-14af3e8a3120 inserted
2017/07/28 08:12:52 [Info] access.go:58 *goflow.Task 8187412b-991a-4b15-8625-5be90fcad22f inserted
2017/07/28 08:12:52 [Info] access.go:58 *goflow.TaskActor d93e8fc3-4912-45f3-9682-24a922d2de3e inserted
2017/07/28 08:12:52 [Info] access.go:58 *goflow.HistoryTask 8187412b-991a-4b15-8625-5be90fcad22f inserted
2017/07/28 08:12:52 [Info] access.go:74 *goflow.Task 8187412b-991a-4b15-8625-5be90fcad22f deleted
2017/07/28 08:12:52 [Info] access.go:58 *goflow.HistoryTaskActor d93e8fc3-4912-45f3-9682-24a922d2de3e inserted
2017/07/28 08:12:52 [Info] access.go:74 *goflow.TaskActor d93e8fc3-4912-45f3-9682-24a922d2de3e deleted
2017/07/28 08:12:52 [Info] access.go:66 *goflow.HistoryOrder 16242ab6-ad3b-44f8-b1a9-14af3e8a3120 updated
2017/07/28 08:12:52 [Info] access.go:74 *goflow.Order 16242ab6-ad3b-44f8-b1a9-14af3e8a3120 deleted
2017/07/28 09:14:49 [Info] access.go:30 user=%s password=%s host=%s port=%d dbname=%s sslmode=disable
2017/07/28 09:14:49 [Info] access.go:34 user=postgres password=123456 host=localhost port=5432 dbname=postgres sslmode=disable
2017/07/28 09:14:49 [Info] access.go:61 *goflow.Process c2bb54b0-b06f-4e2f-ae7c-b0ccac9b0da9 inserted
2017/07/28 09:14:49 [Info] access.go:61 *goflow.Order 7ec1671e-69c8-4dfc-b65f-2bdc8525b0ef inserted
2017/07/28 09:14:49 [Info] access.go:61 *goflow.HistoryOrder 7ec1671e-69c8-4dfc-b65f-2bdc8525b0ef inserted
2017/07/28 09:14:49 [Info] access.go:61 *goflow.Task 4d1bbb16-317f-46f6-a888-5c7a1f41740d inserted
2017/07/28 09:14:49 [Info] access.go:61 *goflow.TaskActor 487131a6-fef0-4d54-8751-815cf67ee6e7 inserted
2017/07/28 09:14:49 [Info] access.go:61 *goflow.HistoryTask 4d1bbb16-317f-46f6-a888-5c7a1f41740d inserted
2017/07/28 09:14:49 [Info] access.go:79 *goflow.Task 4d1bbb16-317f-46f6-a888-5c7a1f41740d deleted
2017/07/28 09:14:49 [Info] access.go:61 *goflow.HistoryTaskActor 487131a6-fef0-4d54-8751-815cf67ee6e7 inserted
2017/07/28 09:14:49 [Info] access.go:79 *goflow.TaskActor 487131a6-fef0-4d54-8751-815cf67ee6e7 deleted
2017/07/28 09:14:49 [Info] access.go:70 *goflow.HistoryOrder 7ec1671e-69c8-4dfc-b65f-2bdc8525b0ef updated
2017/07/28 09:14:49 [Info] access.go:79 *goflow.Order 7ec1671e-69c8-4dfc-b65f-2bdc8525b0ef deleted
2017/07/28 22:42:19 [Info] access.go:30 user=%s password=%s host=%s port=%d dbname=%s sslmode=disable
2017/07/28 22:42:19 [Info] access.go:34 user=postgres password=123456 host=localhost port=5432 dbname=postgres sslmode=disable
2017/07/28 22:42:20 [Info] access.go:61 *goflow.Process 375c9f9e-5aaf-469d-8f34-bf136fb2f5b8 inserted
2017/07/28 22:42:20 [Info] access.go:61 *goflow.Order 472c10eb-692c-4e01-8680-528787c4b5c7 inserted
2017/07/28 22:42:20 [Info] access.go:61 *goflow.HistoryOrder 472c10eb-692c-4e01-8680-528787c4b5c7 inserted
2017/07/28 22:42:20 [Info] access.go:61 *goflow.Task c1cddcca-6ef4-413d-a122-8bd558842f69 inserted
2017/07/28 22:42:20 [Info] access.go:61 *goflow.TaskActor 1c2bd7a3-fcd9-4103-82ff-e1f49125187c inserted
2017/07/28 22:42:20 [Info] access.go:61 *goflow.Task 717f8e24-2c93-4d50-bcfd-81c60deed826 inserted
2017/07/28 22:42:20 [Info] access.go:61 *goflow.TaskActor b202225a-616b-4077-866c-5bd0f7966aee inserted
