2017/08/01 12:54:05 [Info] access.go:30 user=%s password=%s host=%s port=%d dbname=%s sslmode=disable
2017/08/01 12:54:05 [Info] access.go:34 user=postgres password=123456 host=localhost port=5432 dbname=postgres sslmode=disable
2017/08/01 12:54:05 [Info] access.go:61 *goflow.Process 61dd5002-50e8-4067-81dd-7add8669c57e inserted
2017/08/01 12:54:05 [Info] access.go:61 *goflow.Order ad8aebd5-a241-4936-97fe-9b49dff92866 inserted
2017/08/01 12:54:05 [Info] access.go:61 *goflow.HistoryOrder ad8aebd5-a241-4936-97fe-9b49dff92866 inserted
2017/08/01 12:54:05 [Info] access.go:61 *goflow.Task b07f5918-8099-4b11-9269-c1bc7c2f4627 inserted
2017/08/01 12:54:05 [Info] access.go:61 *goflow.TaskActor de74c509-a0cf-48d9-814d-0fb705f112dd inserted
2017/08/01 12:54:05 [Info] access.go:61 *goflow.Task 4924da44-ece8-4040-ba64-0861ebc60a4c inserted
2017/08/01 12:54:05 [Info] access.go:61 *goflow.TaskActor a595d3f9-5165-48be-8f06-ad581cd2a64f inserted
2017/08/01 12:54:39 [Info] access.go:61 *goflow.Task 17c168a3-1ab3-4c49-a72e-0b185b06e773 inserted
2017/08/01 12:54:39 [Info] access.go:61 *goflow.TaskActor a4abe9e2-3060-4649-b920-db6f72e3085b inserted
2017/08/01 12:54:39 [Info] access.go:61 *goflow.Task 4278dd99-3fa9-4f4b-be77-411d5c47d956 inserted
2017/08/01 12:54:39 [Info] access.go:61 *goflow.TaskActor 3a20a080-f74f-4bc2-8d6f-4be680b2d350 inserted
2017/08/01 12:54:58 [Info] access.go:61 *goflow.Task c4084c58-b487-45d5-9888-ce81b1171b38 inserted
2017/08/01 12:54:58 [Info] access.go:61 *goflow.TaskActor 282085f6-095c-4fbb-adc4-821f7ea16328 inserted
2017/08/01 12:54:58 [Info] access.go:61 *goflow.Task b016fac4-63aa-4cff-a850-29f1a0c44992 inserted
2017/08/01 12:54:58 [Info] access.go:61 *goflow.TaskActor ec71da34-a5dd-42d8-9e38-55f0add2b9e4 inserted
2017/08/01 12:54:58 [Info] access.go:61 *goflow.Task 45fcde95-726c-42b6-b9a5-0574463bbf27 inserted
2017/08/01 12:54:58 [Info] access.go:61 *goflow.TaskActor e84d4699-0df7-4567-a580-9491b4b78d15 inserted
2017/08/01 12:54:58 [Info] access.go:61 *goflow.Task e5dfe02a-de4a-4f26-9779-7ab112f4c369 inserted
2017/08/01 12:54:58 [Info] access.go:61 *goflow.TaskActor 1617dd85-fdb3-476d-86fb-0cf3f717f2c9 inserted
2017/08/01 12:55:01 [Info] access.go:61 *goflow.Task 337f2dca-88ed-4161-975a-663dd7f4a8cb inserted
2017/08/01 12:55:01 [Info] access.go:61 *goflow.TaskActor f8e4b09e-0457-400c-9cef-874255379a56 inserted
2017/08/01 12:55:01 [Info] access.go:61 *goflow.Task ac65783f-1794-44fd-ab39-644c16bc62cc inserted
2017/08/01 12:55:01 [Info] access.go:61 *goflow.TaskActor 1c0f9bd4-0f9b-4954-95e0-7f226f3a1484 inserted
2017/08/01 12:55:01 [Info] access.go:61 *goflow.Task 06e6f26c-b9b9-40f4-bd4d-83142509f8f8 inserted
2017/08/01 12:55:01 [Info] access.go:61 *goflow.TaskActor c866a36f-8a77-49af-8804-2cd58a2700b4 inserted
2017/08/01 12:55:01 [Info] access.go:61 *goflow.Task 5c44b40a-9faf-4992-b65a-41652480dc09 inserted
2017/08/01 12:55:01 [Info] access.go:61 *goflow.TaskActor 3f6ad79b-a1e1-47fd-9269-81e4acb4a2b7 inserted
2017/08/01 12:55:01 [Info] access.go:61 *goflow.Task ba603930-15f1-4571-88c0-9a85d92b66f9 inserted
2017/08/01 12:55:01 [Info] access.go:61 *goflow.TaskActor 93b74344-cb3d-4c84-bf9c-aa1367aa8793 inserted
2017/08/01 12:55:01 [Info] access.go:61 *goflow.Task fbea7927-0c69-4694-8987-b3af2c610050 inserted
2017/08/01 12:55:01 [Info] access.go:61 *goflow.TaskActor 9db35346-93b0-45b9-99b8-a7edc1f56ff7 inserted
2017/08/01 12:55:01 [Info] access.go:61 *goflow.Task 7fe6d6f1-68b8-4612-828c-3b50a60f8fc8 inserted
2017/08/01 12:55:01 [Info] access.go:61 *goflow.TaskActor 270d5619-1180-42fc-b76b-33323c2ad387 inserted
2017/08/01 12:55:01 [Info] access.go:61 *goflow.Task e91c5bfc-292d-4031-ac5b-a27534e83ad7 inserted
2017/08/01 12:55:01 [Info] access.go:61 *goflow.TaskActor 4f54d177-2603-4405-b08a-9db8cc1e2c17 inserted
2017/08/01 12:55:59 [Info] access.go:61 *goflow.Task 4daf1e1f-1bfd-4365-b77d-a65bafcb0c06 inserted
2017/08/01 12:55:59 [Info] access.go:61 *goflow.TaskActor 2aa8cea0-1407-40f4-acf6-6894a86e6efe inserted
2017/08/01 12:55:59 [Info] access.go:61 *goflow.Task 6f048080-aaa4-49d1-838b-884f33ff3d22 inserted
2017/08/01 12:55:59 [Info] access.go:61 *goflow.TaskActor e80d28b4-381b-4911-b233-0c979c8a19c9 inserted
2017/08/01 12:55:59 [Info] access.go:61 *goflow.Task e2e76ee5-3122-43ac-b822-7a524235ca9f inserted
2017/08/01 12:55:59 [Info] access.go:61 *goflow.TaskActor 13f28d9e-5721-4bbf-b8a9-a25cc8acac1a inserted
2017/08/01 12:55:59 [Info] access.go:61 *goflow.Task 4f3f126f-49ee-4815-afd8-b52041199a36 inserted
2017/08/01 12:55:59 [Info] access.go:61 *goflow.TaskActor 7ce7573b-ba6b-4ab3-9ea0-437f5556ee36 inserted
2017/08/01 12:55:59 [Info] access.go:61 *goflow.Task 0ba29cb8-1c2b-4be0-b58e-4bcc172f09e9 inserted
2017/08/01 12:55:59 [Info] access.go:61 *goflow.TaskActor 14171724-81b9-4f37-91e6-6fed62ac7af4 inserted
2017/08/01 12:55:59 [Info] access.go:61 *goflow.Task f1833926-9312-46de-97e1-4578fba1af55 inserted
2017/08/01 12:55:59 [Info] access.go:61 *goflow.TaskActor 471f89fd-bd66-4de1-a6f3-71bcb8cebcd8 inserted
2017/08/01 12:55:59 [Info] access.go:61 *goflow.Task 272a37df-6327-4680-b724-b16126750b57 inserted
2017/08/01 12:55:59 [Info] access.go:61 *goflow.TaskActor f01b7559-dc70-4e35-8103-790913248ce3 inserted
2017/08/01 12:55:59 [Info] access.go:61 *goflow.Task cd9a8455-9a22-4119-9c6d-99adef131084 inserted
2017/08/01 12:55:59 [Info] access.go:61 *goflow.TaskActor de9e8e4d-6ac1-465e-96b2-8b0a383b3b9a inserted
2017/08/01 12:55:59 [Info] access.go:61 *goflow.Task 0e26f5f2-d889-403e-becc-b150cb15c75d inserted
2017/08/01 12:55:59 [Info] access.go:61 *goflow.TaskActor 628598cc-ec21-4f00-b12d-3a56d6f5a8df inserted
2017/08/01 12:55:59 [Info] access.go:61 *goflow.Task 17f5882b-d1af-4fa6-9741-3ceb1b2af101 inserted
2017/08/01 12:55:59 [Info] access.go:61 *goflow.TaskActor 6e95a580-1a3a-41d6-ad9e-3c893c35ecce inserted
2017/08/01 12:55:59 [Info] access.go:61 *goflow.Task 92c2cfb5-fa1d-4b85-95d8-6562d2ea948e inserted
2017/08/01 12:55:59 [Info] access.go:61 *goflow.TaskActor 9a49b71e-525e-415a-8a94-1990e3387059 inserted
2017/08/01 12:55:59 [Info] access.go:61 *goflow.Task b814fb60-3433-430d-afef-c31c903d3588 inserted
2017/08/01 12:55:59 [Info] access.go:61 *goflow.TaskActor 2b9de7fc-b4d0-43cf-9fe2-4e7de0c05fbc inserted
2017/08/01 12:56:00 [Info] access.go:61 *goflow.Task 68c212e2-7602-49ed-bd14-1d109f5ee053 inserted
2017/08/01 12:56:00 [Info] access.go:61 *goflow.TaskActor e153ab10-975e-4a87-9c13-d1f5cc8f5a36 inserted
2017/08/01 12:56:00 [Info] access.go:61 *goflow.Task 18855851-0f76-4d26-b0f5-8fef0e7b2c3d inserted
2017/08/01 12:56:00 [Info] access.go:61 *goflow.TaskActor 41a3a6b2-78e5-4eca-8075-8027163c4423 inserted
2017/08/01 12:56:00 [Info] access.go:61 *goflow.Task 6e27f400-5066-4929-a8ae-adcf031ba582 inserted
2017/08/01 12:56:00 [Info] access.go:61 *goflow.TaskActor a3a45a81-f219-4f74-9b20-ebaa88f2975a inserted
2017/08/01 12:56:00 [Info] access.go:61 *goflow.Task e66145fb-9e61-4b37-85a1-8ac59049acf8 inserted
2017/08/01 12:56:00 [Info] access.go:61 *goflow.TaskActor 16602c4a-798a-4602-86c1-e36d237c6961 inserted
2017/08/01 12:56:05 [Info] access.go:61 *goflow.Task 3a11bc9b-a421-43ba-8057-cd8afadd8187 inserted
2017/08/01 12:56:05 [Info] access.go:61 *goflow.TaskActor bfd447b4-a07d-4222-bff7-b3a2fa0972de inserted
2017/08/01 12:56:06 [Info] access.go:61 *goflow.HistoryTask 6e27f400-5066-4929-a8ae-adcf031ba582 inserted
2017/08/01 12:56:06 [Info] access.go:79 *goflow.Task 6e27f400-5066-4929-a8ae-adcf031ba582 deleted
2017/08/01 12:56:06 [Info] access.go:61 *goflow.HistoryTaskActor a3a45a81-f219-4f74-9b20-ebaa88f2975a inserted
2017/08/01 12:56:06 [Info] access.go:79 *goflow.TaskActor a3a45a81-f219-4f74-9b20-ebaa88f2975a deleted
2017/08/01 12:56:06 [Info] access.go:61 *goflow.HistoryTask e66145fb-9e61-4b37-85a1-8ac59049acf8 inserted
2017/08/01 12:56:06 [Info] access.go:79 *goflow.Task e66145fb-9e61-4b37-85a1-8ac59049acf8 deleted
2017/08/01 12:56:06 [Info] access.go:61 *goflow.HistoryTaskActor 16602c4a-798a-4602-86c1-e36d237c6961 inserted
2017/08/01 12:56:06 [Info] access.go:79 *goflow.TaskActor 16602c4a-798a-4602-86c1-e36d237c6961 deleted
2017/08/01 12:56:06 [Info] access.go:61 *goflow.HistoryTask 3a11bc9b-a421-43ba-8057-cd8afadd8187 inserted
2017/08/01 12:56:06 [Info] access.go:79 *goflow.Task 3a11bc9b-a421-43ba-8057-cd8afadd8187 deleted
2017/08/01 12:56:06 [Info] access.go:61 *goflow.HistoryTaskActor bfd447b4-a07d-4222-bff7-b3a2fa0972de inserted
2017/08/01 12:56:06 [Info] access.go:79 *goflow.TaskActor bfd447b4-a07d-4222-bff7-b3a2fa0972de deleted
2017/08/01 12:56:06 [Info] access.go:61 *goflow.HistoryTask b07f5918-8099-4b11-9269-c1bc7c2f4627 inserted
2017/08/01 12:56:06 [Info] access.go:79 *goflow.Task b07f5918-8099-4b11-9269-c1bc7c2f4627 deleted
2017/08/01 12:56:06 [Info] access.go:61 *goflow.HistoryTaskActor de74c509-a0cf-48d9-814d-0fb705f112dd inserted
2017/08/01 12:56:06 [Info] access.go:79 *goflow.TaskActor de74c509-a0cf-48d9-814d-0fb705f112dd deleted
2017/08/01 12:56:06 [Info] access.go:61 *goflow.HistoryTask 4924da44-ece8-4040-ba64-0861ebc60a4c inserted
2017/08/01 12:56:06 [Info] access.go:79 *goflow.Task 4924da44-ece8-4040-ba64-0861ebc60a4c deleted
2017/08/01 12:56:06 [Info] access.go:61 *goflow.HistoryTaskActor a595d3f9-5165-48be-8f06-ad581cd2a64f inserted
2017/08/01 12:56:06 [Info] access.go:79 *goflow.TaskActor a595d3f9-5165-48be-8f06-ad581cd2a64f deleted
2017/08/01 12:56:06 [Info] access.go:61 *goflow.HistoryTask 17c168a3-1ab3-4c49-a72e-0b185b06e773 inserted
2017/08/01 12:56:06 [Info] access.go:79 *goflow.Task 17c168a3-1ab3-4c49-a72e-0b185b06e773 deleted
2017/08/01 12:56:06 [Info] access.go:61 *goflow.HistoryTaskActor a4abe9e2-3060-4649-b920-db6f72e3085b inserted
2017/08/01 12:56:06 [Info] access.go:79 *goflow.TaskActor a4abe9e2-3060-4649-b920-db6f72e3085b deleted
2017/08/01 12:56:06 [Info] access.go:61 *goflow.HistoryTask 4278dd99-3fa9-4f4b-be77-411d5c47d956 inserted
2017/08/01 12:56:06 [Info] access.go:79 *goflow.Task 4278dd99-3fa9-4f4b-be77-411d5c47d956 deleted
2017/08/01 12:56:06 [Info] access.go:61 *goflow.HistoryTaskActor 3a20a080-f74f-4bc2-8d6f-4be680b2d350 inserted
2017/08/01 12:56:06 [Info] access.go:79 *goflow.TaskActor 3a20a080-f74f-4bc2-8d6f-4be680b2d350 deleted
2017/08/01 12:56:06 [Info] access.go:61 *goflow.HistoryTask c4084c58-b487-45d5-9888-ce81b1171b38 inserted
2017/08/01 12:56:06 [Info] access.go:79 *goflow.Task c4084c58-b487-45d5-9888-ce81b1171b38 deleted
2017/08/01 12:56:06 [Info] access.go:61 *goflow.HistoryTaskActor 282085f6-095c-4fbb-adc4-821f7ea16328 inserted
2017/08/01 12:56:06 [Info] access.go:79 *goflow.TaskActor 282085f6-095c-4fbb-adc4-821f7ea16328 deleted
2017/08/01 12:56:06 [Info] access.go:61 *goflow.HistoryTask b016fac4-63aa-4cff-a850-29f1a0c44992 inserted
2017/08/01 12:56:06 [Info] access.go:79 *goflow.Task b016fac4-63aa-4cff-a850-29f1a0c44992 deleted
2017/08/01 12:56:06 [Info] access.go:61 *goflow.HistoryTaskActor ec71da34-a5dd-42d8-9e38-55f0add2b9e4 inserted
2017/08/01 12:56:06 [Info] access.go:79 *goflow.TaskActor ec71da34-a5dd-42d8-9e38-55f0add2b9e4 deleted
2017/08/01 12:56:06 [Info] access.go:61 *goflow.HistoryTask 45fcde95-726c-42b6-b9a5-0574463bbf27 inserted
2017/08/01 12:56:06 [Info] access.go:79 *goflow.Task 45fcde95-726c-42b6-b9a5-0574463bbf27 deleted
2017/08/01 12:56:06 [Info] access.go:61 *goflow.HistoryTaskActor e84d4699-0df7-4567-a580-9491b4b78d15 inserted
2017/08/01 12:56:06 [Info] access.go:79 *goflow.TaskActor e84d4699-0df7-4567-a580-9491b4b78d15 deleted
2017/08/01 12:56:06 [Info] access.go:61 *goflow.HistoryTask e5dfe02a-de4a-4f26-9779-7ab112f4c369 inserted
2017/08/01 12:56:06 [Info] access.go:79 *goflow.Task e5dfe02a-de4a-4f26-9779-7ab112f4c369 deleted
2017/08/01 12:56:06 [Info] access.go:61 *goflow.HistoryTaskActor 1617dd85-fdb3-476d-86fb-0cf3f717f2c9 inserted
2017/08/01 12:56:06 [Info] access.go:79 *goflow.TaskActor 1617dd85-fdb3-476d-86fb-0cf3f717f2c9 deleted
2017/08/01 12:56:06 [Info] access.go:61 *goflow.HistoryTask 337f2dca-88ed-4161-975a-663dd7f4a8cb inserted
2017/08/01 12:56:06 [Info] access.go:79 *goflow.Task 337f2dca-88ed-4161-975a-663dd7f4a8cb deleted
2017/08/01 12:56:06 [Info] access.go:61 *goflow.HistoryTaskActor f8e4b09e-0457-400c-9cef-874255379a56 inserted
2017/08/01 12:56:06 [Info] access.go:79 *goflow.TaskActor f8e4b09e-0457-400c-9cef-874255379a56 deleted
2017/08/01 12:56:06 [Info] access.go:61 *goflow.HistoryTask ac65783f-1794-44fd-ab39-644c16bc62cc inserted
2017/08/01 12:56:06 [Info] access.go:79 *goflow.Task ac65783f-1794-44fd-ab39-644c16bc62cc deleted
2017/08/01 12:56:06 [Info] access.go:61 *goflow.HistoryTaskActor 1c0f9bd4-0f9b-4954-95e0-7f226f3a1484 inserted
2017/08/01 12:56:06 [Info] access.go:79 *goflow.TaskActor 1c0f9bd4-0f9b-4954-95e0-7f226f3a1484 deleted
2017/08/01 12:56:06 [Info] access.go:61 *goflow.HistoryTask 06e6f26c-b9b9-40f4-bd4d-83142509f8f8 inserted
2017/08/01 12:56:06 [Info] access.go:79 *goflow.Task 06e6f26c-b9b9-40f4-bd4d-83142509f8f8 deleted
2017/08/01 12:56:06 [Info] access.go:61 *goflow.HistoryTaskActor c866a36f-8a77-49af-8804-2cd58a2700b4 inserted
2017/08/01 12:56:06 [Info] access.go:79 *goflow.TaskActor c866a36f-8a77-49af-8804-2cd58a2700b4 deleted
2017/08/01 12:56:06 [Info] access.go:61 *goflow.HistoryTask 5c44b40a-9faf-4992-b65a-41652480dc09 inserted
2017/08/01 12:56:06 [Info] access.go:79 *goflow.Task 5c44b40a-9faf-4992-b65a-41652480dc09 deleted
2017/08/01 12:56:06 [Info] access.go:61 *goflow.HistoryTaskActor 3f6ad79b-a1e1-47fd-9269-81e4acb4a2b7 inserted
2017/08/01 12:56:06 [Info] access.go:79 *goflow.TaskActor 3f6ad79b-a1e1-47fd-9269-81e4acb4a2b7 deleted
2017/08/01 12:56:06 [Info] access.go:61 *goflow.HistoryTask ba603930-15f1-4571-88c0-9a85d92b66f9 inserted
2017/08/01 12:56:06 [Info] access.go:79 *goflow.Task ba603930-15f1-4571-88c0-9a85d92b66f9 deleted
2017/08/01 12:56:06 [Info] access.go:61 *goflow.HistoryTaskActor 93b74344-cb3d-4c84-bf9c-aa1367aa8793 inserted
2017/08/01 12:56:06 [Info] access.go:79 *goflow.TaskActor 93b74344-cb3d-4c84-bf9c-aa1367aa8793 deleted
2017/08/01 12:56:06 [Info] access.go:61 *goflow.HistoryTask fbea7927-0c69-4694-8987-b3af2c610050 inserted
2017/08/01 12:56:06 [Info] access.go:79 *goflow.Task fbea7927-0c69-4694-8987-b3af2c610050 deleted
2017/08/01 12:56:06 [Info] access.go:61 *goflow.HistoryTaskActor 9db35346-93b0-45b9-99b8-a7edc1f56ff7 inserted
2017/08/01 12:56:06 [Info] access.go:79 *goflow.TaskActor 9db35346-93b0-45b9-99b8-a7edc1f56ff7 deleted
2017/08/01 12:56:06 [Info] access.go:61 *goflow.HistoryTask 7fe6d6f1-68b8-4612-828c-3b50a60f8fc8 inserted
2017/08/01 12:56:06 [Info] access.go:79 *goflow.Task 7fe6d6f1-68b8-4612-828c-3b50a60f8fc8 deleted
2017/08/01 12:56:06 [Info] access.go:61 *goflow.HistoryTaskActor 270d5619-1180-42fc-b76b-33323c2ad387 inserted
2017/08/01 12:56:06 [Info] access.go:79 *goflow.TaskActor 270d5619-1180-42fc-b76b-33323c2ad387 deleted
2017/08/01 12:56:06 [Info] access.go:61 *goflow.HistoryTask e91c5bfc-292d-4031-ac5b-a27534e83ad7 inserted
2017/08/01 12:56:06 [Info] access.go:79 *goflow.Task e91c5bfc-292d-4031-ac5b-a27534e83ad7 deleted
2017/08/01 12:56:06 [Info] access.go:61 *goflow.HistoryTaskActor 4f54d177-2603-4405-b08a-9db8cc1e2c17 inserted
2017/08/01 12:56:06 [Info] access.go:79 *goflow.TaskActor 4f54d177-2603-4405-b08a-9db8cc1e2c17 deleted
2017/08/01 12:56:06 [Info] access.go:61 *goflow.HistoryTask 4daf1e1f-1bfd-4365-b77d-a65bafcb0c06 inserted
2017/08/01 12:56:06 [Info] access.go:79 *goflow.Task 4daf1e1f-1bfd-4365-b77d-a65bafcb0c06 deleted
2017/08/01 12:56:06 [Info] access.go:61 *goflow.HistoryTaskActor 2aa8cea0-1407-40f4-acf6-6894a86e6efe inserted
2017/08/01 12:56:06 [Info] access.go:79 *goflow.TaskActor 2aa8cea0-1407-40f4-acf6-6894a86e6efe deleted
2017/08/01 12:56:06 [Info] access.go:61 *goflow.HistoryTask 6f048080-aaa4-49d1-838b-884f33ff3d22 inserted
2017/08/01 12:56:06 [Info] access.go:79 *goflow.Task 6f048080-aaa4-49d1-838b-884f33ff3d22 deleted
2017/08/01 12:56:06 [Info] access.go:61 *goflow.HistoryTaskActor e80d28b4-381b-4911-b233-0c979c8a19c9 inserted
2017/08/01 12:56:06 [Info] access.go:79 *goflow.TaskActor e80d28b4-381b-4911-b233-0c979c8a19c9 deleted
2017/08/01 12:56:06 [Info] access.go:61 *goflow.HistoryTask e2e76ee5-3122-43ac-b822-7a524235ca9f inserted
2017/08/01 12:56:06 [Info] access.go:79 *goflow.Task e2e76ee5-3122-43ac-b822-7a524235ca9f deleted
2017/08/01 12:56:06 [Info] access.go:61 *goflow.HistoryTaskActor 13f28d9e-5721-4bbf-b8a9-a25cc8acac1a inserted
2017/08/01 12:56:06 [Info] access.go:79 *goflow.TaskActor 13f28d9e-5721-4bbf-b8a9-a25cc8acac1a deleted
2017/08/01 12:56:06 [Info] access.go:61 *goflow.HistoryTask 4f3f126f-49ee-4815-afd8-b52041199a36 inserted
2017/08/01 12:56:06 [Info] access.go:79 *goflow.Task 4f3f126f-49ee-4815-afd8-b52041199a36 deleted
2017/08/01 12:56:06 [Info] access.go:61 *goflow.HistoryTaskActor 7ce7573b-ba6b-4ab3-9ea0-437f5556ee36 inserted
2017/08/01 12:56:06 [Info] access.go:79 *goflow.TaskActor 7ce7573b-ba6b-4ab3-9ea0-437f5556ee36 deleted
2017/08/01 12:56:06 [Info] access.go:61 *goflow.HistoryTask 0ba29cb8-1c2b-4be0-b58e-4bcc172f09e9 inserted
2017/08/01 12:56:06 [Info] access.go:79 *goflow.Task 0ba29cb8-1c2b-4be0-b58e-4bcc172f09e9 deleted
2017/08/01 12:56:06 [Info] access.go:61 *goflow.HistoryTaskActor 14171724-81b9-4f37-91e6-6fed62ac7af4 inserted
2017/08/01 12:56:06 [Info] access.go:79 *goflow.TaskActor 14171724-81b9-4f37-91e6-6fed62ac7af4 deleted
2017/08/01 12:56:06 [Info] access.go:61 *goflow.HistoryTask f1833926-9312-46de-97e1-4578fba1af55 inserted
2017/08/01 12:56:06 [Info] access.go:79 *goflow.Task f1833926-9312-46de-97e1-4578fba1af55 deleted
2017/08/01 12:56:06 [Info] access.go:61 *goflow.HistoryTaskActor 471f89fd-bd66-4de1-a6f3-71bcb8cebcd8 inserted
2017/08/01 12:56:06 [Info] access.go:79 *goflow.TaskActor 471f89fd-bd66-4de1-a6f3-71bcb8cebcd8 deleted
2017/08/01 12:56:06 [Info] access.go:61 *goflow.HistoryTask 272a37df-6327-4680-b724-b16126750b57 inserted
2017/08/01 12:56:06 [Info] access.go:79 *goflow.Task 272a37df-6327-4680-b724-b16126750b57 deleted
2017/08/01 12:56:06 [Info] access.go:61 *goflow.HistoryTaskActor f01b7559-dc70-4e35-8103-790913248ce3 inserted
2017/08/01 12:56:06 [Info] access.go:79 *goflow.TaskActor f01b7559-dc70-4e35-8103-790913248ce3 deleted
2017/08/01 12:56:06 [Info] access.go:61 *goflow.HistoryTask cd9a8455-9a22-4119-9c6d-99adef131084 inserted
2017/08/01 12:56:06 [Info] access.go:79 *goflow.Task cd9a8455-9a22-4119-9c6d-99adef131084 deleted
2017/08/01 12:56:06 [Info] access.go:61 *goflow.HistoryTaskActor de9e8e4d-6ac1-465e-96b2-8b0a383b3b9a inserted
2017/08/01 12:56:06 [Info] access.go:79 *goflow.TaskActor de9e8e4d-6ac1-465e-96b2-8b0a383b3b9a deleted
2017/08/01 12:56:06 [Info] access.go:61 *goflow.HistoryTask 0e26f5f2-d889-403e-becc-b150cb15c75d inserted
2017/08/01 12:56:06 [Info] access.go:79 *goflow.Task 0e26f5f2-d889-403e-becc-b150cb15c75d deleted
2017/08/01 12:56:06 [Info] access.go:61 *goflow.HistoryTaskActor 628598cc-ec21-4f00-b12d-3a56d6f5a8df inserted
2017/08/01 12:56:06 [Info] access.go:79 *goflow.TaskActor 628598cc-ec21-4f00-b12d-3a56d6f5a8df deleted
2017/08/01 12:56:06 [Info] access.go:61 *goflow.HistoryTask 17f5882b-d1af-4fa6-9741-3ceb1b2af101 inserted
2017/08/01 12:56:06 [Info] access.go:79 *goflow.Task 17f5882b-d1af-4fa6-9741-3ceb1b2af101 deleted
2017/08/01 12:56:06 [Info] access.go:61 *goflow.HistoryTaskActor 6e95a580-1a3a-41d6-ad9e-3c893c35ecce inserted
2017/08/01 12:56:06 [Info] access.go:79 *goflow.TaskActor 6e95a580-1a3a-41d6-ad9e-3c893c35ecce deleted
2017/08/01 12:56:06 [Info] access.go:61 *goflow.HistoryTask 92c2cfb5-fa1d-4b85-95d8-6562d2ea948e inserted
2017/08/01 12:56:06 [Info] access.go:79 *goflow.Task 92c2cfb5-fa1d-4b85-95d8-6562d2ea948e deleted
2017/08/01 12:56:06 [Info] access.go:61 *goflow.HistoryTaskActor 9a49b71e-525e-415a-8a94-1990e3387059 inserted
2017/08/01 12:56:06 [Info] access.go:79 *goflow.TaskActor 9a49b71e-525e-415a-8a94-1990e3387059 deleted
2017/08/01 12:56:06 [Info] access.go:61 *goflow.HistoryTask b814fb60-3433-430d-afef-c31c903d3588 inserted
2017/08/01 12:56:06 [Info] access.go:79 *goflow.Task b814fb60-3433-430d-afef-c31c903d3588 deleted
2017/08/01 12:56:06 [Info] access.go:61 *goflow.HistoryTaskActor 2b9de7fc-b4d0-43cf-9fe2-4e7de0c05fbc inserted
2017/08/01 12:56:06 [Info] access.go:79 *goflow.TaskActor 2b9de7fc-b4d0-43cf-9fe2-4e7de0c05fbc deleted
2017/08/01 12:56:06 [Info] access.go:61 *goflow.HistoryTask 68c212e2-7602-49ed-bd14-1d109f5ee053 inserted
2017/08/01 12:56:06 [Info] access.go:79 *goflow.Task 68c212e2-7602-49ed-bd14-1d109f5ee053 deleted
2017/08/01 12:56:06 [Info] access.go:61 *goflow.HistoryTaskActor e153ab10-975e-4a87-9c13-d1f5cc8f5a36 inserted
2017/08/01 12:56:06 [Info] access.go:79 *goflow.TaskActor e153ab10-975e-4a87-9c13-d1f5cc8f5a36 deleted
2017/08/01 12:56:06 [Info] access.go:61 *goflow.HistoryTask 18855851-0f76-4d26-b0f5-8fef0e7b2c3d inserted
2017/08/01 12:56:06 [Info] access.go:79 *goflow.Task 18855851-0f76-4d26-b0f5-8fef0e7b2c3d deleted
2017/08/01 12:56:06 [Info] access.go:61 *goflow.HistoryTaskActor 41a3a6b2-78e5-4eca-8075-8027163c4423 inserted
2017/08/01 12:56:06 [Info] access.go:79 *goflow.TaskActor 41a3a6b2-78e5-4eca-8075-8027163c4423 deleted
2017/08/01 12:56:06 [Info] access.go:70 *goflow.HistoryOrder ad8aebd5-a241-4936-97fe-9b49dff92866 updated
2017/08/01 12:56:06 [Info] access.go:79 *goflow.Order ad8aebd5-a241-4936-97fe-9b49dff92866 deleted
2017/08/01 17:50:42 [Info] access.go:30 user=%s password=%s host=%s port=%d dbname=%s sslmode=disable
2017/08/01 17:50:42 [Info] access.go:34 user=postgres password=123456 host=localhost port=5432 dbname=postgres sslmode=disable
2017/08/01 17:50:42 [Info] access.go:61 *goflow.Process a1152f8c-cc19-420e-b7db-1b3af7f2a935 inserted
2017/08/01 17:50:42 [Info] access.go:61 *goflow.Order 08372e68-7ef5-4ed3-97e6-26d2faf4b999 inserted
2017/08/01 17:50:42 [Info] access.go:61 *goflow.HistoryOrder 08372e68-7ef5-4ed3-97e6-26d2faf4b999 inserted
2017/08/01 17:50:42 [Info] access.go:61 *goflow.Task fb70ddb3-4608-4aab-b697-cfe1db0571e0 inserted
2017/08/01 17:50:42 [Info] access.go:61 *goflow.TaskActor e1f99477-8846-4808-a98d-5e0317dc9156 inserted
2017/08/01 17:50:42 [Info] access.go:61 *goflow.Task ca41a5ef-6e76-4433-b45b-2a9a659e89b7 inserted
2017/08/01 17:50:42 [Info] access.go:61 *goflow.TaskActor 43d847c9-d5d2-4076-b45e-0da3090c0c09 inserted
2017/08/01 17:52:56 [Info] access.go:61 *goflow.Task ce4b4d7b-75ba-472a-9385-2cb2680519b9 inserted
2017/08/01 17:52:56 [Info] access.go:61 *goflow.TaskActor af2e1d8d-700b-4a08-b867-13a84c63a16f inserted
2017/08/01 17:52:56 [Info] access.go:61 *goflow.Task 5c696306-2735-4ec7-a560-d9245d481f15 inserted
2017/08/01 17:52:56 [Info] access.go:61 *goflow.TaskActor bc83ae88-edb7-4e0a-bbbc-841460819fcb inserted
2017/08/01 17:53:01 [Info] access.go:61 *goflow.Task 96822c79-a87a-4d34-b0f4-735624760f85 inserted
2017/08/01 17:53:01 [Info] access.go:61 *goflow.TaskActor 1690c602-4843-476f-a657-b2d5fa1717ba inserted
2017/08/01 17:53:01 [Info] access.go:61 *goflow.Task aa8d049e-60d9-422d-baed-3ae9f9f888bd inserted
2017/08/01 17:53:01 [Info] access.go:61 *goflow.TaskActor a436f3e7-7679-4f05-8948-877955f6a8fd inserted
2017/08/01 17:53:01 [Info] access.go:61 *goflow.Task b5143c1b-15a8-4200-9b13-5c86dfc01043 inserted
2017/08/01 17:53:01 [Info] access.go:61 *goflow.TaskActor de80ed4e-caff-4f46-891e-4d80fadc81b7 inserted
2017/08/01 17:53:01 [Info] access.go:61 *goflow.Task 98d11e8e-60a3-4a45-b918-d272887957d9 inserted
2017/08/01 17:53:01 [Info] access.go:61 *goflow.TaskActor 436cb46c-00f8-4df5-b509-1cc972f2fdb0 inserted
2017/08/01 17:53:03 [Info] access.go:61 *goflow.Task ab6dae66-c681-4d03-ab75-853aeda6c1b1 inserted
2017/08/01 17:53:03 [Info] access.go:61 *goflow.TaskActor 31ba2760-af86-4b9f-8e6a-b4e2dfd08e77 inserted
2017/08/01 17:53:03 [Info] access.go:61 *goflow.Task f0eeff3c-e8bf-4b13-82c8-fdd8a7783a07 inserted
2017/08/01 17:53:03 [Info] access.go:61 *goflow.TaskActor d9915832-154f-4b93-b67d-de30359ad928 inserted
2017/08/01 17:53:03 [Info] access.go:61 *goflow.Task bdb5885f-77c6-443b-a0fd-6cbb9151acd9 inserted
2017/08/01 17:53:03 [Info] access.go:61 *goflow.TaskActor e2244304-053c-445f-a08c-a1415894f375 inserted
2017/08/01 17:53:03 [Info] access.go:61 *goflow.Task d0526725-d624-46e0-a06a-67e2edb83132 inserted
2017/08/01 17:53:03 [Info] access.go:61 *goflow.TaskActor 80032c64-3103-4a77-9adf-fa35fadaaf07 inserted
2017/08/01 17:53:03 [Info] access.go:61 *goflow.Task 4e2134d1-1f29-48e2-a438-4b54516aad9f inserted
2017/08/01 17:53:03 [Info] access.go:61 *goflow.TaskActor 754b0f20-c78f-4413-a9ef-40e58bb32789 inserted
2017/08/01 17:53:03 [Info] access.go:61 *goflow.Task be95f2e1-08eb-4808-a6e0-d7009e4e538e inserted
2017/08/01 17:53:03 [Info] access.go:61 *goflow.TaskActor 7a47e0c2-f0e3-4e44-aed5-47ad77d956a3 inserted
2017/08/01 17:53:03 [Info] access.go:61 *goflow.Task 7456fb53-f7a8-4266-bc03-16bfa4b2e78b inserted
2017/08/01 17:53:03 [Info] access.go:61 *goflow.TaskActor 2428b1bd-b343-44e2-9192-f98aeec22d27 inserted
2017/08/01 17:53:03 [Info] access.go:61 *goflow.Task b9c49cb8-bf56-4637-8c86-d4ec523d9d7d inserted
2017/08/01 17:53:03 [Info] access.go:61 *goflow.TaskActor bf1d15ba-1d6f-424a-a5bd-02cff8581c2c inserted
2017/08/01 17:53:06 [Info] access.go:61 *goflow.Task 2fb6b691-fffb-48b5-94c3-ade69c52bc0b inserted
2017/08/01 17:53:06 [Info] access.go:61 *goflow.TaskActor 3a086eb9-f3c4-438c-8552-495435697ae8 inserted
2017/08/01 17:53:06 [Info] access.go:61 *goflow.Task c0c75568-4a2a-4956-bc6a-441b0c999144 inserted
2017/08/01 17:53:06 [Info] access.go:61 *goflow.TaskActor 08d35f8d-0094-4a87-b55b-f1cd63cabb1d inserted
2017/08/01 17:53:06 [Info] access.go:61 *goflow.Task fb9489b2-eabe-4742-bea1-10c0538578e1 inserted
2017/08/01 17:53:06 [Info] access.go:61 *goflow.TaskActor 105c2f66-9565-4f1f-8135-fd8737bfce66 inserted
2017/08/01 17:53:06 [Info] access.go:61 *goflow.Task 7efe43fd-ed47-42a6-97fe-44c1637aa244 inserted
2017/08/01 17:53:06 [Info] access.go:61 *goflow.TaskActor 3ebbe2dc-3c5d-4376-9cb1-fe170c0ccc8d inserted
2017/08/01 17:53:06 [Info] access.go:61 *goflow.Task 024815fd-73a5-4e81-afe1-626239b7683e inserted
2017/08/01 17:53:06 [Info] access.go:61 *goflow.TaskActor 2c03b90a-7280-4001-9993-7ce0bb0f5445 inserted
2017/08/01 17:53:06 [Info] access.go:61 *goflow.Task b29eb05c-d8b9-4f41-8ead-7a55e6e309fd inserted
2017/08/01 17:53:06 [Info] access.go:61 *goflow.TaskActor 461687cd-8120-4ce6-bbad-a3f70d387c10 inserted
2017/08/01 17:53:06 [Info] access.go:61 *goflow.Task 41b5dffc-156c-44f0-afd0-551a31057970 inserted
2017/08/01 17:53:06 [Info] access.go:61 *goflow.TaskActor eb6a575c-809e-44d6-95db-8204da87e7ef inserted
2017/08/01 17:53:06 [Info] access.go:61 *goflow.Task e05f0621-537b-4cad-a8aa-904600ca8ad3 inserted
2017/08/01 17:53:06 [Info] access.go:61 *goflow.TaskActor 21056816-3144-4481-ad98-641ad68f5914 inserted
2017/08/01 17:53:06 [Info] access.go:61 *goflow.Task 2adcd65d-9afa-418a-ab63-f0954d9a876d inserted
2017/08/01 17:53:06 [Info] access.go:61 *goflow.TaskActor b7b8389e-89d6-40ac-8114-c8b55bdba08b inserted
2017/08/01 17:53:06 [Info] access.go:61 *goflow.Task c58e3ee2-98c0-41b4-b62b-75ceb36ee9cd inserted
2017/08/01 17:53:06 [Info] access.go:61 *goflow.TaskActor 6bce852e-b83d-429c-acea-8213ddd1cdcc inserted
2017/08/01 17:53:06 [Info] access.go:61 *goflow.Task c7359c3c-ccbd-4853-9650-8c2754e8dcc5 inserted
2017/08/01 17:53:06 [Info] access.go:61 *goflow.TaskActor 6998a6e1-ced0-419a-8342-6b62466968c2 inserted
2017/08/01 17:53:06 [Info] access.go:61 *goflow.Task 4a909e0d-2ccf-4bcd-9453-7525a2df604e inserted
2017/08/01 17:53:06 [Info] access.go:61 *goflow.TaskActor ebedc434-b199-45fc-bf8c-11e0f2abda44 inserted
2017/08/01 17:53:06 [Info] access.go:61 *goflow.Task 61c879c5-4dd0-4299-bda1-0d183a818330 inserted
2017/08/01 17:53:06 [Info] access.go:61 *goflow.TaskActor 60e6e9f0-c39d-4089-aef3-7c902381c43e inserted
2017/08/01 17:53:06 [Info] access.go:61 *goflow.Task dda45378-0613-4168-9975-4ff3b4403b42 inserted
2017/08/01 17:53:06 [Info] access.go:61 *goflow.TaskActor 56243dd5-72cc-4f0a-8f90-a156c5d6147a inserted
2017/08/01 17:53:06 [Info] access.go:61 *goflow.Task f81b0660-c531-4d8a-83f3-96f19963f16f inserted
2017/08/01 17:53:06 [Info] access.go:61 *goflow.TaskActor b28d6e7c-ee19-4f0b-8d0d-a05dca35a9ef inserted
2017/08/01 17:53:06 [Info] access.go:61 *goflow.Task df2df664-3551-439a-8849-6dd262ae7f0b inserted
2017/08/01 17:53:06 [Info] access.go:61 *goflow.TaskActor f637d837-4231-4b7b-ac1d-3a9ceb223d0d inserted
2017/08/01 17:53:08 [Info] access.go:61 *goflow.Task 110c4302-f443-42f8-b354-da9004b8336f inserted
2017/08/01 17:53:08 [Info] access.go:61 *goflow.TaskActor da9928a1-a892-426e-99e3-2d4d97ad3d8a inserted
2017/08/01 17:53:08 [Info] access.go:61 *goflow.Task 2e8d7f38-7aa0-4b11-92d5-141b5a21002f inserted
2017/08/01 17:53:08 [Info] access.go:61 *goflow.TaskActor 8f080ae7-ba80-46ba-914d-07aae5a2bbda inserted
2017/08/01 17:53:08 [Info] access.go:61 *goflow.Task 5ea9fd15-2f75-470d-b69d-56ba447aae79 inserted
2017/08/01 17:53:08 [Info] access.go:61 *goflow.TaskActor 575c37ac-709f-4224-978b-cd95bfaeed96 inserted
2017/08/01 17:53:08 [Info] access.go:61 *goflow.Task 0b96e1ac-63c5-4300-8a2b-ab7ba63b9773 inserted
2017/08/01 17:53:08 [Info] access.go:61 *goflow.TaskActor 6f9bd7ea-e24a-4469-8883-b2418a9e3b44 inserted
2017/08/01 17:53:08 [Info] access.go:61 *goflow.Task 9a1ad745-5792-43a7-8bf9-7ea801bbf173 inserted
2017/08/01 17:53:08 [Info] access.go:61 *goflow.TaskActor a13872e1-1f6a-402a-9fd3-a66115f2d7fb inserted
2017/08/01 17:53:08 [Info] access.go:61 *goflow.Task 4d75848d-a1ea-4236-94f3-630d0ae84128 inserted
2017/08/01 17:53:08 [Info] access.go:61 *goflow.TaskActor b61f6462-f94b-4ce4-a448-cf83fbbd1eb4 inserted
2017/08/01 17:53:08 [Info] access.go:61 *goflow.Task 18f08fd3-b806-40cf-b8d4-7414ed2bf40c inserted
2017/08/01 17:53:08 [Info] access.go:61 *goflow.TaskActor 69dda7b0-8f7b-460a-9f10-6997071e69c2 inserted
2017/08/01 17:53:08 [Info] access.go:61 *goflow.Task c866ffb1-ca0c-42ca-8e5f-ba5736a3423b inserted
2017/08/01 17:53:08 [Info] access.go:61 *goflow.TaskActor 7fd981e6-7ddb-43f1-8f12-43e4eaa76728 inserted
2017/08/01 17:53:08 [Info] access.go:61 *goflow.Task c0cd1467-2420-4507-894f-aec685d542cd inserted
2017/08/01 17:53:08 [Info] access.go:61 *goflow.TaskActor 6f114ef5-9243-4db1-9a50-fc662c1ba7c8 inserted
2017/08/01 17:53:08 [Info] access.go:61 *goflow.Task f3b3183a-edcc-40b4-b052-e1d152c41a98 inserted
2017/08/01 17:53:08 [Info] access.go:61 *goflow.TaskActor bd31c3b0-4683-4668-9841-24aaae765a50 inserted
2017/08/01 17:53:08 [Info] access.go:61 *goflow.Task 5959991a-11a9-4489-a7ef-9a93cbea1096 inserted
2017/08/01 17:53:08 [Info] access.go:61 *goflow.TaskActor 04327aed-a401-4702-9cb1-ab2e676a8e9d inserted
2017/08/01 17:53:08 [Info] access.go:61 *goflow.Task f337f31f-3134-4dda-b2d3-1c10bd32a1b6 inserted
2017/08/01 17:53:08 [Info] access.go:61 *goflow.TaskActor 5f624bc5-99b4-4112-9fb9-10bb12146284 inserted
2017/08/01 17:53:08 [Info] access.go:61 *goflow.Task 2bd8eb69-f3ae-48ce-9e59-b5a22d4b4897 inserted
2017/08/01 17:53:08 [Info] access.go:61 *goflow.TaskActor 56391e85-a010-4422-b731-2ec0c8483cac inserted
2017/08/01 17:53:08 [Info] access.go:61 *goflow.Task deb046a9-03d7-4a3f-b03b-dbe1a9ff90a4 inserted
2017/08/01 17:53:08 [Info] access.go:61 *goflow.TaskActor b2671993-a820-4ae8-a8dd-5a84d6d1ebd2 inserted
2017/08/01 17:53:08 [Info] access.go:61 *goflow.Task 374ffbaa-4366-4c39-9b59-df9481c7a283 inserted
2017/08/01 17:53:08 [Info] access.go:61 *goflow.TaskActor 3ee4c303-9517-42ce-af4c-c388ba34f9ca inserted
2017/08/01 17:53:08 [Info] access.go:61 *goflow.Task cb0ecc6c-a210-4943-846a-edc258b35545 inserted
2017/08/01 17:53:08 [Info] access.go:61 *goflow.TaskActor 45183a4d-bacc-4955-93d9-3b30aa3c3527 inserted
2017/08/01 17:53:08 [Info] access.go:61 *goflow.Task e917dc62-ff56-4108-9bb6-9a5cec019a98 inserted
2017/08/01 17:53:08 [Info] access.go:61 *goflow.TaskActor 80b660b8-2ec3-49f0-bcc7-42fcedb610e0 inserted
2017/08/01 17:53:08 [Info] access.go:61 *goflow.Task bd2dbdd7-d429-4543-9821-10b9933228e5 inserted
2017/08/01 17:53:08 [Info] access.go:61 *goflow.TaskActor 122af0c7-0b73-4940-b3d3-27d255d44fd7 inserted
2017/08/01 17:53:08 [Info] access.go:61 *goflow.Task bfcf0baa-1348-4f73-90b3-621734f2b813 inserted
2017/08/01 17:53:08 [Info] access.go:61 *goflow.TaskActor 54ae4654-aa54-4f87-8356-51f35ada4316 inserted
2017/08/01 17:53:08 [Info] access.go:61 *goflow.Task 9d41c2a5-5488-4cd6-9a3b-83cda00ab281 inserted
2017/08/01 17:53:08 [Info] access.go:61 *goflow.TaskActor 6c902667-4de2-44f6-850f-7425dbe563b2 inserted
2017/08/01 17:53:08 [Info] access.go:61 *goflow.Task bd6cd01b-40c2-49bc-a347-998848a8835e inserted
2017/08/01 17:53:08 [Info] access.go:61 *goflow.TaskActor bfd712c1-25c5-4ae0-9f16-ba6392a33248 inserted
2017/08/01 17:53:08 [Info] access.go:61 *goflow.Task 42ae53f6-600e-40d9-90dd-f5b14b9b315e inserted
2017/08/01 17:53:08 [Info] access.go:61 *goflow.TaskActor 70928ceb-4e9f-403e-a716-d46f5c031a17 inserted
2017/08/01 17:53:08 [Info] access.go:61 *goflow.Task fe21b29f-6166-48b4-82b8-b3b6e21af26c inserted
2017/08/01 17:53:08 [Info] access.go:61 *goflow.TaskActor 8123a89d-895a-4f83-8c33-335e4a0001ca inserted
2017/08/01 17:53:08 [Info] access.go:61 *goflow.Task c262ab51-4f06-4490-8f7d-1d2de6a9e2d7 inserted
2017/08/01 17:53:08 [Info] access.go:61 *goflow.TaskActor e9f26c1e-f0e6-4407-9877-f41c9e0919a8 inserted
2017/08/01 17:53:08 [Info] access.go:61 *goflow.Task 10e6fd15-5282-4417-be30-9acc7fb883b5 inserted
2017/08/01 17:53:08 [Info] access.go:61 *goflow.TaskActor 9b3527cf-ad61-49fc-9c56-1ca452de67a4 inserted
2017/08/01 17:53:08 [Info] access.go:61 *goflow.Task 1d600583-593d-41cf-b380-66a709edbd22 inserted
2017/08/01 17:53:08 [Info] access.go:61 *goflow.TaskActor e2cebad9-3d20-4ce3-9079-316720df69c6 inserted
2017/08/01 17:53:08 [Info] access.go:61 *goflow.Task 25fde5ed-1749-4079-a0fd-2ad3eff70db5 inserted
2017/08/01 17:53:08 [Info] access.go:61 *goflow.TaskActor f98f59b3-b5f0-4d0c-accc-d47168280b9e inserted
2017/08/01 17:53:08 [Info] access.go:61 *goflow.Task 2d1329bf-3672-4268-aad8-e488d36dfd07 inserted
2017/08/01 17:53:08 [Info] access.go:61 *goflow.TaskActor b356ca09-2553-41c1-be71-1e4c63310b8f inserted
2017/08/01 17:53:08 [Info] access.go:61 *goflow.Task 54227606-e02e-4cae-abdd-188cc31dea5f inserted
2017/08/01 17:53:08 [Info] access.go:61 *goflow.TaskActor 22b9e3b0-dd92-434b-8205-df69bb3b9431 inserted
2017/08/01 17:53:08 [Info] access.go:61 *goflow.Task ddac6f4b-3d59-4be6-9bca-82a7e8b94a55 inserted
2017/08/01 17:53:08 [Info] access.go:61 *goflow.TaskActor 4066bac0-4ce3-46be-9b4f-215bee4b73e0 inserted
2017/08/01 17:53:08 [Info] access.go:61 *goflow.Task 9c5d1b08-f71d-47ca-ad5b-cf52a0ec6606 inserted
2017/08/01 17:53:08 [Info] access.go:61 *goflow.TaskActor 91ec54cf-8912-450d-ab1f-153178f6b168 inserted
2017/08/01 17:53:08 [Info] access.go:61 *goflow.HistoryTask fb70ddb3-4608-4aab-b697-cfe1db0571e0 inserted
2017/08/01 17:53:09 [Info] access.go:79 *goflow.Task fb70ddb3-4608-4aab-b697-cfe1db0571e0 deleted
2017/08/01 17:53:09 [Info] access.go:61 *goflow.HistoryTaskActor e1f99477-8846-4808-a98d-5e0317dc9156 inserted
2017/08/01 17:53:09 [Info] access.go:79 *goflow.TaskActor e1f99477-8846-4808-a98d-5e0317dc9156 deleted
2017/08/01 17:53:09 [Info] access.go:61 *goflow.HistoryTask ca41a5ef-6e76-4433-b45b-2a9a659e89b7 inserted
2017/08/01 17:53:09 [Info] access.go:79 *goflow.Task ca41a5ef-6e76-4433-b45b-2a9a659e89b7 deleted
2017/08/01 17:53:09 [Info] access.go:61 *goflow.HistoryTaskActor 43d847c9-d5d2-4076-b45e-0da3090c0c09 inserted
2017/08/01 17:53:09 [Info] access.go:79 *goflow.TaskActor 43d847c9-d5d2-4076-b45e-0da3090c0c09 deleted
2017/08/01 17:53:09 [Info] access.go:61 *goflow.HistoryTask ce4b4d7b-75ba-472a-9385-2cb2680519b9 inserted
2017/08/01 17:53:09 [Info] access.go:79 *goflow.Task ce4b4d7b-75ba-472a-9385-2cb2680519b9 deleted
2017/08/01 17:53:09 [Info] access.go:61 *goflow.HistoryTaskActor af2e1d8d-700b-4a08-b867-13a84c63a16f inserted
2017/08/01 17:53:09 [Info] access.go:79 *goflow.TaskActor af2e1d8d-700b-4a08-b867-13a84c63a16f deleted
2017/08/01 17:53:09 [Info] access.go:61 *goflow.HistoryTask 5c696306-2735-4ec7-a560-d9245d481f15 inserted
2017/08/01 17:53:09 [Info] access.go:79 *goflow.Task 5c696306-2735-4ec7-a560-d9245d481f15 deleted
2017/08/01 17:53:09 [Info] access.go:61 *goflow.HistoryTaskActor bc83ae88-edb7-4e0a-bbbc-841460819fcb inserted
2017/08/01 17:53:09 [Info] access.go:79 *goflow.TaskActor bc83ae88-edb7-4e0a-bbbc-841460819fcb deleted
2017/08/01 17:53:09 [Info] access.go:61 *goflow.HistoryTask 96822c79-a87a-4d34-b0f4-735624760f85 inserted
2017/08/01 17:53:09 [Info] access.go:79 *goflow.Task 96822c79-a87a-4d34-b0f4-735624760f85 deleted
2017/08/01 17:53:09 [Info] access.go:61 *goflow.HistoryTaskActor 1690c602-4843-476f-a657-b2d5fa1717ba inserted
2017/08/01 17:53:09 [Info] access.go:79 *goflow.TaskActor 1690c602-4843-476f-a657-b2d5fa1717ba deleted
2017/08/01 17:53:09 [Info] access.go:61 *goflow.HistoryTask aa8d049e-60d9-422d-baed-3ae9f9f888bd inserted
2017/08/01 17:53:09 [Info] access.go:79 *goflow.Task aa8d049e-60d9-422d-baed-3ae9f9f888bd deleted
2017/08/01 17:53:09 [Info] access.go:61 *goflow.HistoryTaskActor a436f3e7-7679-4f05-8948-877955f6a8fd inserted
2017/08/01 17:53:09 [Info] access.go:79 *goflow.TaskActor a436f3e7-7679-4f05-8948-877955f6a8fd deleted
2017/08/01 17:53:09 [Info] access.go:61 *goflow.HistoryTask b5143c1b-15a8-4200-9b13-5c86dfc01043 inserted
2017/08/01 17:53:09 [Info] access.go:79 *goflow.Task b5143c1b-15a8-4200-9b13-5c86dfc01043 deleted
2017/08/01 17:53:09 [Info] access.go:61 *goflow.HistoryTaskActor de80ed4e-caff-4f46-891e-4d80fadc81b7 inserted
2017/08/01 17:53:09 [Info] access.go:79 *goflow.TaskActor de80ed4e-caff-4f46-891e-4d80fadc81b7 deleted
2017/08/01 17:53:09 [Info] access.go:61 *goflow.HistoryTask 98d11e8e-60a3-4a45-b918-d272887957d9 inserted
2017/08/01 17:53:09 [Info] access.go:79 *goflow.Task 98d11e8e-60a3-4a45-b918-d272887957d9 deleted
2017/08/01 17:53:09 [Info] access.go:61 *goflow.HistoryTaskActor 436cb46c-00f8-4df5-b509-1cc972f2fdb0 inserted
2017/08/01 17:53:09 [Info] access.go:79 *goflow.TaskActor 436cb46c-00f8-4df5-b509-1cc972f2fdb0 deleted
2017/08/01 17:53:09 [Info] access.go:61 *goflow.HistoryTask ab6dae66-c681-4d03-ab75-853aeda6c1b1 inserted
2017/08/01 17:53:09 [Info] access.go:79 *goflow.Task ab6dae66-c681-4d03-ab75-853aeda6c1b1 deleted
2017/08/01 17:53:09 [Info] access.go:61 *goflow.HistoryTaskActor 31ba2760-af86-4b9f-8e6a-b4e2dfd08e77 inserted
2017/08/01 17:53:09 [Info] access.go:79 *goflow.TaskActor 31ba2760-af86-4b9f-8e6a-b4e2dfd08e77 deleted
2017/08/01 17:53:09 [Info] access.go:61 *goflow.HistoryTask f0eeff3c-e8bf-4b13-82c8-fdd8a7783a07 inserted
2017/08/01 17:53:09 [Info] access.go:79 *goflow.Task f0eeff3c-e8bf-4b13-82c8-fdd8a7783a07 deleted
2017/08/01 17:53:09 [Info] access.go:61 *goflow.HistoryTaskActor d9915832-154f-4b93-b67d-de30359ad928 inserted
2017/08/01 17:53:09 [Info] access.go:79 *goflow.TaskActor d9915832-154f-4b93-b67d-de30359ad928 deleted
2017/08/01 17:53:09 [Info] access.go:61 *goflow.HistoryTask bdb5885f-77c6-443b-a0fd-6cbb9151acd9 inserted
2017/08/01 17:53:09 [Info] access.go:79 *goflow.Task bdb5885f-77c6-443b-a0fd-6cbb9151acd9 deleted
2017/08/01 17:53:09 [Info] access.go:61 *goflow.HistoryTaskActor e2244304-053c-445f-a08c-a1415894f375 inserted
2017/08/01 17:53:09 [Info] access.go:79 *goflow.TaskActor e2244304-053c-445f-a08c-a1415894f375 deleted
2017/08/01 17:53:09 [Info] access.go:61 *goflow.HistoryTask d0526725-d624-46e0-a06a-67e2edb83132 inserted
2017/08/01 17:53:09 [Info] access.go:79 *goflow.Task d0526725-d624-46e0-a06a-67e2edb83132 deleted
2017/08/01 17:53:09 [Info] access.go:61 *goflow.HistoryTaskActor 80032c64-3103-4a77-9adf-fa35fadaaf07 inserted
2017/08/01 17:53:09 [Info] access.go:79 *goflow.TaskActor 80032c64-3103-4a77-9adf-fa35fadaaf07 deleted
2017/08/01 17:53:09 [Info] access.go:61 *goflow.HistoryTask 4e2134d1-1f29-48e2-a438-4b54516aad9f inserted
2017/08/01 17:53:09 [Info] access.go:79 *goflow.Task 4e2134d1-1f29-48e2-a438-4b54516aad9f deleted
2017/08/01 17:53:09 [Info] access.go:61 *goflow.HistoryTaskActor 754b0f20-c78f-4413-a9ef-40e58bb32789 inserted
2017/08/01 17:53:09 [Info] access.go:79 *goflow.TaskActor 754b0f20-c78f-4413-a9ef-40e58bb32789 deleted
2017/08/01 17:53:09 [Info] access.go:61 *goflow.HistoryTask be95f2e1-08eb-4808-a6e0-d7009e4e538e inserted
2017/08/01 17:53:09 [Info] access.go:79 *goflow.Task be95f2e1-08eb-4808-a6e0-d7009e4e538e deleted
2017/08/01 17:53:09 [Info] access.go:61 *goflow.HistoryTaskActor 7a47e0c2-f0e3-4e44-aed5-47ad77d956a3 inserted
2017/08/01 17:53:09 [Info] access.go:79 *goflow.TaskActor 7a47e0c2-f0e3-4e44-aed5-47ad77d956a3 deleted
2017/08/01 17:53:09 [Info] access.go:61 *goflow.HistoryTask 7456fb53-f7a8-4266-bc03-16bfa4b2e78b inserted
2017/08/01 17:53:09 [Info] access.go:79 *goflow.Task 7456fb53-f7a8-4266-bc03-16bfa4b2e78b deleted
2017/08/01 17:53:09 [Info] access.go:61 *goflow.HistoryTaskActor 2428b1bd-b343-44e2-9192-f98aeec22d27 inserted
2017/08/01 17:53:09 [Info] access.go:79 *goflow.TaskActor 2428b1bd-b343-44e2-9192-f98aeec22d27 deleted
2017/08/01 17:53:09 [Info] access.go:61 *goflow.HistoryTask b9c49cb8-bf56-4637-8c86-d4ec523d9d7d inserted
2017/08/01 17:53:09 [Info] access.go:79 *goflow.Task b9c49cb8-bf56-4637-8c86-d4ec523d9d7d deleted
2017/08/01 17:53:09 [Info] access.go:61 *goflow.HistoryTaskActor bf1d15ba-1d6f-424a-a5bd-02cff8581c2c inserted
2017/08/01 17:53:09 [Info] access.go:79 *goflow.TaskActor bf1d15ba-1d6f-424a-a5bd-02cff8581c2c deleted
2017/08/01 17:53:09 [Info] access.go:61 *goflow.HistoryTask 2fb6b691-fffb-48b5-94c3-ade69c52bc0b inserted
2017/08/01 17:53:09 [Info] access.go:79 *goflow.Task 2fb6b691-fffb-48b5-94c3-ade69c52bc0b deleted
2017/08/01 17:53:09 [Info] access.go:61 *goflow.HistoryTaskActor 3a086eb9-f3c4-438c-8552-495435697ae8 inserted
2017/08/01 17:53:09 [Info] access.go:79 *goflow.TaskActor 3a086eb9-f3c4-438c-8552-495435697ae8 deleted
2017/08/01 17:53:09 [Info] access.go:61 *goflow.HistoryTask c0c75568-4a2a-4956-bc6a-441b0c999144 inserted
2017/08/01 17:53:09 [Info] access.go:79 *goflow.Task c0c75568-4a2a-4956-bc6a-441b0c999144 deleted
2017/08/01 17:53:09 [Info] access.go:61 *goflow.HistoryTaskActor 08d35f8d-0094-4a87-b55b-f1cd63cabb1d inserted
2017/08/01 17:53:09 [Info] access.go:79 *goflow.TaskActor 08d35f8d-0094-4a87-b55b-f1cd63cabb1d deleted
2017/08/01 17:53:09 [Info] access.go:61 *goflow.HistoryTask fb9489b2-eabe-4742-bea1-10c0538578e1 inserted
2017/08/01 17:53:09 [Info] access.go:79 *goflow.Task fb9489b2-eabe-4742-bea1-10c0538578e1 deleted
2017/08/01 17:53:09 [Info] access.go:61 *goflow.HistoryTaskActor 105c2f66-9565-4f1f-8135-fd8737bfce66 inserted
2017/08/01 17:53:09 [Info] access.go:79 *goflow.TaskActor 105c2f66-9565-4f1f-8135-fd8737bfce66 deleted
2017/08/01 17:53:09 [Info] access.go:61 *goflow.HistoryTask 7efe43fd-ed47-42a6-97fe-44c1637aa244 inserted
2017/08/01 17:53:09 [Info] access.go:79 *goflow.Task 7efe43fd-ed47-42a6-97fe-44c1637aa244 deleted
2017/08/01 17:53:09 [Info] access.go:61 *goflow.HistoryTaskActor 3ebbe2dc-3c5d-4376-9cb1-fe170c0ccc8d inserted
2017/08/01 17:53:09 [Info] access.go:79 *goflow.TaskActor 3ebbe2dc-3c5d-4376-9cb1-fe170c0ccc8d deleted
2017/08/01 17:53:09 [Info] access.go:61 *goflow.HistoryTask 024815fd-73a5-4e81-afe1-626239b7683e inserted
2017/08/01 17:53:09 [Info] access.go:79 *goflow.Task 024815fd-73a5-4e81-afe1-626239b7683e deleted
2017/08/01 17:53:09 [Info] access.go:61 *goflow.HistoryTaskActor 2c03b90a-7280-4001-9993-7ce0bb0f5445 inserted
2017/08/01 17:53:09 [Info] access.go:79 *goflow.TaskActor 2c03b90a-7280-4001-9993-7ce0bb0f5445 deleted
2017/08/01 17:53:09 [Info] access.go:61 *goflow.HistoryTask b29eb05c-d8b9-4f41-8ead-7a55e6e309fd inserted
2017/08/01 17:53:09 [Info] access.go:79 *goflow.Task b29eb05c-d8b9-4f41-8ead-7a55e6e309fd deleted
2017/08/01 17:53:09 [Info] access.go:61 *goflow.HistoryTaskActor 461687cd-8120-4ce6-bbad-a3f70d387c10 inserted
2017/08/01 17:53:09 [Info] access.go:79 *goflow.TaskActor 461687cd-8120-4ce6-bbad-a3f70d387c10 deleted
2017/08/01 17:53:09 [Info] access.go:61 *goflow.HistoryTask 41b5dffc-156c-44f0-afd0-551a31057970 inserted
2017/08/01 17:53:09 [Info] access.go:79 *goflow.Task 41b5dffc-156c-44f0-afd0-551a31057970 deleted
2017/08/01 17:53:09 [Info] access.go:61 *goflow.HistoryTaskActor eb6a575c-809e-44d6-95db-8204da87e7ef inserted
2017/08/01 17:53:09 [Info] access.go:79 *goflow.TaskActor eb6a575c-809e-44d6-95db-8204da87e7ef deleted
2017/08/01 17:53:09 [Info] access.go:61 *goflow.HistoryTask e05f0621-537b-4cad-a8aa-904600ca8ad3 inserted
2017/08/01 17:53:09 [Info] access.go:79 *goflow.Task e05f0621-537b-4cad-a8aa-904600ca8ad3 deleted
2017/08/01 17:53:09 [Info] access.go:61 *goflow.HistoryTaskActor 21056816-3144-4481-ad98-641ad68f5914 inserted
2017/08/01 17:53:09 [Info] access.go:79 *goflow.TaskActor 21056816-3144-4481-ad98-641ad68f5914 deleted
2017/08/01 17:53:09 [Info] access.go:61 *goflow.HistoryTask 2adcd65d-9afa-418a-ab63-f0954d9a876d inserted
2017/08/01 17:53:09 [Info] access.go:79 *goflow.Task 2adcd65d-9afa-418a-ab63-f0954d9a876d deleted
2017/08/01 17:53:09 [Info] access.go:61 *goflow.HistoryTaskActor b7b8389e-89d6-40ac-8114-c8b55bdba08b inserted
2017/08/01 17:53:09 [Info] access.go:79 *goflow.TaskActor b7b8389e-89d6-40ac-8114-c8b55bdba08b deleted
2017/08/01 17:53:09 [Info] access.go:61 *goflow.HistoryTask c58e3ee2-98c0-41b4-b62b-75ceb36ee9cd inserted
2017/08/01 17:53:09 [Info] access.go:79 *goflow.Task c58e3ee2-98c0-41b4-b62b-75ceb36ee9cd deleted
2017/08/01 17:53:09 [Info] access.go:61 *goflow.HistoryTaskActor 6bce852e-b83d-429c-acea-8213ddd1cdcc inserted
2017/08/01 17:53:09 [Info] access.go:79 *goflow.TaskActor 6bce852e-b83d-429c-acea-8213ddd1cdcc deleted
2017/08/01 17:53:09 [Info] access.go:61 *goflow.HistoryTask c7359c3c-ccbd-4853-9650-8c2754e8dcc5 inserted
2017/08/01 17:53:09 [Info] access.go:79 *goflow.Task c7359c3c-ccbd-4853-9650-8c2754e8dcc5 deleted
2017/08/01 17:53:09 [Info] access.go:61 *goflow.HistoryTaskActor 6998a6e1-ced0-419a-8342-6b62466968c2 inserted
2017/08/01 17:53:09 [Info] access.go:79 *goflow.TaskActor 6998a6e1-ced0-419a-8342-6b62466968c2 deleted
2017/08/01 17:53:09 [Info] access.go:61 *goflow.HistoryTask 4a909e0d-2ccf-4bcd-9453-7525a2df604e inserted
2017/08/01 17:53:09 [Info] access.go:79 *goflow.Task 4a909e0d-2ccf-4bcd-9453-7525a2df604e deleted
2017/08/01 17:53:09 [Info] access.go:61 *goflow.HistoryTaskActor ebedc434-b199-45fc-bf8c-11e0f2abda44 inserted
2017/08/01 17:53:09 [Info] access.go:79 *goflow.TaskActor ebedc434-b199-45fc-bf8c-11e0f2abda44 deleted
2017/08/01 17:53:09 [Info] access.go:61 *goflow.HistoryTask 61c879c5-4dd0-4299-bda1-0d183a818330 inserted
2017/08/01 17:53:09 [Info] access.go:79 *goflow.Task 61c879c5-4dd0-4299-bda1-0d183a818330 deleted
2017/08/01 17:53:09 [Info] access.go:61 *goflow.HistoryTaskActor 60e6e9f0-c39d-4089-aef3-7c902381c43e inserted
2017/08/01 17:53:09 [Info] access.go:79 *goflow.TaskActor 60e6e9f0-c39d-4089-aef3-7c902381c43e deleted
2017/08/01 17:53:09 [Info] access.go:61 *goflow.HistoryTask dda45378-0613-4168-9975-4ff3b4403b42 inserted
2017/08/01 17:53:09 [Info] access.go:79 *goflow.Task dda45378-0613-4168-9975-4ff3b4403b42 deleted
2017/08/01 17:53:09 [Info] access.go:61 *goflow.HistoryTaskActor 56243dd5-72cc-4f0a-8f90-a156c5d6147a inserted
2017/08/01 17:53:09 [Info] access.go:79 *goflow.TaskActor 56243dd5-72cc-4f0a-8f90-a156c5d6147a deleted
2017/08/01 17:53:09 [Info] access.go:61 *goflow.HistoryTask f81b0660-c531-4d8a-83f3-96f19963f16f inserted
2017/08/01 17:53:09 [Info] access.go:79 *goflow.Task f81b0660-c531-4d8a-83f3-96f19963f16f deleted
2017/08/01 17:53:09 [Info] access.go:61 *goflow.HistoryTaskActor b28d6e7c-ee19-4f0b-8d0d-a05dca35a9ef inserted
2017/08/01 17:53:09 [Info] access.go:79 *goflow.TaskActor b28d6e7c-ee19-4f0b-8d0d-a05dca35a9ef deleted
2017/08/01 17:53:09 [Info] access.go:61 *goflow.HistoryTask df2df664-3551-439a-8849-6dd262ae7f0b inserted
2017/08/01 17:53:09 [Info] access.go:79 *goflow.Task df2df664-3551-439a-8849-6dd262ae7f0b deleted
2017/08/01 17:53:09 [Info] access.go:61 *goflow.HistoryTaskActor f637d837-4231-4b7b-ac1d-3a9ceb223d0d inserted
2017/08/01 17:53:09 [Info] access.go:79 *goflow.TaskActor f637d837-4231-4b7b-ac1d-3a9ceb223d0d deleted
2017/08/01 17:53:09 [Info] access.go:61 *goflow.HistoryTask 110c4302-f443-42f8-b354-da9004b8336f inserted
2017/08/01 17:53:09 [Info] access.go:79 *goflow.Task 110c4302-f443-42f8-b354-da9004b8336f deleted
2017/08/01 17:53:09 [Info] access.go:61 *goflow.HistoryTaskActor da9928a1-a892-426e-99e3-2d4d97ad3d8a inserted
2017/08/01 17:53:09 [Info] access.go:79 *goflow.TaskActor da9928a1-a892-426e-99e3-2d4d97ad3d8a deleted
2017/08/01 17:53:09 [Info] access.go:61 *goflow.HistoryTask 2e8d7f38-7aa0-4b11-92d5-141b5a21002f inserted
2017/08/01 17:53:09 [Info] access.go:79 *goflow.Task 2e8d7f38-7aa0-4b11-92d5-141b5a21002f deleted
2017/08/01 17:53:09 [Info] access.go:61 *goflow.HistoryTaskActor 8f080ae7-ba80-46ba-914d-07aae5a2bbda inserted
2017/08/01 17:53:09 [Info] access.go:79 *goflow.TaskActor 8f080ae7-ba80-46ba-914d-07aae5a2bbda deleted
2017/08/01 17:53:09 [Info] access.go:61 *goflow.HistoryTask 5ea9fd15-2f75-470d-b69d-56ba447aae79 inserted
2017/08/01 17:53:09 [Info] access.go:79 *goflow.Task 5ea9fd15-2f75-470d-b69d-56ba447aae79 deleted
2017/08/01 17:53:09 [Info] access.go:61 *goflow.HistoryTaskActor 575c37ac-709f-4224-978b-cd95bfaeed96 inserted
2017/08/01 17:53:09 [Info] access.go:79 *goflow.TaskActor 575c37ac-709f-4224-978b-cd95bfaeed96 deleted
2017/08/01 17:53:09 [Info] access.go:61 *goflow.HistoryTask 0b96e1ac-63c5-4300-8a2b-ab7ba63b9773 inserted
2017/08/01 17:53:09 [Info] access.go:79 *goflow.Task 0b96e1ac-63c5-4300-8a2b-ab7ba63b9773 deleted
2017/08/01 17:53:09 [Info] access.go:61 *goflow.HistoryTaskActor 6f9bd7ea-e24a-4469-8883-b2418a9e3b44 inserted
2017/08/01 17:53:09 [Info] access.go:79 *goflow.TaskActor 6f9bd7ea-e24a-4469-8883-b2418a9e3b44 deleted
2017/08/01 17:53:09 [Info] access.go:61 *goflow.HistoryTask 9a1ad745-5792-43a7-8bf9-7ea801bbf173 inserted
2017/08/01 17:53:09 [Info] access.go:79 *goflow.Task 9a1ad745-5792-43a7-8bf9-7ea801bbf173 deleted
2017/08/01 17:53:09 [Info] access.go:61 *goflow.HistoryTaskActor a13872e1-1f6a-402a-9fd3-a66115f2d7fb inserted
2017/08/01 17:53:09 [Info] access.go:79 *goflow.TaskActor a13872e1-1f6a-402a-9fd3-a66115f2d7fb deleted
2017/08/01 17:53:09 [Info] access.go:61 *goflow.HistoryTask 4d75848d-a1ea-4236-94f3-630d0ae84128 inserted
2017/08/01 17:53:09 [Info] access.go:79 *goflow.Task 4d75848d-a1ea-4236-94f3-630d0ae84128 deleted
2017/08/01 17:53:09 [Info] access.go:61 *goflow.HistoryTaskActor b61f6462-f94b-4ce4-a448-cf83fbbd1eb4 inserted
2017/08/01 17:53:09 [Info] access.go:79 *goflow.TaskActor b61f6462-f94b-4ce4-a448-cf83fbbd1eb4 deleted
2017/08/01 17:53:09 [Info] access.go:61 *goflow.HistoryTask 18f08fd3-b806-40cf-b8d4-7414ed2bf40c inserted
2017/08/01 17:53:09 [Info] access.go:79 *goflow.Task 18f08fd3-b806-40cf-b8d4-7414ed2bf40c deleted
2017/08/01 17:53:09 [Info] access.go:61 *goflow.HistoryTaskActor 69dda7b0-8f7b-460a-9f10-6997071e69c2 inserted
2017/08/01 17:53:09 [Info] access.go:79 *goflow.TaskActor 69dda7b0-8f7b-460a-9f10-6997071e69c2 deleted
2017/08/01 17:53:09 [Info] access.go:61 *goflow.HistoryTask c866ffb1-ca0c-42ca-8e5f-ba5736a3423b inserted
2017/08/01 17:53:09 [Info] access.go:79 *goflow.Task c866ffb1-ca0c-42ca-8e5f-ba5736a3423b deleted
2017/08/01 17:53:09 [Info] access.go:61 *goflow.HistoryTaskActor 7fd981e6-7ddb-43f1-8f12-43e4eaa76728 inserted
2017/08/01 17:53:09 [Info] access.go:79 *goflow.TaskActor 7fd981e6-7ddb-43f1-8f12-43e4eaa76728 deleted
2017/08/01 17:53:09 [Info] access.go:61 *goflow.HistoryTask c0cd1467-2420-4507-894f-aec685d542cd inserted
2017/08/01 17:53:09 [Info] access.go:79 *goflow.Task c0cd1467-2420-4507-894f-aec685d542cd deleted
2017/08/01 17:53:09 [Info] access.go:61 *goflow.HistoryTaskActor 6f114ef5-9243-4db1-9a50-fc662c1ba7c8 inserted
2017/08/01 17:53:09 [Info] access.go:79 *goflow.TaskActor 6f114ef5-9243-4db1-9a50-fc662c1ba7c8 deleted
2017/08/01 17:53:09 [Info] access.go:61 *goflow.HistoryTask f3b3183a-edcc-40b4-b052-e1d152c41a98 inserted
2017/08/01 17:53:09 [Info] access.go:79 *goflow.Task f3b3183a-edcc-40b4-b052-e1d152c41a98 deleted
2017/08/01 17:53:09 [Info] access.go:61 *goflow.HistoryTaskActor bd31c3b0-4683-4668-9841-24aaae765a50 inserted
2017/08/01 17:53:09 [Info] access.go:79 *goflow.TaskActor bd31c3b0-4683-4668-9841-24aaae765a50 deleted
2017/08/01 17:53:09 [Info] access.go:61 *goflow.HistoryTask 5959991a-11a9-4489-a7ef-9a93cbea1096 inserted
2017/08/01 17:53:09 [Info] access.go:79 *goflow.Task 5959991a-11a9-4489-a7ef-9a93cbea1096 deleted
2017/08/01 17:53:09 [Info] access.go:61 *goflow.HistoryTaskActor 04327aed-a401-4702-9cb1-ab2e676a8e9d inserted
2017/08/01 17:53:09 [Info] access.go:79 *goflow.TaskActor 04327aed-a401-4702-9cb1-ab2e676a8e9d deleted
2017/08/01 17:53:09 [Info] access.go:61 *goflow.HistoryTask f337f31f-3134-4dda-b2d3-1c10bd32a1b6 inserted
2017/08/01 17:53:09 [Info] access.go:79 *goflow.Task f337f31f-3134-4dda-b2d3-1c10bd32a1b6 deleted
2017/08/01 17:53:09 [Info] access.go:61 *goflow.HistoryTaskActor 5f624bc5-99b4-4112-9fb9-10bb12146284 inserted
2017/08/01 17:53:09 [Info] access.go:79 *goflow.TaskActor 5f624bc5-99b4-4112-9fb9-10bb12146284 deleted
2017/08/01 17:53:09 [Info] access.go:61 *goflow.HistoryTask 2bd8eb69-f3ae-48ce-9e59-b5a22d4b4897 inserted
2017/08/01 17:53:09 [Info] access.go:79 *goflow.Task 2bd8eb69-f3ae-48ce-9e59-b5a22d4b4897 deleted
2017/08/01 17:53:09 [Info] access.go:61 *goflow.HistoryTaskActor 56391e85-a010-4422-b731-2ec0c8483cac inserted
2017/08/01 17:53:09 [Info] access.go:79 *goflow.TaskActor 56391e85-a010-4422-b731-2ec0c8483cac deleted
2017/08/01 17:53:09 [Info] access.go:61 *goflow.HistoryTask deb046a9-03d7-4a3f-b03b-dbe1a9ff90a4 inserted
2017/08/01 17:53:09 [Info] access.go:79 *goflow.Task deb046a9-03d7-4a3f-b03b-dbe1a9ff90a4 deleted
2017/08/01 17:53:09 [Info] access.go:61 *goflow.HistoryTaskActor b2671993-a820-4ae8-a8dd-5a84d6d1ebd2 inserted
2017/08/01 17:53:09 [Info] access.go:79 *goflow.TaskActor b2671993-a820-4ae8-a8dd-5a84d6d1ebd2 deleted
2017/08/01 17:53:09 [Info] access.go:61 *goflow.HistoryTask 374ffbaa-4366-4c39-9b59-df9481c7a283 inserted
2017/08/01 17:53:09 [Info] access.go:79 *goflow.Task 374ffbaa-4366-4c39-9b59-df9481c7a283 deleted
2017/08/01 17:53:09 [Info] access.go:61 *goflow.HistoryTaskActor 3ee4c303-9517-42ce-af4c-c388ba34f9ca inserted
2017/08/01 17:53:09 [Info] access.go:79 *goflow.TaskActor 3ee4c303-9517-42ce-af4c-c388ba34f9ca deleted
2017/08/01 17:53:09 [Info] access.go:61 *goflow.HistoryTask cb0ecc6c-a210-4943-846a-edc258b35545 inserted
2017/08/01 17:53:09 [Info] access.go:79 *goflow.Task cb0ecc6c-a210-4943-846a-edc258b35545 deleted
2017/08/01 17:53:09 [Info] access.go:61 *goflow.HistoryTaskActor 45183a4d-bacc-4955-93d9-3b30aa3c3527 inserted
2017/08/01 17:53:09 [Info] access.go:79 *goflow.TaskActor 45183a4d-bacc-4955-93d9-3b30aa3c3527 deleted
2017/08/01 17:53:09 [Info] access.go:61 *goflow.HistoryTask e917dc62-ff56-4108-9bb6-9a5cec019a98 inserted
2017/08/01 17:53:09 [Info] access.go:79 *goflow.Task e917dc62-ff56-4108-9bb6-9a5cec019a98 deleted
2017/08/01 17:53:09 [Info] access.go:61 *goflow.HistoryTaskActor 80b660b8-2ec3-49f0-bcc7-42fcedb610e0 inserted
2017/08/01 17:53:09 [Info] access.go:79 *goflow.TaskActor 80b660b8-2ec3-49f0-bcc7-42fcedb610e0 deleted
2017/08/01 17:53:09 [Info] access.go:61 *goflow.HistoryTask bd2dbdd7-d429-4543-9821-10b9933228e5 inserted
2017/08/01 17:53:09 [Info] access.go:79 *goflow.Task bd2dbdd7-d429-4543-9821-10b9933228e5 deleted
2017/08/01 17:53:09 [Info] access.go:61 *goflow.HistoryTaskActor 122af0c7-0b73-4940-b3d3-27d255d44fd7 inserted
2017/08/01 17:53:09 [Info] access.go:79 *goflow.TaskActor 122af0c7-0b73-4940-b3d3-27d255d44fd7 deleted
2017/08/01 17:53:09 [Info] access.go:61 *goflow.HistoryTask bfcf0baa-1348-4f73-90b3-621734f2b813 inserted
2017/08/01 17:53:09 [Info] access.go:79 *goflow.Task bfcf0baa-1348-4f73-90b3-621734f2b813 deleted
2017/08/01 17:53:09 [Info] access.go:61 *goflow.HistoryTaskActor 54ae4654-aa54-4f87-8356-51f35ada4316 inserted
2017/08/01 17:53:09 [Info] access.go:79 *goflow.TaskActor 54ae4654-aa54-4f87-8356-51f35ada4316 deleted
2017/08/01 17:53:09 [Info] access.go:61 *goflow.HistoryTask 9d41c2a5-5488-4cd6-9a3b-83cda00ab281 inserted
2017/08/01 17:53:09 [Info] access.go:79 *goflow.Task 9d41c2a5-5488-4cd6-9a3b-83cda00ab281 deleted
2017/08/01 17:53:09 [Info] access.go:61 *goflow.HistoryTaskActor 6c902667-4de2-44f6-850f-7425dbe563b2 inserted
2017/08/01 17:53:09 [Info] access.go:79 *goflow.TaskActor 6c902667-4de2-44f6-850f-7425dbe563b2 deleted
2017/08/01 17:53:09 [Info] access.go:61 *goflow.HistoryTask bd6cd01b-40c2-49bc-a347-998848a8835e inserted
2017/08/01 17:53:09 [Info] access.go:79 *goflow.Task bd6cd01b-40c2-49bc-a347-998848a8835e deleted
2017/08/01 17:53:09 [Info] access.go:61 *goflow.HistoryTaskActor bfd712c1-25c5-4ae0-9f16-ba6392a33248 inserted
2017/08/01 17:53:09 [Info] access.go:79 *goflow.TaskActor bfd712c1-25c5-4ae0-9f16-ba6392a33248 deleted
2017/08/01 17:53:09 [Info] access.go:61 *goflow.HistoryTask 42ae53f6-600e-40d9-90dd-f5b14b9b315e inserted
2017/08/01 17:53:09 [Info] access.go:79 *goflow.Task 42ae53f6-600e-40d9-90dd-f5b14b9b315e deleted
2017/08/01 17:53:09 [Info] access.go:61 *goflow.HistoryTaskActor 70928ceb-4e9f-403e-a716-d46f5c031a17 inserted
2017/08/01 17:53:09 [Info] access.go:79 *goflow.TaskActor 70928ceb-4e9f-403e-a716-d46f5c031a17 deleted
2017/08/01 17:53:09 [Info] access.go:61 *goflow.HistoryTask fe21b29f-6166-48b4-82b8-b3b6e21af26c inserted
2017/08/01 17:53:09 [Info] access.go:79 *goflow.Task fe21b29f-6166-48b4-82b8-b3b6e21af26c deleted
2017/08/01 17:53:09 [Info] access.go:61 *goflow.HistoryTaskActor 8123a89d-895a-4f83-8c33-335e4a0001ca inserted
2017/08/01 17:53:09 [Info] access.go:79 *goflow.TaskActor 8123a89d-895a-4f83-8c33-335e4a0001ca deleted
2017/08/01 17:53:09 [Info] access.go:61 *goflow.HistoryTask c262ab51-4f06-4490-8f7d-1d2de6a9e2d7 inserted
2017/08/01 17:53:09 [Info] access.go:79 *goflow.Task c262ab51-4f06-4490-8f7d-1d2de6a9e2d7 deleted
2017/08/01 17:53:09 [Info] access.go:61 *goflow.HistoryTaskActor e9f26c1e-f0e6-4407-9877-f41c9e0919a8 inserted
2017/08/01 17:53:09 [Info] access.go:79 *goflow.TaskActor e9f26c1e-f0e6-4407-9877-f41c9e0919a8 deleted
2017/08/01 17:53:09 [Info] access.go:61 *goflow.HistoryTask 10e6fd15-5282-4417-be30-9acc7fb883b5 inserted
2017/08/01 17:53:09 [Info] access.go:79 *goflow.Task 10e6fd15-5282-4417-be30-9acc7fb883b5 deleted
2017/08/01 17:53:09 [Info] access.go:61 *goflow.HistoryTaskActor 9b3527cf-ad61-49fc-9c56-1ca452de67a4 inserted
2017/08/01 17:53:09 [Info] access.go:79 *goflow.TaskActor 9b3527cf-ad61-49fc-9c56-1ca452de67a4 deleted
2017/08/01 17:53:09 [Info] access.go:61 *goflow.HistoryTask 1d600583-593d-41cf-b380-66a709edbd22 inserted
2017/08/01 17:53:09 [Info] access.go:79 *goflow.Task 1d600583-593d-41cf-b380-66a709edbd22 deleted
2017/08/01 17:53:09 [Info] access.go:61 *goflow.HistoryTaskActor e2cebad9-3d20-4ce3-9079-316720df69c6 inserted
2017/08/01 17:53:09 [Info] access.go:79 *goflow.TaskActor e2cebad9-3d20-4ce3-9079-316720df69c6 deleted
2017/08/01 17:53:09 [Info] access.go:61 *goflow.HistoryTask 25fde5ed-1749-4079-a0fd-2ad3eff70db5 inserted
2017/08/01 17:53:09 [Info] access.go:79 *goflow.Task 25fde5ed-1749-4079-a0fd-2ad3eff70db5 deleted
2017/08/01 17:53:09 [Info] access.go:61 *goflow.HistoryTaskActor f98f59b3-b5f0-4d0c-accc-d47168280b9e inserted
2017/08/01 17:53:09 [Info] access.go:79 *goflow.TaskActor f98f59b3-b5f0-4d0c-accc-d47168280b9e deleted
2017/08/01 17:53:09 [Info] access.go:61 *goflow.HistoryTask 2d1329bf-3672-4268-aad8-e488d36dfd07 inserted
2017/08/01 17:53:09 [Info] access.go:79 *goflow.Task 2d1329bf-3672-4268-aad8-e488d36dfd07 deleted
2017/08/01 17:53:09 [Info] access.go:61 *goflow.HistoryTaskActor b356ca09-2553-41c1-be71-1e4c63310b8f inserted
2017/08/01 17:53:09 [Info] access.go:79 *goflow.TaskActor b356ca09-2553-41c1-be71-1e4c63310b8f deleted
2017/08/01 17:53:09 [Info] access.go:61 *goflow.HistoryTask 54227606-e02e-4cae-abdd-188cc31dea5f inserted
2017/08/01 17:53:09 [Info] access.go:79 *goflow.Task 54227606-e02e-4cae-abdd-188cc31dea5f deleted
2017/08/01 17:53:09 [Info] access.go:61 *goflow.HistoryTaskActor 22b9e3b0-dd92-434b-8205-df69bb3b9431 inserted
2017/08/01 17:53:09 [Info] access.go:79 *goflow.TaskActor 22b9e3b0-dd92-434b-8205-df69bb3b9431 deleted
2017/08/01 17:53:09 [Info] access.go:61 *goflow.HistoryTask ddac6f4b-3d59-4be6-9bca-82a7e8b94a55 inserted
2017/08/01 17:53:09 [Info] access.go:79 *goflow.Task ddac6f4b-3d59-4be6-9bca-82a7e8b94a55 deleted
2017/08/01 17:53:09 [Info] access.go:61 *goflow.HistoryTaskActor 4066bac0-4ce3-46be-9b4f-215bee4b73e0 inserted
2017/08/01 17:53:09 [Info] access.go:79 *goflow.TaskActor 4066bac0-4ce3-46be-9b4f-215bee4b73e0 deleted
2017/08/01 17:53:09 [Info] access.go:61 *goflow.HistoryTask 9c5d1b08-f71d-47ca-ad5b-cf52a0ec6606 inserted
2017/08/01 17:53:09 [Info] access.go:79 *goflow.Task 9c5d1b08-f71d-47ca-ad5b-cf52a0ec6606 deleted
2017/08/01 17:53:09 [Info] access.go:61 *goflow.HistoryTaskActor 91ec54cf-8912-450d-ab1f-153178f6b168 inserted
2017/08/01 17:53:09 [Info] access.go:79 *goflow.TaskActor 91ec54cf-8912-450d-ab1f-153178f6b168 deleted
2017/08/01 17:53:09 [Info] access.go:70 *goflow.HistoryOrder 08372e68-7ef5-4ed3-97e6-26d2faf4b999 updated
2017/08/01 17:53:09 [Info] access.go:79 *goflow.Order 08372e68-7ef5-4ed3-97e6-26d2faf4b999 deleted
