2017/07/27 08:15:20 [Info] access.go:28 user=%s password=%s host=%s port=%d dbname=%s sslmode=disable
2017/07/27 08:15:20 [Info] access.go:32 user=postgres password=123456 host=localhost port=5432 dbname=postgres sslmode=disable
2017/07/27 08:15:20 [Info] access.go:58 *goflow.Process 26b4552d-e369-45e2-95f0-d7446c4c3c48 inserted
2017/07/27 08:18:51 [Info] access.go:58 *goflow.Order 9b154996-584f-475e-ae3d-b4d5ef2001e5 inserted
2017/07/27 08:18:51 [Info] access.go:58 *goflow.HistoryOrder 9b154996-584f-475e-ae3d-b4d5ef2001e5 inserted
2017/07/27 08:18:51 [Info] access.go:58 *goflow.Task 32d0c1a3-4cb7-4274-acd4-9724d8f7a229 inserted
2017/07/27 08:18:51 [Info] access.go:58 *goflow.TaskActor 041167d8-df49-4b08-98a2-15322ab977ef inserted
2017/07/27 08:42:44 [Info] access.go:28 user=%s password=%s host=%s port=%d dbname=%s sslmode=disable
2017/07/27 08:42:44 [Info] access.go:32 user=postgres password=123456 host=localhost port=5432 dbname=postgres sslmode=disable
2017/07/27 08:42:44 [Info] access.go:58 *goflow.Process 159c20c2-08bb-4c41-8030-bfb0719195f9 inserted
2017/07/27 08:42:50 [Info] access.go:58 *goflow.Order 66c46fd5-877d-438a-bdae-025281cabcc4 inserted
2017/07/27 08:42:50 [Info] access.go:58 *goflow.HistoryOrder 66c46fd5-877d-438a-bdae-025281cabcc4 inserted
2017/07/27 08:42:50 [Info] access.go:58 *goflow.Task 5627012e-e7b6-4b60-ba50-97a50c7cdda5 inserted
2017/07/27 08:42:50 [Info] access.go:58 *goflow.TaskActor 5bea97a2-9e23-4ae6-b497-f092b5364b89 inserted
2017/07/27 09:22:47 [Info] access.go:28 user=%s password=%s host=%s port=%d dbname=%s sslmode=disable
2017/07/27 09:22:47 [Info] access.go:32 user=postgres password=123456 host=localhost port=5432 dbname=postgres sslmode=disable
2017/07/27 09:22:48 [Info] access.go:58 *goflow.Process ff7143bd-1d89-4f9b-80a6-fee861d5d1f3 inserted
2017/07/27 09:22:54 [Info] access.go:58 *goflow.Order 48409aa9-9eb5-4ff3-bf83-6702fb4fce59 inserted
2017/07/27 09:22:54 [Info] access.go:58 *goflow.HistoryOrder 48409aa9-9eb5-4ff3-bf83-6702fb4fce59 inserted
2017/07/27 09:23:05 [Info] access.go:58 *goflow.Task 8002ae3d-9bc0-40f3-a875-ce87b18e3102 inserted
2017/07/27 09:23:05 [Info] access.go:58 *goflow.TaskActor 566af830-2255-4182-ad6c-19e63d754762 inserted
2017/07/27 09:27:34 [Info] access.go:28 user=%s password=%s host=%s port=%d dbname=%s sslmode=disable
2017/07/27 09:27:34 [Info] access.go:32 user=postgres password=123456 host=localhost port=5432 dbname=postgres sslmode=disable
2017/07/27 09:27:35 [Info] access.go:58 *goflow.Process 0c46edb5-38c3-4bdc-a0f8-97db3c08947b inserted
2017/07/27 09:27:38 [Info] access.go:58 *goflow.Order 31a9971a-399e-4a54-8827-85f78b3b72e7 inserted
2017/07/27 09:27:38 [Info] access.go:58 *goflow.HistoryOrder 31a9971a-399e-4a54-8827-85f78b3b72e7 inserted
2017/07/27 09:27:39 [Info] access.go:58 *goflow.Task 80fd5f09-428d-4d85-b742-beb0f4d69030 inserted
2017/07/27 09:27:39 [Info] access.go:58 *goflow.TaskActor fab9a198-b538-4bc0-b82a-f75818b1caec inserted
2017/07/27 09:35:25 [Info] access.go:28 user=%s password=%s host=%s port=%d dbname=%s sslmode=disable
2017/07/27 09:35:25 [Info] access.go:32 user=postgres password=123456 host=localhost port=5432 dbname=postgres sslmode=disable
2017/07/27 09:35:25 [Info] access.go:58 *goflow.Process 221fe0ef-6d50-4c21-a1b0-63473d46f539 inserted
2017/07/27 09:35:29 [Info] access.go:58 *goflow.Order 87769549-5aff-49d4-8eee-9e07bd55552d inserted
2017/07/27 09:35:29 [Info] access.go:58 *goflow.HistoryOrder 87769549-5aff-49d4-8eee-9e07bd55552d inserted
2017/07/27 09:35:31 [Info] access.go:58 *goflow.Task 60543f89-9618-4ac6-b4ce-46118317e83f inserted
2017/07/27 09:35:31 [Info] access.go:58 *goflow.TaskActor 39edfc56-e0dd-49ec-8f03-a897ee9fc559 inserted
2017/07/27 09:36:03 [Info] access.go:58 *goflow.HistoryTask 60543f89-9618-4ac6-b4ce-46118317e83f inserted
2017/07/27 09:36:03 [Info] access.go:74 *goflow.Task 60543f89-9618-4ac6-b4ce-46118317e83f deleted
2017/07/27 09:36:03 [Info] access.go:58 *goflow.HistoryTaskActor 39edfc56-e0dd-49ec-8f03-a897ee9fc559 inserted
2017/07/27 09:36:03 [Info] access.go:74 *goflow.TaskActor 39edfc56-e0dd-49ec-8f03-a897ee9fc559 deleted
2017/07/27 09:36:03 [Info] access.go:66 *goflow.HistoryOrder 87769549-5aff-49d4-8eee-9e07bd55552d updated
2017/07/27 09:36:03 [Info] access.go:74 *goflow.Order 87769549-5aff-49d4-8eee-9e07bd55552d deleted
2017/07/27 10:09:48 [Info] access.go:28 user=%s password=%s host=%s port=%d dbname=%s sslmode=disable
2017/07/27 10:09:48 [Info] access.go:32 user=postgres password=123456 host=localhost port=5432 dbname=postgres sslmode=disable
2017/07/27 10:09:49 [Info] access.go:58 *goflow.Process a468f1b4-f2f7-49ba-9674-9e3ac7629274 inserted
2017/07/27 10:09:49 [Info] access.go:58 *goflow.Order cf7d134f-6798-41ca-9592-ca9d2c47d207 inserted
2017/07/27 10:09:49 [Info] access.go:58 *goflow.HistoryOrder cf7d134f-6798-41ca-9592-ca9d2c47d207 inserted
2017/07/27 10:09:49 [Info] access.go:58 *goflow.Task dead6d30-6378-4e30-b1d7-df757c51a929 inserted
2017/07/27 10:09:49 [Info] access.go:58 *goflow.TaskActor e9d49165-cf61-4e70-9792-422f84332b59 inserted
2017/07/27 10:09:49 [Info] access.go:58 *goflow.Task d7e2b386-2f24-45fc-8122-80aa7c5c36c3 inserted
2017/07/27 10:09:49 [Info] access.go:58 *goflow.TaskActor 15a43462-c21a-42e9-bd16-98f9ebb86300 inserted
2017/07/27 10:11:39 [Info] access.go:28 user=%s password=%s host=%s port=%d dbname=%s sslmode=disable
2017/07/27 10:11:39 [Info] access.go:32 user=postgres password=123456 host=localhost port=5432 dbname=postgres sslmode=disable
2017/07/27 10:11:39 [Info] access.go:58 *goflow.Process e0245cc5-6847-469e-ae0e-2b4555a75bcb inserted
2017/07/27 10:11:39 [Info] access.go:58 *goflow.Order 41c746ce-5f09-4c46-880b-5476a33d89a8 inserted
2017/07/27 10:11:39 [Info] access.go:58 *goflow.HistoryOrder 41c746ce-5f09-4c46-880b-5476a33d89a8 inserted
2017/07/27 10:11:39 [Info] access.go:58 *goflow.Task 0a98749b-577b-4433-bd8e-031c7ae2356d inserted
2017/07/27 10:11:39 [Info] access.go:58 *goflow.TaskActor ed80b998-7584-4ee7-b7bb-7759ebfed19b inserted
2017/07/27 10:11:39 [Info] access.go:58 *goflow.Task 4ccd9e76-39ba-4f54-828c-f2d26efb4e48 inserted
2017/07/27 10:11:39 [Info] access.go:58 *goflow.TaskActor e5a770dc-daae-486e-a1a7-2d1a615d236e inserted
2017/07/27 10:17:41 [Info] access.go:28 user=%s password=%s host=%s port=%d dbname=%s sslmode=disable
2017/07/27 10:17:41 [Info] access.go:32 user=postgres password=123456 host=localhost port=5432 dbname=postgres sslmode=disable
2017/07/27 10:17:41 [Info] access.go:58 *goflow.Process 6d101862-9afb-4d40-b349-4fe8e7973703 inserted
2017/07/27 10:17:41 [Info] access.go:58 *goflow.Order f6a14105-1a65-44c3-9421-d87e1d5828d0 inserted
2017/07/27 10:17:41 [Info] access.go:58 *goflow.HistoryOrder f6a14105-1a65-44c3-9421-d87e1d5828d0 inserted
2017/07/27 10:17:41 [Info] access.go:58 *goflow.Task 659964a7-a7cc-450c-ab19-1bf2b67e5548 inserted
2017/07/27 10:17:41 [Info] access.go:58 *goflow.TaskActor 96ee8c8d-73fb-4471-be5f-91e7f189ad76 inserted
2017/07/27 10:17:41 [Info] access.go:58 *goflow.HistoryTask 659964a7-a7cc-450c-ab19-1bf2b67e5548 inserted
2017/07/27 10:17:41 [Info] access.go:74 *goflow.Task 659964a7-a7cc-450c-ab19-1bf2b67e5548 deleted
2017/07/27 10:17:41 [Info] access.go:58 *goflow.HistoryTaskActor 96ee8c8d-73fb-4471-be5f-91e7f189ad76 inserted
2017/07/27 10:17:41 [Info] access.go:74 *goflow.TaskActor 96ee8c8d-73fb-4471-be5f-91e7f189ad76 deleted
2017/07/27 10:17:41 [Info] access.go:66 *goflow.HistoryOrder f6a14105-1a65-44c3-9421-d87e1d5828d0 updated
2017/07/27 10:17:41 [Info] access.go:74 *goflow.Order f6a14105-1a65-44c3-9421-d87e1d5828d0 deleted
2017/07/27 10:32:31 [Info] access.go:28 user=%s password=%s host=%s port=%d dbname=%s sslmode=disable
2017/07/27 10:32:31 [Info] access.go:32 user=postgres password=123456 host=localhost port=5432 dbname=postgres sslmode=disable
2017/07/27 10:42:05 [Info] access.go:58 *goflow.Process f9b80513-74c4-41ee-b04a-c0b9ad4b0eb1 inserted
2017/07/27 10:44:56 [Info] access.go:58 *goflow.Order 68dccede-9e11-4b1f-83fe-2f997f56f8a3 inserted
2017/07/27 10:44:57 [Info] access.go:58 *goflow.HistoryOrder 68dccede-9e11-4b1f-83fe-2f997f56f8a3 inserted
2017/07/27 10:45:19 [Info] access.go:58 *goflow.Task d7cc19f1-8582-46da-ae1f-d672e0953d33 inserted
2017/07/27 10:45:19 [Info] access.go:58 *goflow.TaskActor b4b09561-a51a-4e95-84d7-6ab03cd8f396 inserted
2017/07/27 10:45:58 [Info] access.go:58 *goflow.Task b40db59a-828f-42a3-a329-73ea1f6be903 inserted
2017/07/27 10:45:58 [Info] access.go:58 *goflow.TaskActor b66a7da4-19dc-45a9-8c21-89f58f2a5a2f inserted
2017/07/27 10:51:42 [Info] access.go:28 user=%s password=%s host=%s port=%d dbname=%s sslmode=disable
2017/07/27 10:51:42 [Info] access.go:32 user=postgres password=123456 host=localhost port=5432 dbname=postgres sslmode=disable
2017/07/27 10:52:05 [Info] access.go:58 *goflow.Process 6ab5a087-e68e-4b32-a2e0-11073533cb9f inserted
2017/07/27 10:52:05 [Info] access.go:58 *goflow.Order f4217d50-9060-4342-b34b-6b2522fd7e67 inserted
2017/07/27 10:52:05 [Info] access.go:58 *goflow.HistoryOrder f4217d50-9060-4342-b34b-6b2522fd7e67 inserted
2017/07/27 10:52:45 [Info] access.go:58 *goflow.Task 9b1c6baa-d2ae-4894-838d-1cbbbf5c9ca5 inserted
2017/07/27 10:52:45 [Info] access.go:58 *goflow.TaskActor d6f78b90-c3e6-4a76-af56-95df134b58ed inserted
2017/07/27 10:53:10 [Info] access.go:58 *goflow.Task d5b8c07f-fa64-4f03-8900-41540df9241b inserted
2017/07/27 10:53:10 [Info] access.go:58 *goflow.TaskActor e56ff360-84bf-4b7d-b17f-f6d79432e357 inserted
2017/07/27 11:13:04 [Info] access.go:28 user=%s password=%s host=%s port=%d dbname=%s sslmode=disable
2017/07/27 11:13:04 [Info] access.go:32 user=postgres password=123456 host=localhost port=5432 dbname=postgres sslmode=disable
2017/07/27 11:13:29 [Info] access.go:58 *goflow.Process faa84c5f-1688-4de4-a861-b83cd4528a32 inserted
2017/07/27 11:13:29 [Info] access.go:58 *goflow.Order a16d906c-5dfa-40a6-88bb-56be9be61302 inserted
2017/07/27 11:13:29 [Info] access.go:58 *goflow.HistoryOrder a16d906c-5dfa-40a6-88bb-56be9be61302 inserted
2017/07/27 11:13:47 [Info] access.go:58 *goflow.Task 198568be-20c0-486b-ab43-432f94be4ec9 inserted
2017/07/27 11:13:47 [Info] access.go:58 *goflow.TaskActor c9e980f8-ea9c-45ba-bf34-daacd9f66aa2 inserted
2017/07/27 12:51:22 [Info] access.go:58 *goflow.Task be076bd4-3d0d-4d57-bb55-b13a4b22658a inserted
2017/07/27 12:51:22 [Info] access.go:58 *goflow.TaskActor 037906df-11d0-4741-88b0-69b1f58a5c16 inserted
2017/07/27 13:13:22 [Info] access.go:28 user=%s password=%s host=%s port=%d dbname=%s sslmode=disable
2017/07/27 13:13:22 [Info] access.go:32 user=postgres password=123456 host=localhost port=5432 dbname=postgres sslmode=disable
2017/07/27 13:15:55 [Info] access.go:58 *goflow.Process 2857e282-708b-45a0-8a04-815a1c940307 inserted
2017/07/27 13:17:07 [Info] access.go:58 *goflow.Order 199d9d70-1bb2-4120-b54a-062ff7417a19 inserted
2017/07/27 13:18:01 [Info] access.go:58 *goflow.HistoryOrder 199d9d70-1bb2-4120-b54a-062ff7417a19 inserted
2017/07/27 13:22:50 [Info] access.go:58 *goflow.Task e0135a27-31ef-4ac2-bcfe-a437029bd1b4 inserted
2017/07/27 13:23:03 [Info] access.go:58 *goflow.TaskActor 72bc12bc-c7d4-47c6-b402-1c221bf9bec5 inserted
2017/07/27 13:23:35 [Info] access.go:58 *goflow.Task 4537ab43-c9c6-47c0-9a8c-e008b2b4f037 inserted
2017/07/27 13:23:47 [Info] access.go:58 *goflow.TaskActor 3d4fd374-7bcc-4c56-8b1a-72d878e07dd0 inserted
2017/07/27 13:24:32 [Info] access.go:28 user=%s password=%s host=%s port=%d dbname=%s sslmode=disable
2017/07/27 13:24:32 [Info] access.go:32 user=postgres password=123456 host=localhost port=5432 dbname=postgres sslmode=disable
2017/07/27 13:24:47 [Info] access.go:58 *goflow.Process a0963a30-2889-422a-9c9c-ac1c84127833 inserted
2017/07/27 13:24:52 [Info] access.go:58 *goflow.Order 4ae364f6-7a80-4461-9b70-99401cfd6d10 inserted
2017/07/27 13:24:55 [Info] access.go:58 *goflow.HistoryOrder 4ae364f6-7a80-4461-9b70-99401cfd6d10 inserted
2017/07/27 13:28:11 [Info] access.go:58 *goflow.Task e8d546a7-8e36-4f68-abd4-a8d9f67458ba inserted
2017/07/27 13:28:12 [Info] access.go:58 *goflow.TaskActor baa6f83b-1318-427e-9d05-ab521450aa45 inserted
2017/07/27 13:28:36 [Info] access.go:58 *goflow.Task c1599017-87ce-4ef7-8de0-87e642344645 inserted
2017/07/27 13:28:39 [Info] access.go:58 *goflow.TaskActor e0ee6fbd-c2f0-41fa-9ef1-782f407b3e4e inserted
2017/07/27 13:29:57 [Info] access.go:28 user=%s password=%s host=%s port=%d dbname=%s sslmode=disable
2017/07/27 13:29:57 [Info] access.go:32 user=postgres password=123456 host=localhost port=5432 dbname=postgres sslmode=disable
2017/07/27 13:30:11 [Info] access.go:58 *goflow.Process a881d426-f5ad-445c-91c7-9fbe3d0e0fcc inserted
2017/07/27 13:30:25 [Info] access.go:58 *goflow.Order ea3e4f76-7477-491c-9cfd-d5a3130ff6c1 inserted
2017/07/27 13:30:26 [Info] access.go:58 *goflow.HistoryOrder ea3e4f76-7477-491c-9cfd-d5a3130ff6c1 inserted
2017/07/27 13:34:19 [Info] access.go:28 user=%s password=%s host=%s port=%d dbname=%s sslmode=disable
2017/07/27 13:34:19 [Info] access.go:32 user=postgres password=123456 host=localhost port=5432 dbname=postgres sslmode=disable
2017/07/27 13:34:38 [Info] access.go:58 *goflow.Process 09060ab1-dc6e-4be3-b6b2-3b25dbb27787 inserted
2017/07/27 13:36:17 [Info] access.go:58 *goflow.Order ee3b7f31-8fbf-459c-9967-8fd289fddd41 inserted
2017/07/27 13:36:18 [Info] access.go:58 *goflow.HistoryOrder ee3b7f31-8fbf-459c-9967-8fd289fddd41 inserted
2017/07/27 18:07:50 [Info] access.go:28 user=%s password=%s host=%s port=%d dbname=%s sslmode=disable
2017/07/27 18:07:50 [Info] access.go:32 user=postgres password=123456 host=localhost port=5432 dbname=postgres sslmode=disable
2017/07/27 18:08:41 [Info] access.go:58 *goflow.Process f82ad45a-aff6-452c-a1b8-3193a99e768d inserted
2017/07/27 18:08:49 [Info] access.go:58 *goflow.Order e0874fde-ff80-44d4-872a-b1f56fc475f1 inserted
2017/07/27 18:08:50 [Info] access.go:58 *goflow.HistoryOrder e0874fde-ff80-44d4-872a-b1f56fc475f1 inserted
2017/07/27 20:44:44 [Info] access.go:28 user=%s password=%s host=%s port=%d dbname=%s sslmode=disable
2017/07/27 20:44:44 [Info] access.go:32 user=postgres password=123456 host=localhost port=5432 dbname=postgres sslmode=disable
2017/07/27 20:45:36 [Info] access.go:58 *goflow.Process 80007c9c-9103-4107-af6c-4a6292cf575c inserted
2017/07/27 20:45:51 [Info] access.go:58 *goflow.Order 22f3cba1-4257-4d78-be9c-74c8f8292d89 inserted
2017/07/27 20:46:07 [Info] access.go:58 *goflow.HistoryOrder 22f3cba1-4257-4d78-be9c-74c8f8292d89 inserted
2017/07/27 21:15:40 [Info] access.go:28 user=%s password=%s host=%s port=%d dbname=%s sslmode=disable
2017/07/27 21:15:40 [Info] access.go:32 user=postgres password=123456 host=localhost port=5432 dbname=postgres sslmode=disable
2017/07/27 21:16:03 [Info] access.go:58 *goflow.Process 1ec00d52-15fa-48f7-9f64-e31be3d03270 inserted
2017/07/27 21:16:10 [Info] access.go:58 *goflow.Order 9119efa3-d2e1-45f3-b64c-d368a4ffb1d3 inserted
2017/07/27 21:16:11 [Info] access.go:58 *goflow.HistoryOrder 9119efa3-d2e1-45f3-b64c-d368a4ffb1d3 inserted
